/home/gsm0197/sralab_working/lstm_FullData/trial10/jt2_pos/lstm.py:48: UserWarning: Creating a tensor from a list of numpy.ndarrays is extremely slow. Please consider converting the list to a single numpy.ndarray with numpy.array() before converting to a tensor. (Triggered internally at /pytorch/torch/csrc/utils/tensor_new.cpp:254.)
  return torch.tensor(X, dtype=torch.float32), torch.tensor(y, dtype=torch.float32)
Using device: cuda
Training data shape: (3440201, 19)
Validation data shape: (982916, 19)
torch.Size([344013, 50, 8]) torch.Size([344013, 50, 1])
torch.Size([98285, 50, 8]) torch.Size([98285, 50, 1])
Epoch 0: Train MSE 0.6781, Validation MSE 0.5999
Epoch 0 training time: 58.81263470649719
Epoch 1: Train MSE 0.4727, Validation MSE 0.3491
Epoch 1 training time: 45.926711559295654
Epoch 2: Train MSE 0.2050, Validation MSE 0.1222
Epoch 2 training time: 41.37366008758545
Epoch 3: Train MSE 0.0856, Validation MSE 0.0732
Epoch 3 training time: 34.31457543373108
Epoch 4: Train MSE 0.0636, Validation MSE 0.0614
Epoch 4 training time: 30.918145179748535
Epoch 5: Train MSE 0.0557, Validation MSE 0.0541
Epoch 5 training time: 42.859673261642456
Epoch 6: Train MSE 0.0491, Validation MSE 0.0477
Epoch 6 training time: 104.86111283302307
Epoch 7: Train MSE 0.0430, Validation MSE 0.0417
Epoch 7 training time: 41.33232259750366
Epoch 8: Train MSE 0.0375, Validation MSE 0.0361
Epoch 8 training time: 22.738420963287354
Epoch 9: Train MSE 0.0325, Validation MSE 0.0314
Epoch 9 training time: 37.51846885681152
Epoch 10: Train MSE 0.0284, Validation MSE 0.0274
Epoch 10 training time: 29.884982109069824
Epoch 11: Train MSE 0.0250, Validation MSE 0.0241
Epoch 11 training time: 42.26992869377136
Epoch 12: Train MSE 0.0222, Validation MSE 0.0214
Epoch 12 training time: 86.50245141983032
Epoch 13: Train MSE 0.0199, Validation MSE 0.0191
Epoch 13 training time: 81.30774116516113
Epoch 14: Train MSE 0.0179, Validation MSE 0.0172
Epoch 14 training time: 43.55183744430542
Epoch 15: Train MSE 0.0162, Validation MSE 0.0156
Epoch 15 training time: 8.427042484283447
Epoch 16: Train MSE 0.0147, Validation MSE 0.0142
Epoch 16 training time: 85.70644569396973
Epoch 17: Train MSE 0.0135, Validation MSE 0.0129
Epoch 17 training time: 38.973593950271606
Epoch 18: Train MSE 0.0123, Validation MSE 0.0119
Epoch 18 training time: 43.11683511734009
Epoch 19: Train MSE 0.0114, Validation MSE 0.0110
Epoch 19 training time: 28.642601251602173
Epoch 20: Train MSE 0.0106, Validation MSE 0.0103
Epoch 20 training time: 36.772775411605835
Epoch 21: Train MSE 0.0099, Validation MSE 0.0096
Epoch 21 training time: 102.29997539520264
Epoch 22: Train MSE 0.0092, Validation MSE 0.0090
Epoch 22 training time: 83.39983654022217
Epoch 23: Train MSE 0.0087, Validation MSE 0.0085
Epoch 23 training time: 58.1599657535553
Epoch 24: Train MSE 0.0082, Validation MSE 0.0080
Epoch 24 training time: 36.50579237937927
Epoch 25: Train MSE 0.0078, Validation MSE 0.0076
Epoch 25 training time: 84.39422130584717
Epoch 26: Train MSE 0.0074, Validation MSE 0.0072
Epoch 26 training time: 42.6211724281311
Epoch 27: Train MSE 0.0071, Validation MSE 0.0069
Epoch 27 training time: 47.35067844390869
Epoch 28: Train MSE 0.0068, Validation MSE 0.0067
Epoch 28 training time: 73.350670337677
Epoch 29: Train MSE 0.0066, Validation MSE 0.0064
Epoch 29 training time: 39.416260957717896
Epoch 30: Train MSE 0.0063, Validation MSE 0.0062
Epoch 30 training time: 48.73820376396179
Epoch 31: Train MSE 0.0061, Validation MSE 0.0060
Epoch 31 training time: 69.7201738357544
Epoch 32: Train MSE 0.0060, Validation MSE 0.0058
Epoch 32 training time: 48.028313636779785
Epoch 33: Train MSE 0.0058, Validation MSE 0.0057
Epoch 33 training time: 69.18610644340515
Epoch 34: Train MSE 0.0057, Validation MSE 0.0055
Epoch 34 training time: 59.32383918762207
Epoch 35: Train MSE 0.0055, Validation MSE 0.0054
Epoch 35 training time: 51.37310433387756
Epoch 36: Train MSE 0.0054, Validation MSE 0.0053
Epoch 36 training time: 76.67804002761841
Epoch 37: Train MSE 0.0053, Validation MSE 0.0052
Epoch 37 training time: 66.01389622688293
Epoch 38: Train MSE 0.0052, Validation MSE 0.0051
Epoch 38 training time: 90.36447286605835
Epoch 39: Train MSE 0.0052, Validation MSE 0.0051
Epoch 39 training time: 36.467395067214966
Epoch 40: Train MSE 0.0051, Validation MSE 0.0050
Epoch 40 training time: 47.797327280044556
Epoch 41: Train MSE 0.0050, Validation MSE 0.0049
Epoch 41 training time: 111.88605523109436
Epoch 42: Train MSE 0.0050, Validation MSE 0.0049
Epoch 42 training time: 65.59448981285095
Epoch 43: Train MSE 0.0049, Validation MSE 0.0048
Epoch 43 training time: 76.55866408348083
Epoch 44: Train MSE 0.0049, Validation MSE 0.0048
Epoch 44 training time: 60.44699764251709
Epoch 45: Train MSE 0.0049, Validation MSE 0.0048
Epoch 45 training time: 89.4475884437561
Epoch 46: Train MSE 0.0048, Validation MSE 0.0047
Epoch 46 training time: 67.23614430427551
Epoch 47: Train MSE 0.0048, Validation MSE 0.0047
Epoch 47 training time: 40.227582693099976
Epoch 48: Train MSE 0.0048, Validation MSE 0.0047
Epoch 48 training time: 36.163769006729126
Epoch 49: Train MSE 0.0047, Validation MSE 0.0046
Epoch 49 training time: 35.02275347709656
Epoch 50: Train MSE 0.0047, Validation MSE 0.0046
Epoch 50 training time: 32.400668144226074
Epoch 51: Train MSE 0.0047, Validation MSE 0.0046
Epoch 51 training time: 61.23025345802307
Epoch 52: Train MSE 0.0047, Validation MSE 0.0046
Epoch 52 training time: 84.75152945518494
Epoch 53: Train MSE 0.0046, Validation MSE 0.0046
Epoch 53 training time: 62.48218655586243
Epoch 54: Train MSE 0.0046, Validation MSE 0.0046
Epoch 54 training time: 5.640923023223877
Epoch 55: Train MSE 0.0046, Validation MSE 0.0045
Epoch 55 training time: 4.939023017883301
Epoch 56: Train MSE 0.0046, Validation MSE 0.0045
Epoch 56 training time: 5.963400363922119
Epoch 57: Train MSE 0.0045, Validation MSE 0.0045
Epoch 57 training time: 20.03547954559326
Epoch 58: Train MSE 0.0045, Validation MSE 0.0044
Epoch 58 training time: 49.910032510757446
Epoch 59: Train MSE 0.0045, Validation MSE 0.0045
Epoch 59 training time: 29.028489112854004
Epoch 60: Train MSE 0.0045, Validation MSE 0.0044
Epoch 60 training time: 34.721842765808105
Epoch 61: Train MSE 0.0045, Validation MSE 0.0044
Epoch 61 training time: 70.08147501945496
Epoch 62: Train MSE 0.0045, Validation MSE 0.0044
Epoch 62 training time: 66.24408149719238
Epoch 63: Train MSE 0.0045, Validation MSE 0.0045
Epoch 63 training time: 98.16242384910583
Epoch 64: Train MSE 0.0044, Validation MSE 0.0044
Epoch 64 training time: 25.376662254333496
Epoch 65: Train MSE 0.0044, Validation MSE 0.0044
Epoch 65 training time: 30.398508548736572
Epoch 66: Train MSE 0.0044, Validation MSE 0.0044
Epoch 66 training time: 29.512149810791016
Epoch 67: Train MSE 0.0044, Validation MSE 0.0044
Epoch 67 training time: 53.808762311935425
Epoch 68: Train MSE 0.0044, Validation MSE 0.0044
Epoch 68 training time: 28.791155576705933
Epoch 69: Train MSE 0.0044, Validation MSE 0.0044
Epoch 69 training time: 44.89374613761902
Epoch 70: Train MSE 0.0044, Validation MSE 0.0044
Epoch 70 training time: 67.68614864349365
Epoch 71: Train MSE 0.0044, Validation MSE 0.0043
Epoch 71 training time: 71.63202548027039
Epoch 72: Train MSE 0.0043, Validation MSE 0.0044
Epoch 72 training time: 42.277666330337524
Epoch 73: Train MSE 0.0043, Validation MSE 0.0043
Epoch 73 training time: 21.401644229888916
Epoch 74: Train MSE 0.0043, Validation MSE 0.0043
Epoch 74 training time: 64.02872323989868
Epoch 75: Train MSE 0.0043, Validation MSE 0.0043
Epoch 75 training time: 75.9887113571167
Epoch 76: Train MSE 0.0043, Validation MSE 0.0043
Epoch 76 training time: 116.14526128768921
Epoch 77: Train MSE 0.0043, Validation MSE 0.0043
Epoch 77 training time: 64.89973473548889
Epoch 78: Train MSE 0.0043, Validation MSE 0.0043
Epoch 78 training time: 100.07103514671326
Epoch 79: Train MSE 0.0043, Validation MSE 0.0043
Epoch 79 training time: 72.69183206558228
Epoch 80: Train MSE 0.0043, Validation MSE 0.0043
Epoch 80 training time: 37.37868595123291
Epoch 81: Train MSE 0.0043, Validation MSE 0.0043
Epoch 81 training time: 85.56351351737976
Epoch 82: Train MSE 0.0042, Validation MSE 0.0043
Epoch 82 training time: 67.35577726364136
Epoch 83: Train MSE 0.0042, Validation MSE 0.0043
Epoch 83 training time: 26.95768666267395
Epoch 84: Train MSE 0.0042, Validation MSE 0.0043
Epoch 84 training time: 22.555036544799805
Epoch 85: Train MSE 0.0042, Validation MSE 0.0042
Epoch 85 training time: 79.05683851242065
Epoch 86: Train MSE 0.0042, Validation MSE 0.0043
Epoch 86 training time: 32.07440376281738
Epoch 87: Train MSE 0.0042, Validation MSE 0.0042
Epoch 87 training time: 26.742742776870728
Epoch 88: Train MSE 0.0042, Validation MSE 0.0042
Epoch 88 training time: 54.435996532440186
Epoch 89: Train MSE 0.0042, Validation MSE 0.0042
Epoch 89 training time: 61.67775559425354
Epoch 90: Train MSE 0.0042, Validation MSE 0.0042
Epoch 90 training time: 85.687260389328
Epoch 91: Train MSE 0.0042, Validation MSE 0.0042
Epoch 91 training time: 72.53731656074524
Epoch 92: Train MSE 0.0042, Validation MSE 0.0042
Epoch 92 training time: 53.82872796058655
Epoch 93: Train MSE 0.0042, Validation MSE 0.0042
Epoch 93 training time: 77.21973443031311
Epoch 94: Train MSE 0.0042, Validation MSE 0.0042
Epoch 94 training time: 44.85137724876404
Epoch 95: Train MSE 0.0041, Validation MSE 0.0042
Epoch 95 training time: 41.87509369850159
Epoch 96: Train MSE 0.0041, Validation MSE 0.0042
Epoch 96 training time: 7.124410390853882
Epoch 97: Train MSE 0.0041, Validation MSE 0.0042
Epoch 97 training time: 5.113788366317749
Epoch 98: Train MSE 0.0041, Validation MSE 0.0042
Epoch 98 training time: 5.0205864906311035
Epoch 99: Train MSE 0.0041, Validation MSE 0.0042
Epoch 99 training time: 9.052977085113525
Epoch 100: Train MSE 0.0041, Validation MSE 0.0042
Epoch 100 training time: 45.399882555007935
Epoch 101: Train MSE 0.0041, Validation MSE 0.0042
Epoch 101 training time: 68.89265012741089
Epoch 102: Train MSE 0.0041, Validation MSE 0.0041
Epoch 102 training time: 34.84655499458313
Epoch 103: Train MSE 0.0041, Validation MSE 0.0042
Epoch 103 training time: 55.19164443016052
Epoch 104: Train MSE 0.0041, Validation MSE 0.0041
Epoch 104 training time: 55.26255226135254
Epoch 105: Train MSE 0.0041, Validation MSE 0.0041
Epoch 105 training time: 81.50515103340149
Epoch 106: Train MSE 0.0041, Validation MSE 0.0041
Epoch 106 training time: 38.32623100280762
Epoch 107: Train MSE 0.0041, Validation MSE 0.0041
Epoch 107 training time: 11.795745611190796
Epoch 108: Train MSE 0.0041, Validation MSE 0.0041
Epoch 108 training time: 47.76029634475708
Epoch 109: Train MSE 0.0041, Validation MSE 0.0041
Epoch 109 training time: 18.76290011405945
Epoch 110: Train MSE 0.0040, Validation MSE 0.0041
Epoch 110 training time: 90.33192110061646
Epoch 111: Train MSE 0.0040, Validation MSE 0.0041
Epoch 111 training time: 120.0833990573883
Epoch 112: Train MSE 0.0040, Validation MSE 0.0041
Epoch 112 training time: 56.224974155426025
Epoch 113: Train MSE 0.0040, Validation MSE 0.0041
Epoch 113 training time: 57.74448204040527
Epoch 114: Train MSE 0.0040, Validation MSE 0.0041
Epoch 114 training time: 33.858649492263794
Epoch 115: Train MSE 0.0040, Validation MSE 0.0041
Epoch 115 training time: 50.17316651344299
Epoch 116: Train MSE 0.0040, Validation MSE 0.0041
Epoch 116 training time: 111.67104697227478
Epoch 117: Train MSE 0.0040, Validation MSE 0.0041
Epoch 117 training time: 59.25470757484436
Epoch 118: Train MSE 0.0040, Validation MSE 0.0041
Epoch 118 training time: 75.41232252120972
Epoch 119: Train MSE 0.0040, Validation MSE 0.0041
Epoch 119 training time: 83.67432117462158
Epoch 120: Train MSE 0.0040, Validation MSE 0.0041
Epoch 120 training time: 62.182279109954834
Epoch 121: Train MSE 0.0040, Validation MSE 0.0040
Epoch 121 training time: 62.26076650619507
Epoch 122: Train MSE 0.0040, Validation MSE 0.0040
Epoch 122 training time: 21.6280038356781
Epoch 123: Train MSE 0.0040, Validation MSE 0.0040
Epoch 123 training time: 15.421092510223389
Epoch 124: Train MSE 0.0040, Validation MSE 0.0040
Epoch 124 training time: 17.475558757781982
Epoch 125: Train MSE 0.0040, Validation MSE 0.0040
Epoch 125 training time: 58.0673348903656
Epoch 126: Train MSE 0.0040, Validation MSE 0.0040
Epoch 126 training time: 30.213139295578003
Epoch 127: Train MSE 0.0039, Validation MSE 0.0040
Epoch 127 training time: 29.49657964706421
Epoch 128: Train MSE 0.0039, Validation MSE 0.0040
Epoch 128 training time: 119.73852801322937
Epoch 129: Train MSE 0.0039, Validation MSE 0.0040
Epoch 129 training time: 52.98578691482544
Epoch 130: Train MSE 0.0039, Validation MSE 0.0040
Epoch 130 training time: 58.05921983718872
Epoch 131: Train MSE 0.0039, Validation MSE 0.0040
Epoch 131 training time: 68.34366798400879
Epoch 132: Train MSE 0.0039, Validation MSE 0.0040
Epoch 132 training time: 42.88362240791321
Epoch 133: Train MSE 0.0039, Validation MSE 0.0040
Epoch 133 training time: 88.74164867401123
Epoch 134: Train MSE 0.0039, Validation MSE 0.0040
Epoch 134 training time: 34.978121757507324
Epoch 135: Train MSE 0.0039, Validation MSE 0.0040
Epoch 135 training time: 22.928975343704224
Epoch 136: Train MSE 0.0039, Validation MSE 0.0040
Epoch 136 training time: 26.01363253593445
Epoch 137: Train MSE 0.0039, Validation MSE 0.0039
Epoch 137 training time: 39.330018520355225
Epoch 138: Train MSE 0.0039, Validation MSE 0.0039
Epoch 138 training time: 39.07030892372131
Epoch 139: Train MSE 0.0039, Validation MSE 0.0040
Epoch 139 training time: 75.03760290145874
Epoch 140: Train MSE 0.0039, Validation MSE 0.0040
Epoch 140 training time: 39.514384746551514
Epoch 141: Train MSE 0.0039, Validation MSE 0.0039
Epoch 141 training time: 31.53833317756653
Epoch 142: Train MSE 0.0039, Validation MSE 0.0039
Epoch 142 training time: 53.739033460617065
Epoch 143: Train MSE 0.0039, Validation MSE 0.0039
Epoch 143 training time: 76.94478511810303
Epoch 144: Train MSE 0.0038, Validation MSE 0.0039
Epoch 144 training time: 66.968332529068
Epoch 145: Train MSE 0.0038, Validation MSE 0.0039
Epoch 145 training time: 26.494932174682617
Epoch 146: Train MSE 0.0038, Validation MSE 0.0040
Epoch 146 training time: 30.847199201583862
Epoch 147: Train MSE 0.0038, Validation MSE 0.0039
Epoch 147 training time: 78.13797807693481
Epoch 148: Train MSE 0.0038, Validation MSE 0.0039
Epoch 148 training time: 29.51213312149048
Epoch 149: Train MSE 0.0038, Validation MSE 0.0039
Epoch 149 training time: 84.73688006401062
