/home/gsm0197/sralab_working/lstm_BigData/trial9/jt2_pos/lstm.py:46: UserWarning: Creating a tensor from a list of numpy.ndarrays is extremely slow. Please consider converting the list to a single numpy.ndarray with numpy.array() before converting to a tensor. (Triggered internally at /pytorch/torch/csrc/utils/tensor_new.cpp:254.)
  return torch.tensor(X, dtype=torch.float32), torch.tensor(y, dtype=torch.float32)
Using device: cuda
Training data shape: (3440201, 19)
Validation data shape: (982916, 19)
torch.Size([3440151, 50, 8]) torch.Size([3440151, 50, 1])
torch.Size([982866, 50, 8]) torch.Size([982866, 50, 1])
Epoch 0: Train MSE 0.0898, Validation MSE 0.0110
Epoch 0 training time: 61.869837045669556
Epoch 1: Train MSE 0.0067, Validation MSE 0.0050
Epoch 1 training time: 53.72326588630676
Epoch 2: Train MSE 0.0044, Validation MSE 0.0042
Epoch 2 training time: 54.85645604133606
Epoch 3: Train MSE 0.0040, Validation MSE 0.0040
Epoch 3 training time: 58.01288628578186
Epoch 4: Train MSE 0.0038, Validation MSE 0.0039
Epoch 4 training time: 55.7492241859436
Epoch 5: Train MSE 0.0037, Validation MSE 0.0038
Epoch 5 training time: 72.11415362358093
Epoch 6: Train MSE 0.0036, Validation MSE 0.0038
Epoch 6 training time: 262.03964138031006
Epoch 7: Train MSE 0.0036, Validation MSE 0.0037
Epoch 7 training time: 126.01191806793213
Epoch 8: Train MSE 0.0035, Validation MSE 0.0037
Epoch 8 training time: 70.09744620323181
Epoch 9: Train MSE 0.0034, Validation MSE 0.0037
Epoch 9 training time: 71.83448958396912
Epoch 10: Train MSE 0.0034, Validation MSE 0.0036
Epoch 10 training time: 70.88052034378052
Epoch 11: Train MSE 0.0033, Validation MSE 0.0036
Epoch 11 training time: 72.8333785533905
Epoch 12: Train MSE 0.0033, Validation MSE 0.0035
Epoch 12 training time: 72.57355618476868
Epoch 13: Train MSE 0.0032, Validation MSE 0.0035
Epoch 13 training time: 157.6039366722107
Epoch 14: Train MSE 0.0032, Validation MSE 0.0035
Epoch 14 training time: 254.02627062797546
Epoch 15: Train MSE 0.0032, Validation MSE 0.0035
Epoch 15 training time: 59.76588153839111
Epoch 16: Train MSE 0.0031, Validation MSE 0.0034
Epoch 16 training time: 55.82228469848633
Epoch 17: Train MSE 0.0031, Validation MSE 0.0033
Epoch 17 training time: 59.109464168548584
Epoch 18: Train MSE 0.0031, Validation MSE 0.0034
Epoch 18 training time: 57.9000084400177
Epoch 19: Train MSE 0.0030, Validation MSE 0.0033
Epoch 19 training time: 56.95813345909119
Epoch 20: Train MSE 0.0030, Validation MSE 0.0033
Epoch 20 training time: 65.37192678451538
Epoch 21: Train MSE 0.0030, Validation MSE 0.0033
Epoch 21 training time: 55.10005259513855
Epoch 22: Train MSE 0.0029, Validation MSE 0.0033
Epoch 22 training time: 126.31642603874207
Epoch 23: Train MSE 0.0029, Validation MSE 0.0033
Epoch 23 training time: 236.3659245967865
Epoch 24: Train MSE 0.0029, Validation MSE 0.0033
Epoch 24 training time: 100.13786602020264
Epoch 25: Train MSE 0.0029, Validation MSE 0.0032
Epoch 25 training time: 58.60708975791931
Epoch 26: Train MSE 0.0028, Validation MSE 0.0033
Epoch 26 training time: 56.239728927612305
Epoch 27: Train MSE 0.0028, Validation MSE 0.0033
Epoch 27 training time: 58.08546805381775
Epoch 28: Train MSE 0.0028, Validation MSE 0.0032
Epoch 28 training time: 59.419962644577026
Epoch 29: Train MSE 0.0028, Validation MSE 0.0032
Epoch 29 training time: 57.311997413635254
Epoch 30: Train MSE 0.0028, Validation MSE 0.0032
Epoch 30 training time: 62.92371654510498
Epoch 31: Train MSE 0.0027, Validation MSE 0.0032
Epoch 31 training time: 162.5993514060974
Epoch 32: Train MSE 0.0027, Validation MSE 0.0032
Epoch 32 training time: 225.45165300369263
Epoch 33: Train MSE 0.0027, Validation MSE 0.0032
Epoch 33 training time: 72.32007670402527
Epoch 34: Train MSE 0.0027, Validation MSE 0.0032
Epoch 34 training time: 71.1883487701416
Epoch 35: Train MSE 0.0027, Validation MSE 0.0032
Epoch 35 training time: 71.08553957939148
Epoch 36: Train MSE 0.0027, Validation MSE 0.0032
Epoch 36 training time: 71.48424410820007
Epoch 37: Train MSE 0.0026, Validation MSE 0.0032
Epoch 37 training time: 72.52463936805725
Epoch 38: Train MSE 0.0026, Validation MSE 0.0032
Epoch 38 training time: 72.46445155143738
Epoch 39: Train MSE 0.0026, Validation MSE 0.0031
Epoch 39 training time: 236.11474013328552
Epoch 40: Train MSE 0.0026, Validation MSE 0.0032
Epoch 40 training time: 167.41215753555298
Epoch 41: Train MSE 0.0026, Validation MSE 0.0032
Epoch 41 training time: 60.513283491134644
Epoch 42: Train MSE 0.0026, Validation MSE 0.0031
Epoch 42 training time: 53.709203481674194
Epoch 43: Train MSE 0.0026, Validation MSE 0.0032
Epoch 43 training time: 67.67548942565918
Epoch 44: Train MSE 0.0026, Validation MSE 0.0031
Epoch 44 training time: 74.13538384437561
Epoch 45: Train MSE 0.0025, Validation MSE 0.0031
Epoch 45 training time: 71.96856307983398
Epoch 46: Train MSE 0.0025, Validation MSE 0.0031
Epoch 46 training time: 72.23817920684814
Epoch 47: Train MSE 0.0025, Validation MSE 0.0031
Epoch 47 training time: 225.76952934265137
Epoch 48: Train MSE 0.0025, Validation MSE 0.0031
Epoch 48 training time: 179.94038319587708
Epoch 49: Train MSE 0.0025, Validation MSE 0.0031
Epoch 49 training time: 68.13259410858154
Epoch 50: Train MSE 0.0025, Validation MSE 0.0031
Epoch 50 training time: 64.69742965698242
Epoch 51: Train MSE 0.0025, Validation MSE 0.0031
Epoch 51 training time: 68.40518021583557
Epoch 52: Train MSE 0.0025, Validation MSE 0.0031
Epoch 52 training time: 60.05749011039734
Epoch 53: Train MSE 0.0025, Validation MSE 0.0031
Epoch 53 training time: 60.38157677650452
Epoch 54: Train MSE 0.0025, Validation MSE 0.0031
Epoch 54 training time: 68.81345629692078
Epoch 55: Train MSE 0.0025, Validation MSE 0.0031
Epoch 55 training time: 204.60516715049744
Epoch 56: Train MSE 0.0024, Validation MSE 0.0031
Epoch 56 training time: 203.31495761871338
Epoch 57: Train MSE 0.0024, Validation MSE 0.0030
Epoch 57 training time: 74.55791997909546
Epoch 58: Train MSE 0.0024, Validation MSE 0.0030
Epoch 58 training time: 71.93979406356812
Epoch 59: Train MSE 0.0024, Validation MSE 0.0031
Epoch 59 training time: 73.63387989997864
Epoch 60: Train MSE 0.0024, Validation MSE 0.0030
Epoch 60 training time: 81.67319345474243
Epoch 61: Train MSE 0.0024, Validation MSE 0.0031
Epoch 61 training time: 74.58396100997925
Epoch 62: Train MSE 0.0024, Validation MSE 0.0030
Epoch 62 training time: 146.49076008796692
Epoch 63: Train MSE 0.0024, Validation MSE 0.0030
Epoch 63 training time: 255.64858984947205
Epoch 64: Train MSE 0.0024, Validation MSE 0.0030
Epoch 64 training time: 69.98226952552795
Epoch 65: Train MSE 0.0024, Validation MSE 0.0031
Epoch 65 training time: 53.86646008491516
Epoch 66: Train MSE 0.0024, Validation MSE 0.0030
Epoch 66 training time: 54.081669330596924
Epoch 67: Train MSE 0.0024, Validation MSE 0.0030
Epoch 67 training time: 56.431804180145264
Epoch 68: Train MSE 0.0024, Validation MSE 0.0030
Epoch 68 training time: 55.6551353931427
Epoch 69: Train MSE 0.0023, Validation MSE 0.0030
Epoch 69 training time: 56.79914689064026
Epoch 70: Train MSE 0.0023, Validation MSE 0.0030
Epoch 70 training time: 58.47178792953491
Epoch 71: Train MSE 0.0023, Validation MSE 0.0030
Epoch 71 training time: 164.9142985343933
Epoch 72: Train MSE 0.0023, Validation MSE 0.0030
Epoch 72 training time: 236.2678360939026
Epoch 73: Train MSE 0.0023, Validation MSE 0.0030
Epoch 73 training time: 58.04728293418884
Epoch 74: Train MSE 0.0023, Validation MSE 0.0030
Epoch 74 training time: 58.41091513633728
Epoch 75: Train MSE 0.0023, Validation MSE 0.0030
Epoch 75 training time: 64.42974853515625
Epoch 76: Train MSE 0.0023, Validation MSE 0.0030
Epoch 76 training time: 55.42870879173279
Epoch 77: Train MSE 0.0023, Validation MSE 0.0029
Epoch 77 training time: 54.60975694656372
Epoch 78: Train MSE 0.0023, Validation MSE 0.0030
Epoch 78 training time: 56.43535017967224
Epoch 79: Train MSE 0.0023, Validation MSE 0.0030
Epoch 79 training time: 54.21884512901306
Epoch 80: Train MSE 0.0023, Validation MSE 0.0030
Epoch 80 training time: 112.87613201141357
Epoch 81: Train MSE 0.0023, Validation MSE 0.0030
Epoch 81 training time: 258.9591450691223
Epoch 82: Train MSE 0.0023, Validation MSE 0.0030
Epoch 82 training time: 92.46803307533264
Epoch 83: Train MSE 0.0023, Validation MSE 0.0029
Epoch 83 training time: 74.69619941711426
Epoch 84: Train MSE 0.0023, Validation MSE 0.0029
Epoch 84 training time: 58.84298801422119
Epoch 85: Train MSE 0.0023, Validation MSE 0.0029
Epoch 85 training time: 56.33033776283264
Epoch 86: Train MSE 0.0023, Validation MSE 0.0030
Epoch 86 training time: 60.52850890159607
Epoch 87: Train MSE 0.0022, Validation MSE 0.0030
Epoch 87 training time: 55.78312015533447
Epoch 88: Train MSE 0.0022, Validation MSE 0.0029
Epoch 88 training time: 56.2306649684906
Epoch 89: Train MSE 0.0022, Validation MSE 0.0030
Epoch 89 training time: 277.1388728618622
Epoch 90: Train MSE 0.0022, Validation MSE 0.0029
Epoch 90 training time: 117.8508231639862
Epoch 91: Train MSE 0.0022, Validation MSE 0.0030
Epoch 91 training time: 57.43880748748779
Epoch 92: Train MSE 0.0022, Validation MSE 0.0029
Epoch 92 training time: 65.89921998977661
Epoch 93: Train MSE 0.0022, Validation MSE 0.0030
Epoch 93 training time: 57.865150451660156
Epoch 94: Train MSE 0.0022, Validation MSE 0.0029
Epoch 94 training time: 53.96509575843811
Epoch 95: Train MSE 0.0022, Validation MSE 0.0029
Epoch 95 training time: 54.48174858093262
Epoch 96: Train MSE 0.0022, Validation MSE 0.0030
Epoch 96 training time: 67.98430848121643
Epoch 97: Train MSE 0.0022, Validation MSE 0.0029
Epoch 97 training time: 134.27362489700317
Epoch 98: Train MSE 0.0022, Validation MSE 0.0029
Epoch 98 training time: 266.17542839050293
Epoch 99: Train MSE 0.0022, Validation MSE 0.0029
Epoch 99 training time: 81.22008395195007
Epoch 100: Train MSE 0.0022, Validation MSE 0.0029
Epoch 100 training time: 71.31548762321472
Epoch 101: Train MSE 0.0022, Validation MSE 0.0029
Epoch 101 training time: 74.56193995475769
Epoch 102: Train MSE 0.0022, Validation MSE 0.0029
Epoch 102 training time: 67.30900931358337
Epoch 103: Train MSE 0.0022, Validation MSE 0.0029
Epoch 103 training time: 66.45659255981445
Epoch 104: Train MSE 0.0022, Validation MSE 0.0029
Epoch 104 training time: 54.14829182624817
Epoch 105: Train MSE 0.0022, Validation MSE 0.0030
Epoch 105 training time: 165.44690561294556
Epoch 106: Train MSE 0.0022, Validation MSE 0.0029
Epoch 106 training time: 232.22555804252625
Epoch 107: Train MSE 0.0022, Validation MSE 0.0029
Epoch 107 training time: 66.05797910690308
Epoch 108: Train MSE 0.0022, Validation MSE 0.0029
Epoch 108 training time: 70.01962089538574
Epoch 109: Train MSE 0.0021, Validation MSE 0.0029
Epoch 109 training time: 70.61544394493103
Epoch 110: Train MSE 0.0021, Validation MSE 0.0029
Epoch 110 training time: 57.41757082939148
Epoch 111: Train MSE 0.0021, Validation MSE 0.0029
Epoch 111 training time: 54.65614104270935
Epoch 112: Train MSE 0.0021, Validation MSE 0.0029
Epoch 112 training time: 53.43246912956238
Epoch 113: Train MSE 0.0021, Validation MSE 0.0029
Epoch 113 training time: 76.56732439994812
Epoch 114: Train MSE 0.0021, Validation MSE 0.0029
Epoch 114 training time: 261.6739733219147
Epoch 115: Train MSE 0.0021, Validation MSE 0.0029
Epoch 115 training time: 117.4693033695221
Epoch 116: Train MSE 0.0021, Validation MSE 0.0029
Epoch 116 training time: 54.639323711395264
Epoch 117: Train MSE 0.0021, Validation MSE 0.0030
Epoch 117 training time: 72.79315876960754
Epoch 118: Train MSE 0.0021, Validation MSE 0.0029
Epoch 118 training time: 72.02585864067078
Epoch 119: Train MSE 0.0021, Validation MSE 0.0029
Epoch 119 training time: 54.88007664680481
Epoch 120: Train MSE 0.0021, Validation MSE 0.0029
Epoch 120 training time: 67.69404363632202
Epoch 121: Train MSE 0.0021, Validation MSE 0.0029
Epoch 121 training time: 66.52428078651428
Epoch 122: Train MSE 0.0021, Validation MSE 0.0029
Epoch 122 training time: 248.25513625144958
Epoch 123: Train MSE 0.0021, Validation MSE 0.0030
Epoch 123 training time: 147.37843441963196
Epoch 124: Train MSE 0.0021, Validation MSE 0.0029
Epoch 124 training time: 55.68923377990723
Epoch 125: Train MSE 0.0021, Validation MSE 0.0029
Epoch 125 training time: 53.70833659172058
Epoch 126: Train MSE 0.0021, Validation MSE 0.0030
Epoch 126 training time: 54.055399894714355
Epoch 127: Train MSE 0.0021, Validation MSE 0.0029
Epoch 127 training time: 55.376893043518066
Epoch 128: Train MSE 0.0021, Validation MSE 0.0029
Epoch 128 training time: 57.20110034942627
Epoch 129: Train MSE 0.0021, Validation MSE 0.0028
Epoch 129 training time: 61.26642870903015
Epoch 130: Train MSE 0.0021, Validation MSE 0.0029
Epoch 130 training time: 58.19428777694702
Epoch 131: Train MSE 0.0021, Validation MSE 0.0030
Epoch 131 training time: 229.94868874549866
Epoch 132: Train MSE 0.0021, Validation MSE 0.0029
Epoch 132 training time: 167.3441653251648
Epoch 133: Train MSE 0.0021, Validation MSE 0.0029
Epoch 133 training time: 60.756434202194214
Epoch 134: Train MSE 0.0021, Validation MSE 0.0030
Epoch 134 training time: 69.8625123500824
Epoch 135: Train MSE 0.0021, Validation MSE 0.0029
Epoch 135 training time: 73.22634196281433
Epoch 136: Train MSE 0.0020, Validation MSE 0.0029
Epoch 136 training time: 75.06795310974121
Epoch 137: Train MSE 0.0020, Validation MSE 0.0029
Epoch 137 training time: 57.02800941467285
Epoch 138: Train MSE 0.0020, Validation MSE 0.0029
Epoch 138 training time: 55.37955355644226
Epoch 139: Train MSE 0.0020, Validation MSE 0.0029
Epoch 139 training time: 259.96629881858826
Epoch 140: Train MSE 0.0020, Validation MSE 0.0029
Epoch 140 training time: 140.5550501346588
Epoch 141: Train MSE 0.0020, Validation MSE 0.0029
Epoch 141 training time: 54.98387956619263
Epoch 142: Train MSE 0.0020, Validation MSE 0.0029
Epoch 142 training time: 64.44663405418396
Epoch 143: Train MSE 0.0020, Validation MSE 0.0029
Epoch 143 training time: 59.90895986557007
Epoch 144: Train MSE 0.0020, Validation MSE 0.0029
Epoch 144 training time: 67.18522953987122
Epoch 145: Train MSE 0.0020, Validation MSE 0.0029
Epoch 145 training time: 70.04568719863892
Epoch 146: Train MSE 0.0020, Validation MSE 0.0029
Epoch 146 training time: 71.67339372634888
Epoch 147: Train MSE 0.0020, Validation MSE 0.0029
Epoch 147 training time: 196.80957198143005
Epoch 148: Train MSE 0.0020, Validation MSE 0.0029
Epoch 148 training time: 204.42967200279236
Epoch 149: Train MSE 0.0020, Validation MSE 0.0029
Epoch 149 training time: 68.69720911979675
