/home/gsm0197/sralab_working/lstm_FullData/trial9/jt4_vel/lstm.py:46: UserWarning: Creating a tensor from a list of numpy.ndarrays is extremely slow. Please consider converting the list to a single numpy.ndarray with numpy.array() before converting to a tensor. (Triggered internally at /pytorch/torch/csrc/utils/tensor_new.cpp:254.)
  return torch.tensor(X, dtype=torch.float32), torch.tensor(y, dtype=torch.float32)
Using device: cuda
Training data shape: (3440201, 19)
Validation data shape: (982916, 19)
torch.Size([3440151, 50, 8]) torch.Size([3440151, 50, 1])
torch.Size([982866, 50, 8]) torch.Size([982866, 50, 1])
Epoch 0: Train MSE 0.4450, Validation MSE 0.1584
Epoch 0 training time: 44.49265670776367
Epoch 1: Train MSE 0.1091, Validation MSE 0.1203
Epoch 1 training time: 37.72661519050598
Epoch 2: Train MSE 0.0893, Validation MSE 0.1102
Epoch 2 training time: 37.851292848587036
Epoch 3: Train MSE 0.0810, Validation MSE 0.1054
Epoch 3 training time: 47.913896322250366
Epoch 4: Train MSE 0.0763, Validation MSE 0.1020
Epoch 4 training time: 39.113163471221924
Epoch 5: Train MSE 0.0731, Validation MSE 0.0988
Epoch 5 training time: 37.80832028388977
Epoch 6: Train MSE 0.0710, Validation MSE 0.0981
Epoch 6 training time: 37.592960357666016
Epoch 7: Train MSE 0.0694, Validation MSE 0.0963
Epoch 7 training time: 37.78634023666382
Epoch 8: Train MSE 0.0683, Validation MSE 0.0959
Epoch 8 training time: 37.53512382507324
Epoch 9: Train MSE 0.0673, Validation MSE 0.0955
Epoch 9 training time: 37.66522812843323
Epoch 10: Train MSE 0.0666, Validation MSE 0.0950
Epoch 10 training time: 37.54866075515747
Epoch 11: Train MSE 0.0659, Validation MSE 0.0947
Epoch 11 training time: 37.56640315055847
Epoch 12: Train MSE 0.0653, Validation MSE 0.0939
Epoch 12 training time: 37.796091079711914
Epoch 13: Train MSE 0.0648, Validation MSE 0.0933
Epoch 13 training time: 37.64837837219238
Epoch 14: Train MSE 0.0643, Validation MSE 0.0933
Epoch 14 training time: 37.82032084465027
Epoch 15: Train MSE 0.0639, Validation MSE 0.0928
Epoch 15 training time: 37.804511308670044
Epoch 16: Train MSE 0.0635, Validation MSE 0.0929
Epoch 16 training time: 37.562286138534546
Epoch 17: Train MSE 0.0631, Validation MSE 0.0922
Epoch 17 training time: 37.799206256866455
Epoch 18: Train MSE 0.0628, Validation MSE 0.0919
Epoch 18 training time: 37.47742223739624
Epoch 19: Train MSE 0.0624, Validation MSE 0.0914
Epoch 19 training time: 37.38462805747986
Epoch 20: Train MSE 0.0621, Validation MSE 0.0912
Epoch 20 training time: 37.7735230922699
Epoch 21: Train MSE 0.0618, Validation MSE 0.0917
Epoch 21 training time: 37.50054216384888
Epoch 22: Train MSE 0.0615, Validation MSE 0.0909
Epoch 22 training time: 37.76365804672241
Epoch 23: Train MSE 0.0612, Validation MSE 0.0913
Epoch 23 training time: 37.6159782409668
Epoch 24: Train MSE 0.0609, Validation MSE 0.0910
Epoch 24 training time: 37.35645604133606
Epoch 25: Train MSE 0.0607, Validation MSE 0.0908
Epoch 25 training time: 37.66940879821777
Epoch 26: Train MSE 0.0604, Validation MSE 0.0912
Epoch 26 training time: 37.53421354293823
Epoch 27: Train MSE 0.0602, Validation MSE 0.0905
Epoch 27 training time: 37.233811140060425
Epoch 28: Train MSE 0.0599, Validation MSE 0.0897
Epoch 28 training time: 37.483139753341675
Epoch 29: Train MSE 0.0597, Validation MSE 0.0899
Epoch 29 training time: 37.606122970581055
Epoch 30: Train MSE 0.0595, Validation MSE 0.0900
Epoch 30 training time: 37.736724853515625
Epoch 31: Train MSE 0.0593, Validation MSE 0.0892
Epoch 31 training time: 37.602967739105225
Epoch 32: Train MSE 0.0591, Validation MSE 0.0892
Epoch 32 training time: 37.489089488983154
Epoch 33: Train MSE 0.0589, Validation MSE 0.0899
Epoch 33 training time: 37.732550859451294
Epoch 34: Train MSE 0.0587, Validation MSE 0.0891
Epoch 34 training time: 37.35026717185974
Epoch 35: Train MSE 0.0585, Validation MSE 0.0892
Epoch 35 training time: 37.61344313621521
Epoch 36: Train MSE 0.0584, Validation MSE 0.0885
Epoch 36 training time: 37.52863144874573
Epoch 37: Train MSE 0.0582, Validation MSE 0.0890
Epoch 37 training time: 37.58875060081482
Epoch 38: Train MSE 0.0580, Validation MSE 0.0883
Epoch 38 training time: 37.75213956832886
Epoch 39: Train MSE 0.0579, Validation MSE 0.0889
Epoch 39 training time: 37.77617526054382
Epoch 40: Train MSE 0.0577, Validation MSE 0.0887
Epoch 40 training time: 37.55408501625061
Epoch 41: Train MSE 0.0576, Validation MSE 0.0879
Epoch 41 training time: 37.72944974899292
Epoch 42: Train MSE 0.0574, Validation MSE 0.0881
Epoch 42 training time: 37.27660536766052
Epoch 43: Train MSE 0.0573, Validation MSE 0.0886
Epoch 43 training time: 37.63172960281372
Epoch 44: Train MSE 0.0572, Validation MSE 0.0889
Epoch 44 training time: 37.56712579727173
Epoch 45: Train MSE 0.0570, Validation MSE 0.0880
Epoch 45 training time: 37.601292848587036
Epoch 46: Train MSE 0.0569, Validation MSE 0.0884
Epoch 46 training time: 37.65580129623413
Epoch 47: Train MSE 0.0568, Validation MSE 0.0878
Epoch 47 training time: 37.76797556877136
Epoch 48: Train MSE 0.0566, Validation MSE 0.0878
Epoch 48 training time: 37.566919803619385
Epoch 49: Train MSE 0.0565, Validation MSE 0.0877
Epoch 49 training time: 37.801597118377686
Epoch 50: Train MSE 0.0564, Validation MSE 0.0871
Epoch 50 training time: 37.66540002822876
Epoch 51: Train MSE 0.0563, Validation MSE 0.0870
Epoch 51 training time: 37.689316272735596
Epoch 52: Train MSE 0.0561, Validation MSE 0.0873
Epoch 52 training time: 37.40780186653137
Epoch 53: Train MSE 0.0560, Validation MSE 0.0877
Epoch 53 training time: 37.4588577747345
Epoch 54: Train MSE 0.0559, Validation MSE 0.0869
Epoch 54 training time: 37.79376721382141
Epoch 55: Train MSE 0.0558, Validation MSE 0.0871
Epoch 55 training time: 37.74511170387268
Epoch 56: Train MSE 0.0557, Validation MSE 0.0865
Epoch 56 training time: 37.45542550086975
Epoch 57: Train MSE 0.0556, Validation MSE 0.0865
Epoch 57 training time: 37.77051019668579
Epoch 58: Train MSE 0.0555, Validation MSE 0.0864
Epoch 58 training time: 37.61668562889099
Epoch 59: Train MSE 0.0554, Validation MSE 0.0865
Epoch 59 training time: 37.752249002456665
Epoch 60: Train MSE 0.0553, Validation MSE 0.0867
Epoch 60 training time: 37.738518714904785
Epoch 61: Train MSE 0.0552, Validation MSE 0.0860
Epoch 61 training time: 37.55669975280762
Epoch 62: Train MSE 0.0551, Validation MSE 0.0864
Epoch 62 training time: 37.4264190196991
Epoch 63: Train MSE 0.0550, Validation MSE 0.0858
Epoch 63 training time: 37.65069055557251
Epoch 64: Train MSE 0.0549, Validation MSE 0.0860
Epoch 64 training time: 37.776296854019165
Epoch 65: Train MSE 0.0548, Validation MSE 0.0870
Epoch 65 training time: 37.774325132369995
Epoch 66: Train MSE 0.0547, Validation MSE 0.0854
Epoch 66 training time: 37.61042594909668
Epoch 67: Train MSE 0.0546, Validation MSE 0.0856
Epoch 67 training time: 37.727540254592896
Epoch 68: Train MSE 0.0546, Validation MSE 0.0859
Epoch 68 training time: 37.77714228630066
Epoch 69: Train MSE 0.0545, Validation MSE 0.0859
Epoch 69 training time: 37.59213066101074
Epoch 70: Train MSE 0.0544, Validation MSE 0.0860
Epoch 70 training time: 37.574596881866455
Epoch 71: Train MSE 0.0543, Validation MSE 0.0860
Epoch 71 training time: 37.592674255371094
Epoch 72: Train MSE 0.0542, Validation MSE 0.0857
Epoch 72 training time: 37.66972637176514
Epoch 73: Train MSE 0.0542, Validation MSE 0.0850
Epoch 73 training time: 37.76989674568176
Epoch 74: Train MSE 0.0541, Validation MSE 0.0859
Epoch 74 training time: 37.58614802360535
Epoch 75: Train MSE 0.0540, Validation MSE 0.0854
Epoch 75 training time: 37.74039101600647
Epoch 76: Train MSE 0.0539, Validation MSE 0.0854
Epoch 76 training time: 37.81077027320862
Epoch 77: Train MSE 0.0539, Validation MSE 0.0849
Epoch 77 training time: 37.59190893173218
Epoch 78: Train MSE 0.0538, Validation MSE 0.0852
Epoch 78 training time: 37.701687812805176
Epoch 79: Train MSE 0.0537, Validation MSE 0.0851
Epoch 79 training time: 37.63465142250061
Epoch 80: Train MSE 0.0536, Validation MSE 0.0847
Epoch 80 training time: 37.804322481155396
Epoch 81: Train MSE 0.0536, Validation MSE 0.0853
Epoch 81 training time: 37.69032406806946
Epoch 82: Train MSE 0.0535, Validation MSE 0.0853
Epoch 82 training time: 37.4134795665741
Epoch 83: Train MSE 0.0534, Validation MSE 0.0846
Epoch 83 training time: 37.62468433380127
Epoch 84: Train MSE 0.0534, Validation MSE 0.0853
Epoch 84 training time: 37.52961015701294
Epoch 85: Train MSE 0.0533, Validation MSE 0.0847
Epoch 85 training time: 37.56869673728943
Epoch 86: Train MSE 0.0532, Validation MSE 0.0847
Epoch 86 training time: 37.6844527721405
Epoch 87: Train MSE 0.0531, Validation MSE 0.0850
Epoch 87 training time: 37.56027793884277
Epoch 88: Train MSE 0.0531, Validation MSE 0.0848
Epoch 88 training time: 37.77297353744507
Epoch 89: Train MSE 0.0530, Validation MSE 0.0848
Epoch 89 training time: 37.73558592796326
Epoch 90: Train MSE 0.0530, Validation MSE 0.0846
Epoch 90 training time: 37.53371572494507
Epoch 91: Train MSE 0.0529, Validation MSE 0.0845
Epoch 91 training time: 37.652570486068726
Epoch 92: Train MSE 0.0528, Validation MSE 0.0848
Epoch 92 training time: 37.3928747177124
Epoch 93: Train MSE 0.0528, Validation MSE 0.0842
Epoch 93 training time: 37.70557141304016
Epoch 94: Train MSE 0.0527, Validation MSE 0.0842
Epoch 94 training time: 37.36199617385864
Epoch 95: Train MSE 0.0526, Validation MSE 0.0840
Epoch 95 training time: 37.45749831199646
Epoch 96: Train MSE 0.0526, Validation MSE 0.0856
Epoch 96 training time: 37.781487464904785
Epoch 97: Train MSE 0.0525, Validation MSE 0.0846
Epoch 97 training time: 37.7848961353302
Epoch 98: Train MSE 0.0525, Validation MSE 0.0839
Epoch 98 training time: 37.59110951423645
Epoch 99: Train MSE 0.0524, Validation MSE 0.0841
Epoch 99 training time: 37.80634260177612
Epoch 100: Train MSE 0.0523, Validation MSE 0.0845
Epoch 100 training time: 37.549227237701416
Epoch 101: Train MSE 0.0523, Validation MSE 0.0848
Epoch 101 training time: 37.72606921195984
Epoch 102: Train MSE 0.0522, Validation MSE 0.0841
Epoch 102 training time: 37.765697956085205
Epoch 103: Train MSE 0.0522, Validation MSE 0.0840
Epoch 103 training time: 42.79808783531189
Epoch 104: Train MSE 0.0521, Validation MSE 0.0844
Epoch 104 training time: 37.65017771720886
Epoch 105: Train MSE 0.0521, Validation MSE 0.0838
Epoch 105 training time: 37.612988233566284
Epoch 106: Train MSE 0.0520, Validation MSE 0.0838
Epoch 106 training time: 37.509196281433105
Epoch 107: Train MSE 0.0520, Validation MSE 0.0838
Epoch 107 training time: 37.693814516067505
Epoch 108: Train MSE 0.0519, Validation MSE 0.0838
Epoch 108 training time: 37.523908853530884
Epoch 109: Train MSE 0.0519, Validation MSE 0.0837
Epoch 109 training time: 37.71227550506592
Epoch 110: Train MSE 0.0518, Validation MSE 0.0844
Epoch 110 training time: 37.58685302734375
Epoch 111: Train MSE 0.0518, Validation MSE 0.0840
Epoch 111 training time: 37.506516456604004
Epoch 112: Train MSE 0.0517, Validation MSE 0.0840
Epoch 112 training time: 37.684757232666016
Epoch 113: Train MSE 0.0516, Validation MSE 0.0833
Epoch 113 training time: 37.579225063323975
Epoch 114: Train MSE 0.0516, Validation MSE 0.0836
Epoch 114 training time: 37.753230571746826
Epoch 115: Train MSE 0.0515, Validation MSE 0.0837
Epoch 115 training time: 37.710652589797974
Epoch 116: Train MSE 0.0515, Validation MSE 0.0842
Epoch 116 training time: 37.322356939315796
Epoch 117: Train MSE 0.0515, Validation MSE 0.0841
Epoch 117 training time: 37.773905992507935
Epoch 118: Train MSE 0.0514, Validation MSE 0.0836
Epoch 118 training time: 37.71737098693848
Epoch 119: Train MSE 0.0514, Validation MSE 0.0844
Epoch 119 training time: 37.46550369262695
Epoch 120: Train MSE 0.0513, Validation MSE 0.0838
Epoch 120 training time: 37.697062730789185
Epoch 121: Train MSE 0.0513, Validation MSE 0.0836
Epoch 121 training time: 37.55654335021973
Epoch 122: Train MSE 0.0512, Validation MSE 0.0837
Epoch 122 training time: 37.4933557510376
Epoch 123: Train MSE 0.0512, Validation MSE 0.0836
Epoch 123 training time: 37.726741313934326
Epoch 124: Train MSE 0.0511, Validation MSE 0.0835
Epoch 124 training time: 37.630040407180786
Epoch 125: Train MSE 0.0511, Validation MSE 0.0835
Epoch 125 training time: 37.68611788749695
Epoch 126: Train MSE 0.0510, Validation MSE 0.0834
Epoch 126 training time: 37.482966899871826
Epoch 127: Train MSE 0.0510, Validation MSE 0.0837
Epoch 127 training time: 37.55324459075928
Epoch 128: Train MSE 0.0509, Validation MSE 0.0834
Epoch 128 training time: 37.769574880599976
Epoch 129: Train MSE 0.0509, Validation MSE 0.0834
Epoch 129 training time: 37.618173122406006
Epoch 130: Train MSE 0.0509, Validation MSE 0.0830
Epoch 130 training time: 37.7699294090271
Epoch 131: Train MSE 0.0508, Validation MSE 0.0835
Epoch 131 training time: 37.789101362228394
Epoch 132: Train MSE 0.0508, Validation MSE 0.0830
Epoch 132 training time: 37.51392602920532
Epoch 133: Train MSE 0.0507, Validation MSE 0.0834
Epoch 133 training time: 37.82360529899597
Epoch 134: Train MSE 0.0507, Validation MSE 0.0836
Epoch 134 training time: 37.80577826499939
Epoch 135: Train MSE 0.0506, Validation MSE 0.0829
Epoch 135 training time: 37.52953338623047
Epoch 136: Train MSE 0.0506, Validation MSE 0.0828
Epoch 136 training time: 37.77636432647705
Epoch 137: Train MSE 0.0506, Validation MSE 0.0834
Epoch 137 training time: 37.430362701416016
Epoch 138: Train MSE 0.0505, Validation MSE 0.0826
Epoch 138 training time: 37.47143840789795
Epoch 139: Train MSE 0.0505, Validation MSE 0.0834
Epoch 139 training time: 37.748403549194336
Epoch 140: Train MSE 0.0504, Validation MSE 0.0825
Epoch 140 training time: 37.547717809677124
Epoch 141: Train MSE 0.0504, Validation MSE 0.0832
Epoch 141 training time: 37.74590587615967
Epoch 142: Train MSE 0.0504, Validation MSE 0.0832
Epoch 142 training time: 37.30005764961243
Epoch 143: Train MSE 0.0503, Validation MSE 0.0829
Epoch 143 training time: 37.720571756362915
Epoch 144: Train MSE 0.0503, Validation MSE 0.0836
Epoch 144 training time: 37.76239633560181
Epoch 145: Train MSE 0.0503, Validation MSE 0.0830
Epoch 145 training time: 37.62016725540161
Epoch 146: Train MSE 0.0502, Validation MSE 0.0825
Epoch 146 training time: 37.76505470275879
Epoch 147: Train MSE 0.0502, Validation MSE 0.0830
Epoch 147 training time: 37.679651498794556
Epoch 148: Train MSE 0.0501, Validation MSE 0.0828
Epoch 148 training time: 37.40976929664612
Epoch 149: Train MSE 0.0501, Validation MSE 0.0824
Epoch 149 training time: 37.71936392784119
