/home/gsm0197/sralab_working/lstm_BigData/trial10/jt3_vel/lstm.py:48: UserWarning: Creating a tensor from a list of numpy.ndarrays is extremely slow. Please consider converting the list to a single numpy.ndarray with numpy.array() before converting to a tensor. (Triggered internally at /pytorch/torch/csrc/utils/tensor_new.cpp:254.)
  return torch.tensor(X, dtype=torch.float32), torch.tensor(y, dtype=torch.float32)
Using device: cuda
Training data shape: (3440201, 19)
Validation data shape: (982916, 19)
torch.Size([344013, 50, 8]) torch.Size([344013, 50, 1])
torch.Size([98285, 50, 8]) torch.Size([98285, 50, 1])
Epoch 0: Train MSE 1.0873, Validation MSE 1.0598
Epoch 0 training time: 46.199986934661865
Epoch 1: Train MSE 0.8390, Validation MSE 0.7569
Epoch 1 training time: 58.99336099624634
Epoch 2: Train MSE 0.5107, Validation MSE 0.4220
Epoch 2 training time: 107.92323279380798
Epoch 3: Train MSE 0.2780, Validation MSE 0.2761
Epoch 3 training time: 97.42841911315918
Epoch 4: Train MSE 0.1990, Validation MSE 0.2297
Epoch 4 training time: 98.4559633731842
Epoch 5: Train MSE 0.1729, Validation MSE 0.2078
Epoch 5 training time: 28.073062896728516
Epoch 6: Train MSE 0.1576, Validation MSE 0.1923
Epoch 6 training time: 34.74196434020996
Epoch 7: Train MSE 0.1466, Validation MSE 0.1812
Epoch 7 training time: 59.41928029060364
Epoch 8: Train MSE 0.1384, Validation MSE 0.1730
Epoch 8 training time: 78.8380012512207
Epoch 9: Train MSE 0.1321, Validation MSE 0.1667
Epoch 9 training time: 59.33665633201599
Epoch 10: Train MSE 0.1270, Validation MSE 0.1617
Epoch 10 training time: 12.799364805221558
Epoch 11: Train MSE 0.1226, Validation MSE 0.1574
Epoch 11 training time: 8.01301121711731
Epoch 12: Train MSE 0.1186, Validation MSE 0.1538
Epoch 12 training time: 5.784113883972168
Epoch 13: Train MSE 0.1150, Validation MSE 0.1502
Epoch 13 training time: 4.957156419754028
Epoch 14: Train MSE 0.1116, Validation MSE 0.1470
Epoch 14 training time: 5.0876593589782715
Epoch 15: Train MSE 0.1084, Validation MSE 0.1442
Epoch 15 training time: 5.036364793777466
Epoch 16: Train MSE 0.1055, Validation MSE 0.1412
Epoch 16 training time: 13.96085810661316
Epoch 17: Train MSE 0.1027, Validation MSE 0.1386
Epoch 17 training time: 56.681355476379395
Epoch 18: Train MSE 0.1002, Validation MSE 0.1364
Epoch 18 training time: 77.21880173683167
Epoch 19: Train MSE 0.0978, Validation MSE 0.1338
Epoch 19 training time: 56.21090269088745
Epoch 20: Train MSE 0.0955, Validation MSE 0.1313
Epoch 20 training time: 54.967536211013794
Epoch 21: Train MSE 0.0935, Validation MSE 0.1294
Epoch 21 training time: 39.53371810913086
Epoch 22: Train MSE 0.0916, Validation MSE 0.1276
Epoch 22 training time: 85.54010081291199
Epoch 23: Train MSE 0.0900, Validation MSE 0.1259
Epoch 23 training time: 39.455625772476196
Epoch 24: Train MSE 0.0886, Validation MSE 0.1242
Epoch 24 training time: 7.138571262359619
Epoch 25: Train MSE 0.0873, Validation MSE 0.1230
Epoch 25 training time: 6.747506618499756
Epoch 26: Train MSE 0.0861, Validation MSE 0.1216
Epoch 26 training time: 79.06761813163757
Epoch 27: Train MSE 0.0851, Validation MSE 0.1205
Epoch 27 training time: 42.55042886734009
Epoch 28: Train MSE 0.0841, Validation MSE 0.1196
Epoch 28 training time: 71.49490261077881
Epoch 29: Train MSE 0.0833, Validation MSE 0.1187
Epoch 29 training time: 136.29539728164673
Epoch 30: Train MSE 0.0824, Validation MSE 0.1180
Epoch 30 training time: 38.21626567840576
Epoch 31: Train MSE 0.0817, Validation MSE 0.1168
Epoch 31 training time: 17.074934482574463
Epoch 32: Train MSE 0.0811, Validation MSE 0.1161
Epoch 32 training time: 48.225603103637695
Epoch 33: Train MSE 0.0804, Validation MSE 0.1160
Epoch 33 training time: 77.3902759552002
Epoch 34: Train MSE 0.0799, Validation MSE 0.1153
Epoch 34 training time: 88.98191118240356
Epoch 35: Train MSE 0.0794, Validation MSE 0.1146
Epoch 35 training time: 79.23230266571045
Epoch 36: Train MSE 0.0789, Validation MSE 0.1143
Epoch 36 training time: 88.86483311653137
Epoch 37: Train MSE 0.0784, Validation MSE 0.1135
Epoch 37 training time: 70.56203603744507
Epoch 38: Train MSE 0.0780, Validation MSE 0.1133
Epoch 38 training time: 59.38852548599243
Epoch 39: Train MSE 0.0776, Validation MSE 0.1131
Epoch 39 training time: 37.35722017288208
Epoch 40: Train MSE 0.0772, Validation MSE 0.1124
Epoch 40 training time: 87.54389452934265
Epoch 41: Train MSE 0.0768, Validation MSE 0.1118
Epoch 41 training time: 89.03286242485046
Epoch 42: Train MSE 0.0764, Validation MSE 0.1113
Epoch 42 training time: 58.77896857261658
Epoch 43: Train MSE 0.0760, Validation MSE 0.1110
Epoch 43 training time: 24.029473066329956
Epoch 44: Train MSE 0.0757, Validation MSE 0.1109
Epoch 44 training time: 31.63078808784485
Epoch 45: Train MSE 0.0754, Validation MSE 0.1100
Epoch 45 training time: 45.646249771118164
Epoch 46: Train MSE 0.0751, Validation MSE 0.1095
Epoch 46 training time: 68.25804448127747
Epoch 47: Train MSE 0.0747, Validation MSE 0.1092
Epoch 47 training time: 49.41663098335266
Epoch 48: Train MSE 0.0744, Validation MSE 0.1089
Epoch 48 training time: 70.64706349372864
Epoch 49: Train MSE 0.0741, Validation MSE 0.1083
Epoch 49 training time: 70.062091588974
Epoch 50: Train MSE 0.0739, Validation MSE 0.1082
Epoch 50 training time: 87.56118249893188
Epoch 51: Train MSE 0.0736, Validation MSE 0.1077
Epoch 51 training time: 48.68841528892517
Epoch 52: Train MSE 0.0733, Validation MSE 0.1072
Epoch 52 training time: 29.700814247131348
Epoch 53: Train MSE 0.0730, Validation MSE 0.1070
Epoch 53 training time: 6.646568059921265
Epoch 54: Train MSE 0.0728, Validation MSE 0.1069
Epoch 54 training time: 7.374391555786133
Epoch 55: Train MSE 0.0726, Validation MSE 0.1062
Epoch 55 training time: 39.65475845336914
Epoch 56: Train MSE 0.0723, Validation MSE 0.1060
Epoch 56 training time: 33.082077741622925
Epoch 57: Train MSE 0.0721, Validation MSE 0.1058
Epoch 57 training time: 34.40635967254639
Epoch 58: Train MSE 0.0719, Validation MSE 0.1054
Epoch 58 training time: 56.5761559009552
Epoch 59: Train MSE 0.0717, Validation MSE 0.1049
Epoch 59 training time: 115.14398980140686
Epoch 60: Train MSE 0.0715, Validation MSE 0.1046
Epoch 60 training time: 72.67005133628845
Epoch 61: Train MSE 0.0713, Validation MSE 0.1044
Epoch 61 training time: 27.17839241027832
Epoch 62: Train MSE 0.0711, Validation MSE 0.1043
Epoch 62 training time: 63.608596324920654
Epoch 63: Train MSE 0.0709, Validation MSE 0.1038
Epoch 63 training time: 55.33159565925598
Epoch 64: Train MSE 0.0708, Validation MSE 0.1039
Epoch 64 training time: 23.38743758201599
Epoch 65: Train MSE 0.0706, Validation MSE 0.1036
Epoch 65 training time: 43.26359844207764
Epoch 66: Train MSE 0.0704, Validation MSE 0.1033
Epoch 66 training time: 91.64066338539124
Epoch 67: Train MSE 0.0703, Validation MSE 0.1028
Epoch 67 training time: 105.82595992088318
Epoch 68: Train MSE 0.0701, Validation MSE 0.1029
Epoch 68 training time: 38.769771337509155
Epoch 69: Train MSE 0.0700, Validation MSE 0.1028
Epoch 69 training time: 97.94237947463989
Epoch 70: Train MSE 0.0698, Validation MSE 0.1026
Epoch 70 training time: 153.44921135902405
Epoch 71: Train MSE 0.0697, Validation MSE 0.1024
Epoch 71 training time: 138.4517002105713
Epoch 72: Train MSE 0.0695, Validation MSE 0.1023
Epoch 72 training time: 63.648956298828125
Epoch 73: Train MSE 0.0694, Validation MSE 0.1020
Epoch 73 training time: 52.57297134399414
Epoch 74: Train MSE 0.0693, Validation MSE 0.1019
Epoch 74 training time: 40.12302780151367
Epoch 75: Train MSE 0.0691, Validation MSE 0.1016
Epoch 75 training time: 45.64477562904358
Epoch 76: Train MSE 0.0690, Validation MSE 0.1015
Epoch 76 training time: 73.12799906730652
Epoch 77: Train MSE 0.0689, Validation MSE 0.1018
Epoch 77 training time: 65.16784596443176
Epoch 78: Train MSE 0.0688, Validation MSE 0.1014
Epoch 78 training time: 43.09281277656555
Epoch 79: Train MSE 0.0687, Validation MSE 0.1007
Epoch 79 training time: 88.65094995498657
Epoch 80: Train MSE 0.0686, Validation MSE 0.1008
Epoch 80 training time: 88.49195313453674
Epoch 81: Train MSE 0.0684, Validation MSE 0.1008
Epoch 81 training time: 81.06946730613708
Epoch 82: Train MSE 0.0683, Validation MSE 0.1005
Epoch 82 training time: 56.4682936668396
Epoch 83: Train MSE 0.0682, Validation MSE 0.1004
Epoch 83 training time: 41.4692108631134
Epoch 84: Train MSE 0.0681, Validation MSE 0.1002
Epoch 84 training time: 47.09463405609131
Epoch 85: Train MSE 0.0680, Validation MSE 0.1000
Epoch 85 training time: 85.31447100639343
Epoch 86: Train MSE 0.0679, Validation MSE 0.0999
Epoch 86 training time: 66.04779314994812
Epoch 87: Train MSE 0.0678, Validation MSE 0.1000
Epoch 87 training time: 33.164610385894775
Epoch 88: Train MSE 0.0677, Validation MSE 0.0994
Epoch 88 training time: 24.347495317459106
Epoch 89: Train MSE 0.0676, Validation MSE 0.0999
Epoch 89 training time: 51.89578461647034
Epoch 90: Train MSE 0.0675, Validation MSE 0.0996
Epoch 90 training time: 30.419214487075806
Epoch 91: Train MSE 0.0675, Validation MSE 0.0999
Epoch 91 training time: 58.25088381767273
Epoch 92: Train MSE 0.0674, Validation MSE 0.0993
Epoch 92 training time: 56.279481649398804
Epoch 93: Train MSE 0.0673, Validation MSE 0.0997
Epoch 93 training time: 60.16141057014465
Epoch 94: Train MSE 0.0672, Validation MSE 0.0993
Epoch 94 training time: 62.240684032440186
Epoch 95: Train MSE 0.0671, Validation MSE 0.0993
Epoch 95 training time: 83.80688977241516
Epoch 96: Train MSE 0.0670, Validation MSE 0.0989
Epoch 96 training time: 29.75838875770569
Epoch 97: Train MSE 0.0669, Validation MSE 0.0992
Epoch 97 training time: 37.608800172805786
Epoch 98: Train MSE 0.0668, Validation MSE 0.0986
Epoch 98 training time: 32.01472520828247
Epoch 99: Train MSE 0.0668, Validation MSE 0.0987
Epoch 99 training time: 62.397149085998535
Epoch 100: Train MSE 0.0667, Validation MSE 0.0988
Epoch 100 training time: 19.93715810775757
Epoch 101: Train MSE 0.0666, Validation MSE 0.0985
Epoch 101 training time: 29.832494735717773
Epoch 102: Train MSE 0.0665, Validation MSE 0.0985
Epoch 102 training time: 73.22154331207275
Epoch 103: Train MSE 0.0664, Validation MSE 0.0983
Epoch 103 training time: 57.99033832550049
Epoch 104: Train MSE 0.0664, Validation MSE 0.0985
Epoch 104 training time: 55.54105234146118
Epoch 105: Train MSE 0.0663, Validation MSE 0.0983
Epoch 105 training time: 63.90061664581299
Epoch 106: Train MSE 0.0662, Validation MSE 0.0985
Epoch 106 training time: 108.30113434791565
Epoch 107: Train MSE 0.0661, Validation MSE 0.0981
Epoch 107 training time: 47.89790201187134
Epoch 108: Train MSE 0.0661, Validation MSE 0.0981
Epoch 108 training time: 34.29342555999756
Epoch 109: Train MSE 0.0660, Validation MSE 0.0979
Epoch 109 training time: 117.89304947853088
Epoch 110: Train MSE 0.0659, Validation MSE 0.0979
Epoch 110 training time: 113.4390709400177
Epoch 111: Train MSE 0.0659, Validation MSE 0.0974
Epoch 111 training time: 141.13908052444458
Epoch 112: Train MSE 0.0658, Validation MSE 0.0979
Epoch 112 training time: 72.45402073860168
Epoch 113: Train MSE 0.0657, Validation MSE 0.0977
Epoch 113 training time: 71.69451475143433
Epoch 114: Train MSE 0.0657, Validation MSE 0.0973
Epoch 114 training time: 47.47257041931152
Epoch 115: Train MSE 0.0656, Validation MSE 0.0977
Epoch 115 training time: 38.84331750869751
Epoch 116: Train MSE 0.0655, Validation MSE 0.0971
Epoch 116 training time: 40.76923084259033
Epoch 117: Train MSE 0.0655, Validation MSE 0.0971
Epoch 117 training time: 38.42687749862671
Epoch 118: Train MSE 0.0654, Validation MSE 0.0974
Epoch 118 training time: 61.2527379989624
Epoch 119: Train MSE 0.0653, Validation MSE 0.0971
Epoch 119 training time: 85.69627404212952
Epoch 120: Train MSE 0.0653, Validation MSE 0.0978
Epoch 120 training time: 56.24671792984009
Epoch 121: Train MSE 0.0652, Validation MSE 0.0973
Epoch 121 training time: 57.19258737564087
Epoch 122: Train MSE 0.0652, Validation MSE 0.0968
Epoch 122 training time: 39.13835525512695
Epoch 123: Train MSE 0.0651, Validation MSE 0.0970
Epoch 123 training time: 15.3757905960083
Epoch 124: Train MSE 0.0650, Validation MSE 0.0973
Epoch 124 training time: 29.967029333114624
Epoch 125: Train MSE 0.0650, Validation MSE 0.0967
Epoch 125 training time: 88.2970621585846
Epoch 126: Train MSE 0.0649, Validation MSE 0.0970
Epoch 126 training time: 12.792658567428589
Epoch 127: Train MSE 0.0649, Validation MSE 0.0969
Epoch 127 training time: 5.527163743972778
Epoch 128: Train MSE 0.0648, Validation MSE 0.0964
Epoch 128 training time: 5.167397737503052
Epoch 129: Train MSE 0.0648, Validation MSE 0.0968
Epoch 129 training time: 5.016419887542725
Epoch 130: Train MSE 0.0647, Validation MSE 0.0966
Epoch 130 training time: 5.162077903747559
Epoch 131: Train MSE 0.0646, Validation MSE 0.0965
Epoch 131 training time: 13.435116291046143
Epoch 132: Train MSE 0.0646, Validation MSE 0.0965
Epoch 132 training time: 38.01327204704285
Epoch 133: Train MSE 0.0645, Validation MSE 0.0961
Epoch 133 training time: 54.15948557853699
Epoch 134: Train MSE 0.0645, Validation MSE 0.0968
Epoch 134 training time: 35.868935108184814
Epoch 135: Train MSE 0.0644, Validation MSE 0.0962
Epoch 135 training time: 15.296475172042847
Epoch 136: Train MSE 0.0644, Validation MSE 0.0964
Epoch 136 training time: 29.974886417388916
Epoch 137: Train MSE 0.0643, Validation MSE 0.0963
Epoch 137 training time: 83.83964824676514
Epoch 138: Train MSE 0.0643, Validation MSE 0.0965
Epoch 138 training time: 99.04203057289124
Epoch 139: Train MSE 0.0642, Validation MSE 0.0958
Epoch 139 training time: 23.561482191085815
Epoch 140: Train MSE 0.0642, Validation MSE 0.0964
Epoch 140 training time: 19.14258575439453
Epoch 141: Train MSE 0.0641, Validation MSE 0.0961
Epoch 141 training time: 6.502394437789917
Epoch 142: Train MSE 0.0641, Validation MSE 0.0962
Epoch 142 training time: 4.941074848175049
Epoch 143: Train MSE 0.0640, Validation MSE 0.0964
Epoch 143 training time: 3.892066478729248
Epoch 144: Train MSE 0.0640, Validation MSE 0.0955
Epoch 144 training time: 3.669861078262329
Epoch 145: Train MSE 0.0639, Validation MSE 0.0959
Epoch 145 training time: 3.0265512466430664
Epoch 146: Train MSE 0.0639, Validation MSE 0.0959
Epoch 146 training time: 3.1106183528900146
Epoch 147: Train MSE 0.0639, Validation MSE 0.0961
Epoch 147 training time: 2.9649152755737305
Epoch 148: Train MSE 0.0638, Validation MSE 0.0956
Epoch 148 training time: 3.1323630809783936
Epoch 149: Train MSE 0.0638, Validation MSE 0.0956
Epoch 149 training time: 3.1357312202453613
