/home/gsm0197/sralab_working/lstm_4to1/trial2/j1/lstm.py:120: DeprecationWarning: __array_wrap__ must accept context and return_scalar arguments (positionally) in the future. (Deprecated NumPy 2.0)
  train_rmse = np.sqrt(loss_fn(y_pred, y_train))
/home/gsm0197/sralab_working/lstm_4to1/trial2/j1/lstm.py:122: DeprecationWarning: __array_wrap__ must accept context and return_scalar arguments (positionally) in the future. (Deprecated NumPy 2.0)
  test_rmse = np.sqrt(loss_fn(y_pred, y_test))
torch.Size([403283, 50, 4]) torch.Size([403283, 50, 1])
torch.Size([198284, 50, 4]) torch.Size([198284, 50, 1])
Epoch 0: Train RMSE 0.0548, Test RMSE 0.0677
Epoch 1: Train RMSE 0.0523, Test RMSE 0.0643
Epoch 2: Train RMSE 0.0513, Test RMSE 0.0653
Epoch 3: Train RMSE 0.0499, Test RMSE 0.0659
Epoch 4: Train RMSE 0.0493, Test RMSE 0.0653
Epoch 5: Train RMSE 0.0490, Test RMSE 0.0653
Epoch 6: Train RMSE 0.0480, Test RMSE 0.0639
Epoch 7: Train RMSE 0.0483, Test RMSE 0.0661
Epoch 8: Train RMSE 0.0487, Test RMSE 0.0667
Epoch 9: Train RMSE 0.0478, Test RMSE 0.0667
Epoch 10: Train RMSE 0.0471, Test RMSE 0.0652
Epoch 11: Train RMSE 0.0464, Test RMSE 0.0648
Epoch 12: Train RMSE 0.0462, Test RMSE 0.0655
Epoch 13: Train RMSE 0.0465, Test RMSE 0.0658
Epoch 14: Train RMSE 0.0459, Test RMSE 0.0678
Epoch 15: Train RMSE 0.0454, Test RMSE 0.0668
Epoch 16: Train RMSE 0.0456, Test RMSE 0.0642
Epoch 17: Train RMSE 0.0454, Test RMSE 0.0656
Epoch 18: Train RMSE 0.0450, Test RMSE 0.0644
Epoch 19: Train RMSE 0.0447, Test RMSE 0.0641
Epoch 20: Train RMSE 0.0445, Test RMSE 0.0632
Epoch 21: Train RMSE 0.0443, Test RMSE 0.0641
Epoch 22: Train RMSE 0.0441, Test RMSE 0.0634
Epoch 23: Train RMSE 0.0442, Test RMSE 0.0674
Epoch 24: Train RMSE 0.0437, Test RMSE 0.0632
Epoch 25: Train RMSE 0.0436, Test RMSE 0.0654
Epoch 26: Train RMSE 0.0440, Test RMSE 0.0669
Epoch 27: Train RMSE 0.0429, Test RMSE 0.0643
Epoch 28: Train RMSE 0.0438, Test RMSE 0.0680
Epoch 29: Train RMSE 0.0430, Test RMSE 0.0661
Epoch 30: Train RMSE 0.0441, Test RMSE 0.0662
Epoch 31: Train RMSE 0.0426, Test RMSE 0.0673
Epoch 32: Train RMSE 0.0428, Test RMSE 0.0619
Epoch 33: Train RMSE 0.0425, Test RMSE 0.0648
Epoch 34: Train RMSE 0.0424, Test RMSE 0.0680
Epoch 35: Train RMSE 0.0418, Test RMSE 0.0643
Epoch 36: Train RMSE 0.0421, Test RMSE 0.0675
Epoch 37: Train RMSE 0.0431, Test RMSE 0.0642
Epoch 38: Train RMSE 0.0424, Test RMSE 0.0671
Epoch 39: Train RMSE 0.0417, Test RMSE 0.0639
Epoch 40: Train RMSE 0.0427, Test RMSE 0.0663
Epoch 41: Train RMSE 0.0419, Test RMSE 0.0651
Epoch 42: Train RMSE 0.0417, Test RMSE 0.0664
Epoch 43: Train RMSE 0.0421, Test RMSE 0.0667
Epoch 44: Train RMSE 0.0411, Test RMSE 0.0657
Epoch 45: Train RMSE 0.0413, Test RMSE 0.0646
Epoch 46: Train RMSE 0.0419, Test RMSE 0.0646
Epoch 47: Train RMSE 0.0413, Test RMSE 0.0664
Epoch 48: Train RMSE 0.0412, Test RMSE 0.0642
Epoch 49: Train RMSE 0.0418, Test RMSE 0.0637
Epoch 50: Train RMSE 0.0407, Test RMSE 0.0662
Epoch 51: Train RMSE 0.0408, Test RMSE 0.0649
Epoch 52: Train RMSE 0.0403, Test RMSE 0.0649
Epoch 53: Train RMSE 0.0403, Test RMSE 0.0667
Epoch 54: Train RMSE 0.0403, Test RMSE 0.0673
Epoch 55: Train RMSE 0.0416, Test RMSE 0.0682
Epoch 56: Train RMSE 0.0403, Test RMSE 0.0672
Epoch 57: Train RMSE 0.0408, Test RMSE 0.0646
Epoch 58: Train RMSE 0.0409, Test RMSE 0.0672
Epoch 59: Train RMSE 0.0399, Test RMSE 0.0651
Epoch 60: Train RMSE 0.0413, Test RMSE 0.0673
Epoch 61: Train RMSE 0.0397, Test RMSE 0.0659
Epoch 62: Train RMSE 0.0403, Test RMSE 0.0685
Epoch 63: Train RMSE 0.0406, Test RMSE 0.0678
Epoch 64: Train RMSE 0.0404, Test RMSE 0.0665
Epoch 65: Train RMSE 0.0400, Test RMSE 0.0679
Epoch 66: Train RMSE 0.0396, Test RMSE 0.0676
Epoch 67: Train RMSE 0.0397, Test RMSE 0.0651
Epoch 68: Train RMSE 0.0407, Test RMSE 0.0691
Epoch 69: Train RMSE 0.0398, Test RMSE 0.0655
Epoch 70: Train RMSE 0.0393, Test RMSE 0.0668
Epoch 71: Train RMSE 0.0401, Test RMSE 0.0668
Epoch 72: Train RMSE 0.0393, Test RMSE 0.0678
Epoch 73: Train RMSE 0.0392, Test RMSE 0.0661
Epoch 74: Train RMSE 0.0395, Test RMSE 0.0676
Epoch 75: Train RMSE 0.0395, Test RMSE 0.0654
Epoch 76: Train RMSE 0.0391, Test RMSE 0.0663
Epoch 77: Train RMSE 0.0396, Test RMSE 0.0690
Epoch 78: Train RMSE 0.0388, Test RMSE 0.0674
Epoch 79: Train RMSE 0.0393, Test RMSE 0.0650
Epoch 80: Train RMSE 0.0388, Test RMSE 0.0666
Epoch 81: Train RMSE 0.0387, Test RMSE 0.0671
Epoch 82: Train RMSE 0.0388, Test RMSE 0.0675
Epoch 83: Train RMSE 0.0389, Test RMSE 0.0655
Epoch 84: Train RMSE 0.0390, Test RMSE 0.0681
Epoch 85: Train RMSE 0.0387, Test RMSE 0.0673
Epoch 86: Train RMSE 0.0389, Test RMSE 0.0660
Epoch 87: Train RMSE 0.0388, Test RMSE 0.0674
Epoch 88: Train RMSE 0.0393, Test RMSE 0.0660
Epoch 89: Train RMSE 0.0383, Test RMSE 0.0673
Epoch 90: Train RMSE 0.0392, Test RMSE 0.0674
Epoch 91: Train RMSE 0.0385, Test RMSE 0.0664
Epoch 92: Train RMSE 0.0385, Test RMSE 0.0670
Epoch 93: Train RMSE 0.0385, Test RMSE 0.0676
Epoch 94: Train RMSE 0.0385, Test RMSE 0.0657
Epoch 95: Train RMSE 0.0389, Test RMSE 0.0665
Epoch 96: Train RMSE 0.0382, Test RMSE 0.0669
Epoch 97: Train RMSE 0.0387, Test RMSE 0.0692
Epoch 98: Train RMSE 0.0382, Test RMSE 0.0666
Epoch 99: Train RMSE 0.0384, Test RMSE 0.0667
Epoch 100: Train RMSE 0.0383, Test RMSE 0.0665
Epoch 101: Train RMSE 0.0381, Test RMSE 0.0677
Epoch 102: Train RMSE 0.0383, Test RMSE 0.0689
Epoch 103: Train RMSE 0.0383, Test RMSE 0.0686
Epoch 104: Train RMSE 0.0379, Test RMSE 0.0685
Epoch 105: Train RMSE 0.0384, Test RMSE 0.0701
Epoch 106: Train RMSE 0.0388, Test RMSE 0.0668
Epoch 107: Train RMSE 0.0382, Test RMSE 0.0678
Epoch 108: Train RMSE 0.0378, Test RMSE 0.0671
Epoch 109: Train RMSE 0.0378, Test RMSE 0.0675
Epoch 110: Train RMSE 0.0380, Test RMSE 0.0680
Epoch 111: Train RMSE 0.0386, Test RMSE 0.0684
Epoch 112: Train RMSE 0.0379, Test RMSE 0.0668
Epoch 113: Train RMSE 0.0380, Test RMSE 0.0668
Epoch 114: Train RMSE 0.0381, Test RMSE 0.0681
Epoch 115: Train RMSE 0.0380, Test RMSE 0.0688
Epoch 116: Train RMSE 0.0375, Test RMSE 0.0680
Epoch 117: Train RMSE 0.0376, Test RMSE 0.0668
Epoch 118: Train RMSE 0.0377, Test RMSE 0.0686
Epoch 119: Train RMSE 0.0378, Test RMSE 0.0667
Epoch 120: Train RMSE 0.0371, Test RMSE 0.0681
Epoch 121: Train RMSE 0.0372, Test RMSE 0.0672
Epoch 122: Train RMSE 0.0376, Test RMSE 0.0690
Epoch 123: Train RMSE 0.0374, Test RMSE 0.0679
Epoch 124: Train RMSE 0.0373, Test RMSE 0.0681
Epoch 125: Train RMSE 0.0373, Test RMSE 0.0669
Epoch 126: Train RMSE 0.0371, Test RMSE 0.0687
Epoch 127: Train RMSE 0.0371, Test RMSE 0.0677
Epoch 128: Train RMSE 0.0371, Test RMSE 0.0669
Epoch 129: Train RMSE 0.0370, Test RMSE 0.0682
Epoch 130: Train RMSE 0.0369, Test RMSE 0.0682
Epoch 131: Train RMSE 0.0368, Test RMSE 0.0681
Epoch 132: Train RMSE 0.0394, Test RMSE 0.0692
Epoch 133: Train RMSE 0.0369, Test RMSE 0.0676
Epoch 134: Train RMSE 0.0371, Test RMSE 0.0685
Epoch 135: Train RMSE 0.0369, Test RMSE 0.0679
Epoch 136: Train RMSE 0.0369, Test RMSE 0.0674
Epoch 137: Train RMSE 0.0369, Test RMSE 0.0680
Epoch 138: Train RMSE 0.0369, Test RMSE 0.0670
Epoch 139: Train RMSE 0.0368, Test RMSE 0.0683
Epoch 140: Train RMSE 0.0369, Test RMSE 0.0684
Epoch 141: Train RMSE 0.0370, Test RMSE 0.0670
Epoch 142: Train RMSE 0.0367, Test RMSE 0.0690
Epoch 143: Train RMSE 0.0366, Test RMSE 0.0687
Epoch 144: Train RMSE 0.0454, Test RMSE 0.0688
Epoch 145: Train RMSE 0.0370, Test RMSE 0.0697
Epoch 146: Train RMSE 0.0373, Test RMSE 0.0698
Epoch 147: Train RMSE 0.0366, Test RMSE 0.0687
Epoch 148: Train RMSE 0.0368, Test RMSE 0.0664
Epoch 149: Train RMSE 0.0373, Test RMSE 0.0664
Epoch 150: Train RMSE 0.0363, Test RMSE 0.0675
Epoch 151: Train RMSE 0.0368, Test RMSE 0.0687
Epoch 152: Train RMSE 0.0367, Test RMSE 0.0682
Epoch 153: Train RMSE 0.0372, Test RMSE 0.0688
Epoch 154: Train RMSE 0.0364, Test RMSE 0.0683
Epoch 155: Train RMSE 0.0369, Test RMSE 0.0686
Epoch 156: Train RMSE 0.0369, Test RMSE 0.0684
Epoch 157: Train RMSE 0.0371, Test RMSE 0.0698
Epoch 158: Train RMSE 0.0370, Test RMSE 0.0685
Epoch 159: Train RMSE 0.0365, Test RMSE 0.0680
Epoch 160: Train RMSE 0.0364, Test RMSE 0.0689
Epoch 161: Train RMSE 0.0370, Test RMSE 0.0672
Epoch 162: Train RMSE 0.0365, Test RMSE 0.0696
Epoch 163: Train RMSE 0.0361, Test RMSE 0.0682
Epoch 164: Train RMSE 0.0360, Test RMSE 0.0694
Epoch 165: Train RMSE 0.0363, Test RMSE 0.0679
Epoch 166: Train RMSE 0.0362, Test RMSE 0.0688
Epoch 167: Train RMSE 0.0361, Test RMSE 0.0692
Epoch 168: Train RMSE 0.0363, Test RMSE 0.0696
Epoch 169: Train RMSE 0.0365, Test RMSE 0.0687
Epoch 170: Train RMSE 0.0363, Test RMSE 0.0691
Epoch 171: Train RMSE 0.0365, Test RMSE 0.0696
Epoch 172: Train RMSE 0.0364, Test RMSE 0.0687
Epoch 173: Train RMSE 0.0363, Test RMSE 0.0691
Epoch 174: Train RMSE 0.0361, Test RMSE 0.0690
Epoch 175: Train RMSE 0.0370, Test RMSE 0.0681
Epoch 176: Train RMSE 0.0368, Test RMSE 0.0678
Epoch 177: Train RMSE 0.0365, Test RMSE 0.0702
Epoch 178: Train RMSE 0.0364, Test RMSE 0.0705
Epoch 179: Train RMSE 0.0366, Test RMSE 0.0688
Epoch 180: Train RMSE 0.0365, Test RMSE 0.0703
Epoch 181: Train RMSE 0.0359, Test RMSE 0.0693
Epoch 182: Train RMSE 0.0363, Test RMSE 0.0680
Epoch 183: Train RMSE 0.0362, Test RMSE 0.0669
Epoch 184: Train RMSE 0.0360, Test RMSE 0.0693
Epoch 185: Train RMSE 0.0359, Test RMSE 0.0701
Epoch 186: Train RMSE 0.0362, Test RMSE 0.0693
Epoch 187: Train RMSE 0.0359, Test RMSE 0.0689
Epoch 188: Train RMSE 0.0363, Test RMSE 0.0684
Epoch 189: Train RMSE 0.0357, Test RMSE 0.0696
Epoch 190: Train RMSE 0.0359, Test RMSE 0.0698
Epoch 191: Train RMSE 0.0360, Test RMSE 0.0679
Epoch 192: Train RMSE 0.0360, Test RMSE 0.0708
Epoch 193: Train RMSE 0.0361, Test RMSE 0.0697
Epoch 194: Train RMSE 0.0358, Test RMSE 0.0708
Epoch 195: Train RMSE 0.0391, Test RMSE 0.0698
Epoch 196: Train RMSE 0.0360, Test RMSE 0.0694
Epoch 197: Train RMSE 0.0359, Test RMSE 0.0701
Epoch 198: Train RMSE 0.0359, Test RMSE 0.0699
Epoch 199: Train RMSE 0.0356, Test RMSE 0.0691
