nohup: ignoring input
/home/gsm0197/sralab_working/lstm_FullData/trial7/lstm.py:75: DtypeWarning: Columns (136) have mixed types. Specify dtype option on import or set low_memory=False.
  therapist4_part1 = pd.read_csv(therapist4_datapath,
/home/gsm0197/sralab_working/lstm_FullData/trial7/lstm.py:81: DtypeWarning: Columns (136) have mixed types. Specify dtype option on import or set low_memory=False.
  therapist4_part2 = pd.read_csv(therapist4_datapath,
/home/gsm0197/sralab_working/lstm_FullData/trial7/lstm.py:125: DtypeWarning: Columns (136) have mixed types. Specify dtype option on import or set low_memory=False.
  therapist9_part1 = pd.read_csv(therapist9_datapath,
/home/gsm0197/sralab_working/lstm_FullData/trial7/lstm.py:131: DtypeWarning: Columns (136) have mixed types. Specify dtype option on import or set low_memory=False.
  therapist9_part2 = pd.read_csv(therapist9_datapath,
/home/gsm0197/sralab_working/venv/lib/python3.12/site-packages/torch/nn/modules/rnn.py:123: UserWarning: dropout option adds dropout after all but last recurrent layer, so non-zero dropout expects num_layers greater than 1, but got dropout=0.2 and num_layers=1
  warnings.warn(
/home/gsm0197/sralab_working/lstm_FullData/trial7/lstm.py:322: DeprecationWarning: __array_wrap__ must accept context and return_scalar arguments (positionally) in the future. (Deprecated NumPy 2.0)
  train_rmse = np.sqrt(loss_fn(y_pred, y_train))
/home/gsm0197/sralab_working/lstm_FullData/trial7/lstm.py:324: DeprecationWarning: __array_wrap__ must accept context and return_scalar arguments (positionally) in the future. (Deprecated NumPy 2.0)
  valid_rmse = np.sqrt(loss_fn(y_pred, y_valid))
torch.Size([2602203, 50, 8]) torch.Size([2602203, 50, 4])
torch.Size([743452, 50, 8]) torch.Size([743452, 50, 4])
Epoch 0: Train RMSE 0.1173, Validation RMSE 0.1253
Epoch 1: Train RMSE 0.0783, Validation RMSE 0.0851
Epoch 2: Train RMSE 0.0682, Validation RMSE 0.0747
Epoch 3: Train RMSE 0.0644, Validation RMSE 0.0706
Epoch 4: Train RMSE 0.0625, Validation RMSE 0.0685
Epoch 5: Train RMSE 0.0614, Validation RMSE 0.0675
Epoch 6: Train RMSE 0.0606, Validation RMSE 0.0667
Epoch 7: Train RMSE 0.0601, Validation RMSE 0.0663
Epoch 8: Train RMSE 0.0596, Validation RMSE 0.0658
Epoch 9: Train RMSE 0.0592, Validation RMSE 0.0656
Epoch 10: Train RMSE 0.0589, Validation RMSE 0.0654
Epoch 11: Train RMSE 0.0586, Validation RMSE 0.0652
Epoch 12: Train RMSE 0.0583, Validation RMSE 0.0650
Epoch 13: Train RMSE 0.0581, Validation RMSE 0.0648
Epoch 14: Train RMSE 0.0578, Validation RMSE 0.0647
Epoch 15: Train RMSE 0.0576, Validation RMSE 0.0645
Epoch 16: Train RMSE 0.0574, Validation RMSE 0.0644
Epoch 17: Train RMSE 0.0572, Validation RMSE 0.0642
Epoch 18: Train RMSE 0.0570, Validation RMSE 0.0640
Epoch 19: Train RMSE 0.0568, Validation RMSE 0.0638
Epoch 20: Train RMSE 0.0566, Validation RMSE 0.0638
Epoch 21: Train RMSE 0.0564, Validation RMSE 0.0635
Epoch 22: Train RMSE 0.0563, Validation RMSE 0.0635
Epoch 23: Train RMSE 0.0561, Validation RMSE 0.0632
Epoch 24: Train RMSE 0.0560, Validation RMSE 0.0631
Epoch 25: Train RMSE 0.0558, Validation RMSE 0.0629
Epoch 26: Train RMSE 0.0557, Validation RMSE 0.0629
Epoch 27: Train RMSE 0.0555, Validation RMSE 0.0626
Epoch 28: Train RMSE 0.0554, Validation RMSE 0.0626
Epoch 29: Train RMSE 0.0553, Validation RMSE 0.0625
Epoch 30: Train RMSE 0.0551, Validation RMSE 0.0623
Epoch 31: Train RMSE 0.0550, Validation RMSE 0.0622
Epoch 32: Train RMSE 0.0549, Validation RMSE 0.0620
Epoch 33: Train RMSE 0.0548, Validation RMSE 0.0619
Epoch 34: Train RMSE 0.0546, Validation RMSE 0.0620
Epoch 35: Train RMSE 0.0545, Validation RMSE 0.0618
Epoch 36: Train RMSE 0.0544, Validation RMSE 0.0619
Epoch 37: Train RMSE 0.0543, Validation RMSE 0.0617
Epoch 38: Train RMSE 0.0542, Validation RMSE 0.0616
Epoch 39: Train RMSE 0.0541, Validation RMSE 0.0614
Epoch 40: Train RMSE 0.0540, Validation RMSE 0.0614
Epoch 41: Train RMSE 0.0539, Validation RMSE 0.0614
Epoch 42: Train RMSE 0.0538, Validation RMSE 0.0612
Epoch 43: Train RMSE 0.0537, Validation RMSE 0.0611
Epoch 44: Train RMSE 0.0536, Validation RMSE 0.0612
Epoch 45: Train RMSE 0.0535, Validation RMSE 0.0609
Epoch 46: Train RMSE 0.0534, Validation RMSE 0.0611
Epoch 47: Train RMSE 0.0534, Validation RMSE 0.0609
Epoch 48: Train RMSE 0.0533, Validation RMSE 0.0610
Epoch 49: Train RMSE 0.0532, Validation RMSE 0.0610
Epoch 50: Train RMSE 0.0531, Validation RMSE 0.0609
Epoch 51: Train RMSE 0.0530, Validation RMSE 0.0607
Epoch 52: Train RMSE 0.0529, Validation RMSE 0.0608
Epoch 53: Train RMSE 0.0529, Validation RMSE 0.0607
Epoch 54: Train RMSE 0.0528, Validation RMSE 0.0607
Epoch 55: Train RMSE 0.0527, Validation RMSE 0.0605
Epoch 56: Train RMSE 0.0527, Validation RMSE 0.0607
Epoch 57: Train RMSE 0.0526, Validation RMSE 0.0605
Epoch 58: Train RMSE 0.0525, Validation RMSE 0.0605
Epoch 59: Train RMSE 0.0524, Validation RMSE 0.0605
Epoch 60: Train RMSE 0.0524, Validation RMSE 0.0604
Epoch 61: Train RMSE 0.0523, Validation RMSE 0.0604
Epoch 62: Train RMSE 0.0523, Validation RMSE 0.0605
Epoch 63: Train RMSE 0.0522, Validation RMSE 0.0604
Epoch 64: Train RMSE 0.0522, Validation RMSE 0.0603
Epoch 65: Train RMSE 0.0521, Validation RMSE 0.0603
Epoch 66: Train RMSE 0.0520, Validation RMSE 0.0602
Epoch 67: Train RMSE 0.0520, Validation RMSE 0.0603
Epoch 68: Train RMSE 0.0519, Validation RMSE 0.0602
Epoch 69: Train RMSE 0.0518, Validation RMSE 0.0602
Epoch 70: Train RMSE 0.0518, Validation RMSE 0.0602
Epoch 71: Train RMSE 0.0517, Validation RMSE 0.0601
Epoch 72: Train RMSE 0.0517, Validation RMSE 0.0601
Epoch 73: Train RMSE 0.0516, Validation RMSE 0.0600
Epoch 74: Train RMSE 0.0516, Validation RMSE 0.0600
Epoch 75: Train RMSE 0.0515, Validation RMSE 0.0601
Epoch 76: Train RMSE 0.0515, Validation RMSE 0.0599
Epoch 77: Train RMSE 0.0514, Validation RMSE 0.0600
Epoch 78: Train RMSE 0.0514, Validation RMSE 0.0599
Epoch 79: Train RMSE 0.0513, Validation RMSE 0.0600
Epoch 80: Train RMSE 0.0513, Validation RMSE 0.0598
Epoch 81: Train RMSE 0.0512, Validation RMSE 0.0597
Epoch 82: Train RMSE 0.0512, Validation RMSE 0.0598
Epoch 83: Train RMSE 0.0511, Validation RMSE 0.0598
Epoch 84: Train RMSE 0.0511, Validation RMSE 0.0598
Epoch 85: Train RMSE 0.0511, Validation RMSE 0.0598
Epoch 86: Train RMSE 0.0510, Validation RMSE 0.0597
Epoch 87: Train RMSE 0.0509, Validation RMSE 0.0597
Epoch 88: Train RMSE 0.0509, Validation RMSE 0.0596
Epoch 89: Train RMSE 0.0509, Validation RMSE 0.0597
Epoch 90: Train RMSE 0.0508, Validation RMSE 0.0596
Epoch 91: Train RMSE 0.0508, Validation RMSE 0.0596
Epoch 92: Train RMSE 0.0508, Validation RMSE 0.0594
Epoch 93: Train RMSE 0.0507, Validation RMSE 0.0595
Epoch 94: Train RMSE 0.0507, Validation RMSE 0.0595
Epoch 95: Train RMSE 0.0506, Validation RMSE 0.0596
Epoch 96: Train RMSE 0.0506, Validation RMSE 0.0594
Epoch 97: Train RMSE 0.0505, Validation RMSE 0.0596
Epoch 98: Train RMSE 0.0505, Validation RMSE 0.0594
Epoch 99: Train RMSE 0.0505, Validation RMSE 0.0594
Epoch 100: Train RMSE 0.0504, Validation RMSE 0.0594
Epoch 101: Train RMSE 0.0504, Validation RMSE 0.0595
Epoch 102: Train RMSE 0.0504, Validation RMSE 0.0594
Epoch 103: Train RMSE 0.0503, Validation RMSE 0.0593
Epoch 104: Train RMSE 0.0503, Validation RMSE 0.0593
Epoch 105: Train RMSE 0.0503, Validation RMSE 0.0594
Epoch 106: Train RMSE 0.0502, Validation RMSE 0.0593
Epoch 107: Train RMSE 0.0502, Validation RMSE 0.0593
Epoch 108: Train RMSE 0.0502, Validation RMSE 0.0593
Epoch 109: Train RMSE 0.0501, Validation RMSE 0.0592
Epoch 110: Train RMSE 0.0501, Validation RMSE 0.0592
Epoch 111: Train RMSE 0.0501, Validation RMSE 0.0593
Epoch 112: Train RMSE 0.0501, Validation RMSE 0.0594
Epoch 113: Train RMSE 0.0500, Validation RMSE 0.0592
Epoch 114: Train RMSE 0.0500, Validation RMSE 0.0592
Epoch 115: Train RMSE 0.0500, Validation RMSE 0.0592
Epoch 116: Train RMSE 0.0500, Validation RMSE 0.0592
Epoch 117: Train RMSE 0.0499, Validation RMSE 0.0591
Epoch 118: Train RMSE 0.0499, Validation RMSE 0.0591
Epoch 119: Train RMSE 0.0499, Validation RMSE 0.0590
Epoch 120: Train RMSE 0.0498, Validation RMSE 0.0591
Epoch 121: Train RMSE 0.0498, Validation RMSE 0.0589
Epoch 122: Train RMSE 0.0497, Validation RMSE 0.0590
Epoch 123: Train RMSE 0.0497, Validation RMSE 0.0589
Epoch 124: Train RMSE 0.0497, Validation RMSE 0.0589
Epoch 125: Train RMSE 0.0497, Validation RMSE 0.0590
Epoch 126: Train RMSE 0.0496, Validation RMSE 0.0589
Epoch 127: Train RMSE 0.0496, Validation RMSE 0.0589
Epoch 128: Train RMSE 0.0496, Validation RMSE 0.0590
Epoch 129: Train RMSE 0.0495, Validation RMSE 0.0589
Epoch 130: Train RMSE 0.0495, Validation RMSE 0.0588
Epoch 131: Train RMSE 0.0495, Validation RMSE 0.0587
Epoch 132: Train RMSE 0.0495, Validation RMSE 0.0589
Epoch 133: Train RMSE 0.0494, Validation RMSE 0.0589
Epoch 134: Train RMSE 0.0494, Validation RMSE 0.0589
Epoch 135: Train RMSE 0.0494, Validation RMSE 0.0588
Epoch 136: Train RMSE 0.0494, Validation RMSE 0.0587
Epoch 137: Train RMSE 0.0493, Validation RMSE 0.0588
Epoch 138: Train RMSE 0.0493, Validation RMSE 0.0588
Epoch 139: Train RMSE 0.0493, Validation RMSE 0.0589
Epoch 140: Train RMSE 0.0492, Validation RMSE 0.0588
Epoch 141: Train RMSE 0.0492, Validation RMSE 0.0587
Epoch 142: Train RMSE 0.0492, Validation RMSE 0.0587
Epoch 143: Train RMSE 0.0491, Validation RMSE 0.0587
Epoch 144: Train RMSE 0.0491, Validation RMSE 0.0587
Epoch 145: Train RMSE 0.0491, Validation RMSE 0.0586
Epoch 146: Train RMSE 0.0491, Validation RMSE 0.0586
Epoch 147: Train RMSE 0.0491, Validation RMSE 0.0589
Epoch 148: Train RMSE 0.0491, Validation RMSE 0.0586
Epoch 149: Train RMSE 0.0490, Validation RMSE 0.0587
