/home/gsm0197/sralab_working/lstm_4to1/trial3/j3/lstm.py:122: DeprecationWarning: __array_wrap__ must accept context and return_scalar arguments (positionally) in the future. (Deprecated NumPy 2.0)
  train_rmse = np.sqrt(loss_fn(y_pred, y_train))
/home/gsm0197/sralab_working/lstm_4to1/trial3/j3/lstm.py:124: DeprecationWarning: __array_wrap__ must accept context and return_scalar arguments (positionally) in the future. (Deprecated NumPy 2.0)
  test_rmse = np.sqrt(loss_fn(y_pred, y_test))
torch.Size([403283, 50, 4]) torch.Size([403283, 50, 1])
torch.Size([198284, 50, 4]) torch.Size([198284, 50, 1])
Epoch 0: Train RMSE 0.0811, Test RMSE 0.0896
Epoch 1: Train RMSE 0.0782, Test RMSE 0.0868
Epoch 2: Train RMSE 0.0760, Test RMSE 0.0848
Epoch 3: Train RMSE 0.0811, Test RMSE 0.0902
Epoch 4: Train RMSE 0.0814, Test RMSE 0.0902
Epoch 5: Train RMSE 0.0828, Test RMSE 0.0921
Epoch 6: Train RMSE 0.0794, Test RMSE 0.0885
Epoch 7: Train RMSE 0.0826, Test RMSE 0.0922
Epoch 8: Train RMSE 0.0813, Test RMSE 0.0908
Epoch 9: Train RMSE 0.0804, Test RMSE 0.0906
Epoch 10: Train RMSE 0.0817, Test RMSE 0.0917
Epoch 11: Train RMSE 0.0837, Test RMSE 0.0935
Epoch 12: Train RMSE 0.0806, Test RMSE 0.0901
Epoch 13: Train RMSE 0.0834, Test RMSE 0.0923
Epoch 14: Train RMSE 0.0823, Test RMSE 0.0914
Epoch 15: Train RMSE 0.0876, Test RMSE 0.0966
Epoch 16: Train RMSE 0.0860, Test RMSE 0.0951
Epoch 17: Train RMSE 0.0839, Test RMSE 0.0936
Epoch 18: Train RMSE 0.0809, Test RMSE 0.0909
Epoch 19: Train RMSE 0.0877, Test RMSE 0.0971
Epoch 20: Train RMSE 0.0827, Test RMSE 0.0930
Epoch 21: Train RMSE 0.0860, Test RMSE 0.0951
Epoch 22: Train RMSE 0.0871, Test RMSE 0.0961
Epoch 23: Train RMSE 0.0860, Test RMSE 0.0943
Epoch 24: Train RMSE 0.0842, Test RMSE 0.0938
Epoch 25: Train RMSE 0.0865, Test RMSE 0.0960
Epoch 26: Train RMSE 0.0864, Test RMSE 0.0963
Epoch 27: Train RMSE 0.0856, Test RMSE 0.0959
Epoch 28: Train RMSE 0.0847, Test RMSE 0.0950
Epoch 29: Train RMSE 0.0876, Test RMSE 0.0982
Epoch 30: Train RMSE 0.0861, Test RMSE 0.0960
Epoch 31: Train RMSE 0.0873, Test RMSE 0.0987
Epoch 32: Train RMSE 0.0884, Test RMSE 0.0989
Epoch 33: Train RMSE 0.0854, Test RMSE 0.0966
Epoch 34: Train RMSE 0.0843, Test RMSE 0.0943
Epoch 35: Train RMSE 0.0876, Test RMSE 0.0978
Epoch 36: Train RMSE 0.0878, Test RMSE 0.0969
Epoch 37: Train RMSE 0.0890, Test RMSE 0.0999
Epoch 38: Train RMSE 0.0865, Test RMSE 0.0972
Epoch 39: Train RMSE 0.0864, Test RMSE 0.0971
Epoch 40: Train RMSE 0.0876, Test RMSE 0.0989
Epoch 41: Train RMSE 0.0862, Test RMSE 0.0970
Epoch 42: Train RMSE 0.0872, Test RMSE 0.0977
Epoch 43: Train RMSE 0.0871, Test RMSE 0.0980
Epoch 44: Train RMSE 0.0874, Test RMSE 0.0979
Epoch 45: Train RMSE 0.0870, Test RMSE 0.0976
Epoch 46: Train RMSE 0.0852, Test RMSE 0.0959
Epoch 47: Train RMSE 0.0859, Test RMSE 0.0961
Epoch 48: Train RMSE 0.0850, Test RMSE 0.0966
Epoch 49: Train RMSE 0.0842, Test RMSE 0.0956
Epoch 50: Train RMSE 0.0851, Test RMSE 0.0972
Epoch 51: Train RMSE 0.0868, Test RMSE 0.0967
Epoch 52: Train RMSE 0.0878, Test RMSE 0.0977
Epoch 53: Train RMSE 0.0874, Test RMSE 0.0983
Epoch 54: Train RMSE 0.0850, Test RMSE 0.0958
Epoch 55: Train RMSE 0.0863, Test RMSE 0.0968
Epoch 56: Train RMSE 0.0857, Test RMSE 0.0958
Epoch 57: Train RMSE 0.0843, Test RMSE 0.0956
Epoch 58: Train RMSE 0.0881, Test RMSE 0.0986
Epoch 59: Train RMSE 0.0876, Test RMSE 0.0981
Epoch 60: Train RMSE 0.0856, Test RMSE 0.0970
Epoch 61: Train RMSE 0.0873, Test RMSE 0.0975
Epoch 62: Train RMSE 0.0830, Test RMSE 0.0939
Epoch 63: Train RMSE 0.0866, Test RMSE 0.0973
Epoch 64: Train RMSE 0.0850, Test RMSE 0.0959
Epoch 65: Train RMSE 0.0868, Test RMSE 0.0972
Epoch 66: Train RMSE 0.0857, Test RMSE 0.0970
Epoch 67: Train RMSE 0.0864, Test RMSE 0.0976
Epoch 68: Train RMSE 0.0873, Test RMSE 0.0985
Epoch 69: Train RMSE 0.0857, Test RMSE 0.0969
Epoch 70: Train RMSE 0.0854, Test RMSE 0.0963
Epoch 71: Train RMSE 0.0866, Test RMSE 0.0979
Epoch 72: Train RMSE 0.0841, Test RMSE 0.0946
Epoch 73: Train RMSE 0.0844, Test RMSE 0.0958
Epoch 74: Train RMSE 0.0853, Test RMSE 0.0962
Epoch 75: Train RMSE 0.0882, Test RMSE 0.0992
Epoch 76: Train RMSE 0.0870, Test RMSE 0.0989
Epoch 77: Train RMSE 0.0870, Test RMSE 0.0985
Epoch 78: Train RMSE 0.0864, Test RMSE 0.0968
Epoch 79: Train RMSE 0.0862, Test RMSE 0.0974
Epoch 80: Train RMSE 0.0870, Test RMSE 0.0981
Epoch 81: Train RMSE 0.0868, Test RMSE 0.0976
Epoch 82: Train RMSE 0.0862, Test RMSE 0.0977
Epoch 83: Train RMSE 0.0851, Test RMSE 0.0960
Epoch 84: Train RMSE 0.0885, Test RMSE 0.0993
Epoch 85: Train RMSE 0.0883, Test RMSE 0.0996
Epoch 86: Train RMSE 0.0863, Test RMSE 0.0974
Epoch 87: Train RMSE 0.0848, Test RMSE 0.0957
Epoch 88: Train RMSE 0.0852, Test RMSE 0.0963
Epoch 89: Train RMSE 0.0859, Test RMSE 0.0975
Epoch 90: Train RMSE 0.0881, Test RMSE 0.0988
Epoch 91: Train RMSE 0.0883, Test RMSE 0.0994
Epoch 92: Train RMSE 0.0853, Test RMSE 0.0962
Epoch 93: Train RMSE 0.0859, Test RMSE 0.0967
Epoch 94: Train RMSE 0.0872, Test RMSE 0.0984
Epoch 95: Train RMSE 0.0879, Test RMSE 0.0985
Epoch 96: Train RMSE 0.0860, Test RMSE 0.0972
Epoch 97: Train RMSE 0.0883, Test RMSE 0.0993
Epoch 98: Train RMSE 0.0867, Test RMSE 0.0973
Epoch 99: Train RMSE 0.0879, Test RMSE 0.0987
Epoch 100: Train RMSE 0.0884, Test RMSE 0.0998
Epoch 101: Train RMSE 0.0857, Test RMSE 0.0974
Epoch 102: Train RMSE 0.0858, Test RMSE 0.0972
Epoch 103: Train RMSE 0.0850, Test RMSE 0.0966
Epoch 104: Train RMSE 0.0853, Test RMSE 0.0964
Epoch 105: Train RMSE 0.0864, Test RMSE 0.0968
Epoch 106: Train RMSE 0.0868, Test RMSE 0.0980
Epoch 107: Train RMSE 0.0880, Test RMSE 0.0990
Epoch 108: Train RMSE 0.0871, Test RMSE 0.0982
Epoch 109: Train RMSE 0.0898, Test RMSE 0.0998
Epoch 110: Train RMSE 0.0877, Test RMSE 0.0980
Epoch 111: Train RMSE 0.0876, Test RMSE 0.0986
Epoch 112: Train RMSE 0.0849, Test RMSE 0.0960
Epoch 113: Train RMSE 0.0882, Test RMSE 0.0993
Epoch 114: Train RMSE 0.0884, Test RMSE 0.1001
Epoch 115: Train RMSE 0.0882, Test RMSE 0.0995
Epoch 116: Train RMSE 0.0878, Test RMSE 0.0987
Epoch 117: Train RMSE 0.0863, Test RMSE 0.0979
Epoch 118: Train RMSE 0.0874, Test RMSE 0.0988
Epoch 119: Train RMSE 0.0867, Test RMSE 0.0975
Epoch 120: Train RMSE 0.0900, Test RMSE 0.1004
Epoch 121: Train RMSE 0.0859, Test RMSE 0.0963
Epoch 122: Train RMSE 0.0851, Test RMSE 0.0968
Epoch 123: Train RMSE 0.0871, Test RMSE 0.0981
Epoch 124: Train RMSE 0.0851, Test RMSE 0.0963
Epoch 125: Train RMSE 0.0871, Test RMSE 0.0978
Epoch 126: Train RMSE 0.0892, Test RMSE 0.0999
Epoch 127: Train RMSE 0.0872, Test RMSE 0.0982
Epoch 128: Train RMSE 0.0877, Test RMSE 0.0983
Epoch 129: Train RMSE 0.0887, Test RMSE 0.0987
Epoch 130: Train RMSE 0.0876, Test RMSE 0.0983
Epoch 131: Train RMSE 0.0897, Test RMSE 0.1004
Epoch 132: Train RMSE 0.0867, Test RMSE 0.0979
Epoch 133: Train RMSE 0.0873, Test RMSE 0.0984
Epoch 134: Train RMSE 0.0875, Test RMSE 0.0982
Epoch 135: Train RMSE 0.0878, Test RMSE 0.0993
Epoch 136: Train RMSE 0.0877, Test RMSE 0.0984
Epoch 137: Train RMSE 0.0894, Test RMSE 0.1002
Epoch 138: Train RMSE 0.0893, Test RMSE 0.1002
Epoch 139: Train RMSE 0.0880, Test RMSE 0.0995
Epoch 140: Train RMSE 0.0889, Test RMSE 0.0992
Epoch 141: Train RMSE 0.0882, Test RMSE 0.0998
Epoch 142: Train RMSE 0.0889, Test RMSE 0.1007
Epoch 143: Train RMSE 0.0865, Test RMSE 0.0983
Epoch 144: Train RMSE 0.0856, Test RMSE 0.0966
Epoch 145: Train RMSE 0.0894, Test RMSE 0.1003
Epoch 146: Train RMSE 0.0864, Test RMSE 0.0976
Epoch 147: Train RMSE 0.0881, Test RMSE 0.0999
Epoch 148: Train RMSE 0.0887, Test RMSE 0.0994
Epoch 149: Train RMSE 0.0895, Test RMSE 0.1005
Epoch 150: Train RMSE 0.0873, Test RMSE 0.0990
Epoch 151: Train RMSE 0.0875, Test RMSE 0.0990
Epoch 152: Train RMSE 0.0888, Test RMSE 0.1004
Epoch 153: Train RMSE 0.0855, Test RMSE 0.0973
Epoch 154: Train RMSE 0.0886, Test RMSE 0.0997
Epoch 155: Train RMSE 0.0870, Test RMSE 0.0983
Epoch 156: Train RMSE 0.0875, Test RMSE 0.0981
Epoch 157: Train RMSE 0.0890, Test RMSE 0.1003
Epoch 158: Train RMSE 0.0890, Test RMSE 0.1002
Epoch 159: Train RMSE 0.0863, Test RMSE 0.0982
Epoch 160: Train RMSE 0.0874, Test RMSE 0.0982
Epoch 161: Train RMSE 0.0879, Test RMSE 0.0993
Epoch 162: Train RMSE 0.0874, Test RMSE 0.0985
Epoch 163: Train RMSE 0.0878, Test RMSE 0.0995
Epoch 164: Train RMSE 0.0879, Test RMSE 0.0995
Epoch 165: Train RMSE 0.0907, Test RMSE 0.1013
Epoch 166: Train RMSE 0.0889, Test RMSE 0.1003
Epoch 167: Train RMSE 0.0883, Test RMSE 0.0997
Epoch 168: Train RMSE 0.0897, Test RMSE 0.1014
Epoch 169: Train RMSE 0.0887, Test RMSE 0.1000
Epoch 170: Train RMSE 0.0880, Test RMSE 0.0990
Epoch 171: Train RMSE 0.0883, Test RMSE 0.0998
Epoch 172: Train RMSE 0.0897, Test RMSE 0.1008
Epoch 173: Train RMSE 0.0873, Test RMSE 0.0993
Epoch 174: Train RMSE 0.0885, Test RMSE 0.0999
Epoch 175: Train RMSE 0.0883, Test RMSE 0.1002
Epoch 176: Train RMSE 0.0895, Test RMSE 0.1011
Epoch 177: Train RMSE 0.0888, Test RMSE 0.1000
Epoch 178: Train RMSE 0.0871, Test RMSE 0.0982
Epoch 179: Train RMSE 0.0893, Test RMSE 0.1008
Epoch 180: Train RMSE 0.0879, Test RMSE 0.0992
Epoch 181: Train RMSE 0.0890, Test RMSE 0.1011
Epoch 182: Train RMSE 0.0876, Test RMSE 0.0995
Epoch 183: Train RMSE 0.0873, Test RMSE 0.0990
Epoch 184: Train RMSE 0.0876, Test RMSE 0.0996
Epoch 185: Train RMSE 0.0893, Test RMSE 0.1008
Epoch 186: Train RMSE 0.0887, Test RMSE 0.1001
Epoch 187: Train RMSE 0.0891, Test RMSE 0.1011
Epoch 188: Train RMSE 0.0875, Test RMSE 0.0992
Epoch 189: Train RMSE 0.0889, Test RMSE 0.1011
Epoch 190: Train RMSE 0.0887, Test RMSE 0.1000
Epoch 191: Train RMSE 0.0877, Test RMSE 0.0996
Epoch 192: Train RMSE 0.0897, Test RMSE 0.1013
Epoch 193: Train RMSE 0.0893, Test RMSE 0.1018
Epoch 194: Train RMSE 0.0886, Test RMSE 0.1007
Epoch 195: Train RMSE 0.0899, Test RMSE 0.1009
Epoch 196: Train RMSE 0.0871, Test RMSE 0.0989
Epoch 197: Train RMSE 0.0897, Test RMSE 0.1017
Epoch 198: Train RMSE 0.0899, Test RMSE 0.1016
Epoch 199: Train RMSE 0.0897, Test RMSE 0.1005
