nohup: ignoring input
/home/gsm0197/sralab_working/lstm_4to1/trial1/lstm.py:120: DeprecationWarning: __array_wrap__ must accept context and return_scalar arguments (positionally) in the future. (Deprecated NumPy 2.0)
  train_rmse = np.sqrt(loss_fn(y_pred, y_train))
/home/gsm0197/sralab_working/lstm_4to1/trial1/lstm.py:122: DeprecationWarning: __array_wrap__ must accept context and return_scalar arguments (positionally) in the future. (Deprecated NumPy 2.0)
  test_rmse = np.sqrt(loss_fn(y_pred, y_test))
torch.Size([403283, 50, 4]) torch.Size([403283, 50, 1])
torch.Size([198284, 50, 4]) torch.Size([198284, 50, 1])
Epoch 0: Train RMSE 0.0491, Test RMSE 0.0596
Epoch 1: Train RMSE 0.0471, Test RMSE 0.0575
Epoch 2: Train RMSE 0.0466, Test RMSE 0.0543
Epoch 3: Train RMSE 0.0459, Test RMSE 0.0550
Epoch 4: Train RMSE 0.0446, Test RMSE 0.0553
Epoch 5: Train RMSE 0.0437, Test RMSE 0.0538
Epoch 6: Train RMSE 0.0435, Test RMSE 0.0544
Epoch 7: Train RMSE 0.0432, Test RMSE 0.0534
Epoch 8: Train RMSE 0.0431, Test RMSE 0.0531
Epoch 9: Train RMSE 0.0428, Test RMSE 0.0535
Epoch 10: Train RMSE 0.0423, Test RMSE 0.0513
Epoch 11: Train RMSE 0.0419, Test RMSE 0.0523
Epoch 12: Train RMSE 0.0419, Test RMSE 0.0509
Epoch 13: Train RMSE 0.0413, Test RMSE 0.0543
Epoch 14: Train RMSE 0.0413, Test RMSE 0.0533
Epoch 15: Train RMSE 0.0411, Test RMSE 0.0529
Epoch 16: Train RMSE 0.0412, Test RMSE 0.0552
Epoch 17: Train RMSE 0.0409, Test RMSE 0.0536
Epoch 18: Train RMSE 0.0406, Test RMSE 0.0525
Epoch 19: Train RMSE 0.0402, Test RMSE 0.0527
Epoch 20: Train RMSE 0.0399, Test RMSE 0.0538
Epoch 21: Train RMSE 0.0407, Test RMSE 0.0557
Epoch 22: Train RMSE 0.0400, Test RMSE 0.0553
Epoch 23: Train RMSE 0.0400, Test RMSE 0.0536
Epoch 24: Train RMSE 0.0394, Test RMSE 0.0533
Epoch 25: Train RMSE 0.0393, Test RMSE 0.0525
Epoch 26: Train RMSE 0.0394, Test RMSE 0.0539
Epoch 27: Train RMSE 0.0393, Test RMSE 0.0539
Epoch 28: Train RMSE 0.0392, Test RMSE 0.0537
Epoch 29: Train RMSE 0.0386, Test RMSE 0.0535
Epoch 30: Train RMSE 0.0394, Test RMSE 0.0525
Epoch 31: Train RMSE 0.0391, Test RMSE 0.0543
Epoch 32: Train RMSE 0.0386, Test RMSE 0.0545
Epoch 33: Train RMSE 0.0384, Test RMSE 0.0537
Epoch 34: Train RMSE 0.0387, Test RMSE 0.0544
Epoch 35: Train RMSE 0.0382, Test RMSE 0.0546
Epoch 36: Train RMSE 0.0384, Test RMSE 0.0541
Epoch 37: Train RMSE 0.0391, Test RMSE 0.0529
Epoch 38: Train RMSE 0.0388, Test RMSE 0.0567
Epoch 39: Train RMSE 0.0382, Test RMSE 0.0536
Epoch 40: Train RMSE 0.0379, Test RMSE 0.0550
Epoch 41: Train RMSE 0.0378, Test RMSE 0.0545
Epoch 42: Train RMSE 0.0377, Test RMSE 0.0543
Epoch 43: Train RMSE 0.0377, Test RMSE 0.0534
Epoch 44: Train RMSE 0.0378, Test RMSE 0.0548
Epoch 45: Train RMSE 0.0376, Test RMSE 0.0551
Epoch 46: Train RMSE 0.0380, Test RMSE 0.0537
Epoch 47: Train RMSE 0.0375, Test RMSE 0.0552
Epoch 48: Train RMSE 0.0373, Test RMSE 0.0555
Epoch 49: Train RMSE 0.0374, Test RMSE 0.0548
Epoch 50: Train RMSE 0.0370, Test RMSE 0.0547
Epoch 51: Train RMSE 0.0370, Test RMSE 0.0545
Epoch 52: Train RMSE 0.0377, Test RMSE 0.0551
Epoch 53: Train RMSE 0.0371, Test RMSE 0.0552
Epoch 54: Train RMSE 0.0377, Test RMSE 0.0546
Epoch 55: Train RMSE 0.0371, Test RMSE 0.0560
Epoch 56: Train RMSE 0.0379, Test RMSE 0.0540
Epoch 57: Train RMSE 0.0373, Test RMSE 0.0554
Epoch 58: Train RMSE 0.0364, Test RMSE 0.0559
Epoch 59: Train RMSE 0.0367, Test RMSE 0.0547
Epoch 60: Train RMSE 0.0366, Test RMSE 0.0547
Epoch 61: Train RMSE 0.0372, Test RMSE 0.0563
Epoch 62: Train RMSE 0.0364, Test RMSE 0.0537
Epoch 63: Train RMSE 0.0370, Test RMSE 0.0557
Epoch 64: Train RMSE 0.0366, Test RMSE 0.0550
Epoch 65: Train RMSE 0.0360, Test RMSE 0.0556
Epoch 66: Train RMSE 0.0364, Test RMSE 0.0548
Epoch 67: Train RMSE 0.0365, Test RMSE 0.0544
Epoch 68: Train RMSE 0.0358, Test RMSE 0.0569
Epoch 69: Train RMSE 0.0361, Test RMSE 0.0550
Epoch 70: Train RMSE 0.0364, Test RMSE 0.0572
Epoch 71: Train RMSE 0.0363, Test RMSE 0.0570
Epoch 72: Train RMSE 0.0360, Test RMSE 0.0555
Epoch 73: Train RMSE 0.0360, Test RMSE 0.0545
Epoch 74: Train RMSE 0.0357, Test RMSE 0.0552
Epoch 75: Train RMSE 0.0358, Test RMSE 0.0545
Epoch 76: Train RMSE 0.0362, Test RMSE 0.0549
Epoch 77: Train RMSE 0.0359, Test RMSE 0.0550
Epoch 78: Train RMSE 0.0358, Test RMSE 0.0551
Epoch 79: Train RMSE 0.0357, Test RMSE 0.0542
Epoch 80: Train RMSE 0.0354, Test RMSE 0.0554
Epoch 81: Train RMSE 0.0357, Test RMSE 0.0548
Epoch 82: Train RMSE 0.0357, Test RMSE 0.0554
Epoch 83: Train RMSE 0.0362, Test RMSE 0.0548
Epoch 84: Train RMSE 0.0352, Test RMSE 0.0546
Epoch 85: Train RMSE 0.0353, Test RMSE 0.0542
Epoch 86: Train RMSE 0.0357, Test RMSE 0.0551
Epoch 87: Train RMSE 0.0351, Test RMSE 0.0544
Epoch 88: Train RMSE 0.0353, Test RMSE 0.0550
Epoch 89: Train RMSE 0.0351, Test RMSE 0.0554
Epoch 90: Train RMSE 0.0352, Test RMSE 0.0537
Epoch 91: Train RMSE 0.0361, Test RMSE 0.0551
Epoch 92: Train RMSE 0.0354, Test RMSE 0.0541
Epoch 93: Train RMSE 0.0354, Test RMSE 0.0544
Epoch 94: Train RMSE 0.0349, Test RMSE 0.0555
Epoch 95: Train RMSE 0.0360, Test RMSE 0.0550
Epoch 96: Train RMSE 0.0352, Test RMSE 0.0561
Epoch 97: Train RMSE 0.0349, Test RMSE 0.0556
Epoch 98: Train RMSE 0.0350, Test RMSE 0.0544
Epoch 99: Train RMSE 0.0351, Test RMSE 0.0565
Epoch 100: Train RMSE 0.0362, Test RMSE 0.0567
Epoch 101: Train RMSE 0.0351, Test RMSE 0.0560
Epoch 102: Train RMSE 0.0346, Test RMSE 0.0541
Epoch 103: Train RMSE 0.0347, Test RMSE 0.0554
Epoch 104: Train RMSE 0.0347, Test RMSE 0.0560
Epoch 105: Train RMSE 0.0348, Test RMSE 0.0559
Epoch 106: Train RMSE 0.0347, Test RMSE 0.0560
Epoch 107: Train RMSE 0.0368, Test RMSE 0.0535
Epoch 108: Train RMSE 0.0347, Test RMSE 0.0556
Epoch 109: Train RMSE 0.0354, Test RMSE 0.0582
Epoch 110: Train RMSE 0.0344, Test RMSE 0.0554
Epoch 111: Train RMSE 0.0346, Test RMSE 0.0558
Epoch 112: Train RMSE 0.0344, Test RMSE 0.0556
Epoch 113: Train RMSE 0.0344, Test RMSE 0.0559
Epoch 114: Train RMSE 0.0345, Test RMSE 0.0560
Epoch 115: Train RMSE 0.0345, Test RMSE 0.0553
Epoch 116: Train RMSE 0.0341, Test RMSE 0.0558
Epoch 117: Train RMSE 0.0345, Test RMSE 0.0556
Epoch 118: Train RMSE 0.0343, Test RMSE 0.0562
Epoch 119: Train RMSE 0.0342, Test RMSE 0.0566
Epoch 120: Train RMSE 0.0339, Test RMSE 0.0552
Epoch 121: Train RMSE 0.0343, Test RMSE 0.0561
Epoch 122: Train RMSE 0.0347, Test RMSE 0.0543
Epoch 123: Train RMSE 0.0340, Test RMSE 0.0556
Epoch 124: Train RMSE 0.0339, Test RMSE 0.0552
Epoch 125: Train RMSE 0.0339, Test RMSE 0.0550
Epoch 126: Train RMSE 0.0341, Test RMSE 0.0559
Epoch 127: Train RMSE 0.0341, Test RMSE 0.0555
Epoch 128: Train RMSE 0.0339, Test RMSE 0.0549
Epoch 129: Train RMSE 0.0342, Test RMSE 0.0557
Epoch 130: Train RMSE 0.0339, Test RMSE 0.0542
Epoch 131: Train RMSE 0.0342, Test RMSE 0.0558
Epoch 132: Train RMSE 0.0339, Test RMSE 0.0549
Epoch 133: Train RMSE 0.0353, Test RMSE 0.0567
Epoch 134: Train RMSE 0.0339, Test RMSE 0.0553
Epoch 135: Train RMSE 0.0337, Test RMSE 0.0555
Epoch 136: Train RMSE 0.0336, Test RMSE 0.0548
Epoch 137: Train RMSE 0.0338, Test RMSE 0.0556
Epoch 138: Train RMSE 0.0334, Test RMSE 0.0550
Epoch 139: Train RMSE 0.0336, Test RMSE 0.0552
Epoch 140: Train RMSE 0.0338, Test RMSE 0.0542
Epoch 141: Train RMSE 0.0334, Test RMSE 0.0550
Epoch 142: Train RMSE 0.0333, Test RMSE 0.0552
Epoch 143: Train RMSE 0.0334, Test RMSE 0.0548
Epoch 144: Train RMSE 0.0335, Test RMSE 0.0556
Epoch 145: Train RMSE 0.0338, Test RMSE 0.0544
Epoch 146: Train RMSE 0.0332, Test RMSE 0.0546
Epoch 147: Train RMSE 0.0331, Test RMSE 0.0554
Epoch 148: Train RMSE 0.0336, Test RMSE 0.0552
Epoch 149: Train RMSE 0.0337, Test RMSE 0.0559
Epoch 150: Train RMSE 0.0334, Test RMSE 0.0561
Epoch 151: Train RMSE 0.0333, Test RMSE 0.0554
Epoch 152: Train RMSE 0.0335, Test RMSE 0.0566
Epoch 153: Train RMSE 0.0339, Test RMSE 0.0553
Epoch 154: Train RMSE 0.0332, Test RMSE 0.0550
Epoch 155: Train RMSE 0.0332, Test RMSE 0.0552
Epoch 156: Train RMSE 0.0332, Test RMSE 0.0548
Epoch 157: Train RMSE 0.0345, Test RMSE 0.0554
Epoch 158: Train RMSE 0.0332, Test RMSE 0.0548
Epoch 159: Train RMSE 0.0330, Test RMSE 0.0551
Epoch 160: Train RMSE 0.0329, Test RMSE 0.0548
Epoch 161: Train RMSE 0.0352, Test RMSE 0.0546
Epoch 162: Train RMSE 0.0336, Test RMSE 0.0559
Epoch 163: Train RMSE 0.0330, Test RMSE 0.0561
Epoch 164: Train RMSE 0.0332, Test RMSE 0.0552
Epoch 165: Train RMSE 0.0329, Test RMSE 0.0551
Epoch 166: Train RMSE 0.0335, Test RMSE 0.0540
Epoch 167: Train RMSE 0.0330, Test RMSE 0.0557
Epoch 168: Train RMSE 0.0330, Test RMSE 0.0546
Epoch 169: Train RMSE 0.0329, Test RMSE 0.0552
Epoch 170: Train RMSE 0.0331, Test RMSE 0.0559
Epoch 171: Train RMSE 0.0332, Test RMSE 0.0557
Epoch 172: Train RMSE 0.0330, Test RMSE 0.0554
Epoch 173: Train RMSE 0.0329, Test RMSE 0.0562
Epoch 174: Train RMSE 0.0328, Test RMSE 0.0546
Epoch 175: Train RMSE 0.0326, Test RMSE 0.0556
Epoch 176: Train RMSE 0.0331, Test RMSE 0.0544
Epoch 177: Train RMSE 0.0326, Test RMSE 0.0549
Epoch 178: Train RMSE 0.0332, Test RMSE 0.0563
Epoch 179: Train RMSE 0.0328, Test RMSE 0.0555
Epoch 180: Train RMSE 0.0336, Test RMSE 0.0562
Epoch 181: Train RMSE 0.0327, Test RMSE 0.0559
Epoch 182: Train RMSE 0.0326, Test RMSE 0.0547
Epoch 183: Train RMSE 0.0330, Test RMSE 0.0553
Epoch 184: Train RMSE 0.0333, Test RMSE 0.0553
Epoch 185: Train RMSE 0.0326, Test RMSE 0.0555
Epoch 186: Train RMSE 0.0332, Test RMSE 0.0569
Epoch 187: Train RMSE 0.0328, Test RMSE 0.0557
Epoch 188: Train RMSE 0.0327, Test RMSE 0.0559
Epoch 189: Train RMSE 0.0329, Test RMSE 0.0543
Epoch 190: Train RMSE 0.0323, Test RMSE 0.0550
Epoch 191: Train RMSE 0.0327, Test RMSE 0.0547
Epoch 192: Train RMSE 0.0328, Test RMSE 0.0559
Epoch 193: Train RMSE 0.0326, Test RMSE 0.0559
Epoch 194: Train RMSE 0.0331, Test RMSE 0.0553
Epoch 195: Train RMSE 0.0337, Test RMSE 0.0553
Epoch 196: Train RMSE 0.0324, Test RMSE 0.0554
Epoch 197: Train RMSE 0.0324, Test RMSE 0.0561
Epoch 198: Train RMSE 0.0329, Test RMSE 0.0551
Epoch 199: Train RMSE 0.0325, Test RMSE 0.0549
