nohup: ignoring input
/home/gsm0197/sralab/lstm.py:126: DeprecationWarning: __array_wrap__ must accept context and return_scalar arguments (positionally) in the future. (Deprecated NumPy 2.0)
  train_rmse = np.sqrt(loss_fn(y_pred, y_train))
/home/gsm0197/sralab/lstm.py:128: DeprecationWarning: __array_wrap__ must accept context and return_scalar arguments (positionally) in the future. (Deprecated NumPy 2.0)
  test_rmse = np.sqrt(loss_fn(y_pred, y_test))
Training data size: 403333
Test data size: 198334
torch.Size([403283, 50, 1]) torch.Size([403283, 50, 1])
torch.Size([65400, 50, 1]) torch.Size([65400, 50, 1])
Epoch 0: Train RMSE 0.3448, Test RMSE 0.4645
Epoch 1: Train RMSE 0.2445, Test RMSE 0.3668
Epoch 2: Train RMSE 0.2391, Test RMSE 0.3412
Epoch 3: Train RMSE 0.2200, Test RMSE 0.3285
Epoch 4: Train RMSE 0.2150, Test RMSE 0.3309
Epoch 5: Train RMSE 0.2092, Test RMSE 0.3268
Epoch 6: Train RMSE 0.1978, Test RMSE 0.3291
Epoch 7: Train RMSE 0.1999, Test RMSE 0.3156
Epoch 8: Train RMSE 0.1937, Test RMSE 0.3419
Epoch 9: Train RMSE 0.1902, Test RMSE 0.3228
Epoch 10: Train RMSE 0.1894, Test RMSE 0.3307
Epoch 11: Train RMSE 0.1890, Test RMSE 0.3372
Epoch 12: Train RMSE 0.1855, Test RMSE 0.3334
Epoch 13: Train RMSE 0.1853, Test RMSE 0.3254
Epoch 14: Train RMSE 0.1833, Test RMSE 0.3177
Epoch 15: Train RMSE 0.1941, Test RMSE 0.3452
Epoch 16: Train RMSE 0.1796, Test RMSE 0.3347
Epoch 17: Train RMSE 0.1799, Test RMSE 0.3279
Epoch 18: Train RMSE 0.1810, Test RMSE 0.3248
Epoch 19: Train RMSE 0.1793, Test RMSE 0.3264
Epoch 20: Train RMSE 0.1778, Test RMSE 0.3249
Epoch 21: Train RMSE 0.1768, Test RMSE 0.3272
Epoch 22: Train RMSE 0.1782, Test RMSE 0.3281
Epoch 23: Train RMSE 0.1770, Test RMSE 0.3257
Epoch 24: Train RMSE 0.1756, Test RMSE 0.3182
Epoch 25: Train RMSE 0.1762, Test RMSE 0.3140
Epoch 26: Train RMSE 0.1751, Test RMSE 0.3230
Epoch 27: Train RMSE 0.1791, Test RMSE 0.3270
Epoch 28: Train RMSE 0.1770, Test RMSE 0.3256
Epoch 29: Train RMSE 0.1768, Test RMSE 0.3376
Epoch 30: Train RMSE 0.1740, Test RMSE 0.3221
Epoch 31: Train RMSE 0.1781, Test RMSE 0.3335
Epoch 32: Train RMSE 0.1769, Test RMSE 0.3237
Epoch 33: Train RMSE 0.1753, Test RMSE 0.3157
Epoch 34: Train RMSE 0.1756, Test RMSE 0.3339
Epoch 35: Train RMSE 0.1722, Test RMSE 0.3283
Epoch 36: Train RMSE 0.1731, Test RMSE 0.3279
Epoch 37: Train RMSE 0.1734, Test RMSE 0.3261
Epoch 38: Train RMSE 0.1754, Test RMSE 0.3305
Epoch 39: Train RMSE 0.1718, Test RMSE 0.3185
Epoch 40: Train RMSE 0.1739, Test RMSE 0.3254
Epoch 41: Train RMSE 0.1733, Test RMSE 0.3307
Epoch 42: Train RMSE 0.1742, Test RMSE 0.3302
Epoch 43: Train RMSE 0.1728, Test RMSE 0.3203
Epoch 44: Train RMSE 0.1744, Test RMSE 0.3274
Epoch 45: Train RMSE 0.1710, Test RMSE 0.3282
Epoch 46: Train RMSE 0.1765, Test RMSE 0.3109
Epoch 47: Train RMSE 0.1713, Test RMSE 0.3214
Epoch 48: Train RMSE 0.1732, Test RMSE 0.3365
Epoch 49: Train RMSE 0.1772, Test RMSE 0.3246
Epoch 50: Train RMSE 0.1718, Test RMSE 0.3329
Epoch 51: Train RMSE 0.1687, Test RMSE 0.3232
Epoch 52: Train RMSE 0.1697, Test RMSE 0.3289
Epoch 53: Train RMSE 0.1693, Test RMSE 0.3271
Epoch 54: Train RMSE 0.1702, Test RMSE 0.3276
Epoch 55: Train RMSE 0.1694, Test RMSE 0.3225
Epoch 56: Train RMSE 0.1693, Test RMSE 0.3202
Epoch 57: Train RMSE 0.1715, Test RMSE 0.3248
Epoch 58: Train RMSE 0.1703, Test RMSE 0.3235
Epoch 59: Train RMSE 0.1691, Test RMSE 0.3272
Epoch 60: Train RMSE 0.1694, Test RMSE 0.3288
Epoch 61: Train RMSE 0.1746, Test RMSE 0.3166
Epoch 62: Train RMSE 0.1754, Test RMSE 0.3452
Epoch 63: Train RMSE 0.1688, Test RMSE 0.3269
Epoch 64: Train RMSE 0.1678, Test RMSE 0.3175
Epoch 65: Train RMSE 0.1671, Test RMSE 0.3287
Epoch 66: Train RMSE 0.1667, Test RMSE 0.3246
Epoch 67: Train RMSE 0.1682, Test RMSE 0.3318
Epoch 68: Train RMSE 0.1664, Test RMSE 0.3263
Epoch 69: Train RMSE 0.1672, Test RMSE 0.3270
Epoch 70: Train RMSE 0.1668, Test RMSE 0.3210
Epoch 71: Train RMSE 0.1699, Test RMSE 0.3318
Epoch 72: Train RMSE 0.1669, Test RMSE 0.3237
Epoch 73: Train RMSE 0.1712, Test RMSE 0.3265
Epoch 74: Train RMSE 0.1672, Test RMSE 0.3223
Epoch 75: Train RMSE 0.1729, Test RMSE 0.3246
Epoch 76: Train RMSE 0.1669, Test RMSE 0.3229
Epoch 77: Train RMSE 0.1684, Test RMSE 0.3247
Epoch 78: Train RMSE 0.1686, Test RMSE 0.3295
Epoch 79: Train RMSE 0.1705, Test RMSE 0.3202
Epoch 80: Train RMSE 0.1666, Test RMSE 0.3288
Epoch 81: Train RMSE 0.1677, Test RMSE 0.3290
Epoch 82: Train RMSE 0.1761, Test RMSE 0.3237
Epoch 83: Train RMSE 0.1675, Test RMSE 0.3303
Epoch 84: Train RMSE 0.1664, Test RMSE 0.3242
Epoch 85: Train RMSE 0.1667, Test RMSE 0.3246
Epoch 86: Train RMSE 0.1702, Test RMSE 0.3295
Epoch 87: Train RMSE 0.1666, Test RMSE 0.3345
Epoch 88: Train RMSE 0.1663, Test RMSE 0.3325
Epoch 89: Train RMSE 0.1679, Test RMSE 0.3322
Epoch 90: Train RMSE 0.1671, Test RMSE 0.3350
Epoch 91: Train RMSE 0.1651, Test RMSE 0.3244
Epoch 92: Train RMSE 0.1661, Test RMSE 0.3257
Epoch 93: Train RMSE 0.1653, Test RMSE 0.3307
Epoch 94: Train RMSE 0.1680, Test RMSE 0.3238
Epoch 95: Train RMSE 0.1652, Test RMSE 0.3241
Epoch 96: Train RMSE 0.1654, Test RMSE 0.3329
Epoch 97: Train RMSE 0.1651, Test RMSE 0.3345
Epoch 98: Train RMSE 0.1666, Test RMSE 0.3264
Epoch 99: Train RMSE 0.1739, Test RMSE 0.3341
Epoch 100: Train RMSE 0.1652, Test RMSE 0.3311
Epoch 101: Train RMSE 0.1657, Test RMSE 0.3406
Epoch 102: Train RMSE 0.1675, Test RMSE 0.3213
Epoch 103: Train RMSE 0.1646, Test RMSE 0.3296
Epoch 104: Train RMSE 0.1646, Test RMSE 0.3283
Epoch 105: Train RMSE 0.1642, Test RMSE 0.3325
Epoch 106: Train RMSE 0.1638, Test RMSE 0.3307
Epoch 107: Train RMSE 0.1655, Test RMSE 0.3324
Epoch 108: Train RMSE 0.1639, Test RMSE 0.3288
Epoch 109: Train RMSE 0.1673, Test RMSE 0.3231
Epoch 110: Train RMSE 0.1640, Test RMSE 0.3301
Epoch 111: Train RMSE 0.1638, Test RMSE 0.3348
Epoch 112: Train RMSE 0.1764, Test RMSE 0.3389
Epoch 113: Train RMSE 0.1671, Test RMSE 0.3346
Epoch 114: Train RMSE 0.1639, Test RMSE 0.3340
Epoch 115: Train RMSE 0.1635, Test RMSE 0.3281
Epoch 116: Train RMSE 0.1652, Test RMSE 0.3325
Epoch 117: Train RMSE 0.1653, Test RMSE 0.3269
Epoch 118: Train RMSE 0.1651, Test RMSE 0.3301
Epoch 119: Train RMSE 0.1646, Test RMSE 0.3265
Epoch 120: Train RMSE 0.1628, Test RMSE 0.3342
Epoch 121: Train RMSE 0.1663, Test RMSE 0.3420
Epoch 122: Train RMSE 0.1647, Test RMSE 0.3365
Epoch 123: Train RMSE 0.1653, Test RMSE 0.3308
Epoch 124: Train RMSE 0.1638, Test RMSE 0.3312
Epoch 125: Train RMSE 0.1642, Test RMSE 0.3378
Epoch 126: Train RMSE 0.1643, Test RMSE 0.3338
Epoch 127: Train RMSE 0.1681, Test RMSE 0.3260
Epoch 128: Train RMSE 0.1658, Test RMSE 0.3245
Epoch 129: Train RMSE 0.1669, Test RMSE 0.3339
Epoch 130: Train RMSE 0.1654, Test RMSE 0.3324
Epoch 131: Train RMSE 0.1626, Test RMSE 0.3264
Epoch 132: Train RMSE 0.1635, Test RMSE 0.3264
Epoch 133: Train RMSE 0.1641, Test RMSE 0.3286
Epoch 134: Train RMSE 0.1671, Test RMSE 0.3225
Epoch 135: Train RMSE 0.1643, Test RMSE 0.3308
Epoch 136: Train RMSE 0.1618, Test RMSE 0.3334
Epoch 137: Train RMSE 0.1629, Test RMSE 0.3337
Epoch 138: Train RMSE 0.1620, Test RMSE 0.3291
Epoch 139: Train RMSE 0.1625, Test RMSE 0.3294
Epoch 140: Train RMSE 0.1613, Test RMSE 0.3323
Epoch 141: Train RMSE 0.1645, Test RMSE 0.3287
Epoch 142: Train RMSE 0.1665, Test RMSE 0.3285
Epoch 143: Train RMSE 0.1629, Test RMSE 0.3331
Epoch 144: Train RMSE 0.1650, Test RMSE 0.3387
Epoch 145: Train RMSE 0.1639, Test RMSE 0.3330
Epoch 146: Train RMSE 0.1613, Test RMSE 0.3305
Epoch 147: Train RMSE 0.1671, Test RMSE 0.3242
Epoch 148: Train RMSE 0.1620, Test RMSE 0.3302
Epoch 149: Train RMSE 0.1611, Test RMSE 0.3331
Epoch 150: Train RMSE 0.1662, Test RMSE 0.3256
Epoch 151: Train RMSE 0.1623, Test RMSE 0.3369
Epoch 152: Train RMSE 0.1613, Test RMSE 0.3316
Epoch 153: Train RMSE 0.1821, Test RMSE 0.3444
Epoch 154: Train RMSE 0.1636, Test RMSE 0.3330
Epoch 155: Train RMSE 0.1644, Test RMSE 0.3280
Epoch 156: Train RMSE 0.1629, Test RMSE 0.3313
Epoch 157: Train RMSE 0.1637, Test RMSE 0.3350
Epoch 158: Train RMSE 0.1607, Test RMSE 0.3275
Epoch 159: Train RMSE 0.1634, Test RMSE 0.3418
Epoch 160: Train RMSE 0.1610, Test RMSE 0.3330
Epoch 161: Train RMSE 0.1623, Test RMSE 0.3269
Epoch 162: Train RMSE 0.1611, Test RMSE 0.3326
Epoch 163: Train RMSE 0.1617, Test RMSE 0.3301
Epoch 164: Train RMSE 0.1601, Test RMSE 0.3337
Epoch 165: Train RMSE 0.1641, Test RMSE 0.3317
Epoch 166: Train RMSE 0.1686, Test RMSE 0.3345
Epoch 167: Train RMSE 0.1681, Test RMSE 0.3295
Epoch 168: Train RMSE 0.1607, Test RMSE 0.3382
Epoch 169: Train RMSE 0.1609, Test RMSE 0.3411
Epoch 170: Train RMSE 0.1601, Test RMSE 0.3366
Epoch 171: Train RMSE 0.1627, Test RMSE 0.3313
Epoch 172: Train RMSE 0.1611, Test RMSE 0.3369
Epoch 173: Train RMSE 0.1607, Test RMSE 0.3308
Epoch 174: Train RMSE 0.1611, Test RMSE 0.3361
Epoch 175: Train RMSE 0.1629, Test RMSE 0.3372
Epoch 176: Train RMSE 0.1606, Test RMSE 0.3306
Epoch 177: Train RMSE 0.1620, Test RMSE 0.3310
Epoch 178: Train RMSE 0.1614, Test RMSE 0.3352
Epoch 179: Train RMSE 0.1620, Test RMSE 0.3330
Epoch 180: Train RMSE 0.1620, Test RMSE 0.3347
Epoch 181: Train RMSE 0.1591, Test RMSE 0.3343
Epoch 182: Train RMSE 0.1637, Test RMSE 0.3337
Epoch 183: Train RMSE 0.1607, Test RMSE 0.3298
Epoch 184: Train RMSE 0.1635, Test RMSE 0.3290
Epoch 185: Train RMSE 0.1604, Test RMSE 0.3334
Epoch 186: Train RMSE 0.1611, Test RMSE 0.3339
Epoch 187: Train RMSE 0.1611, Test RMSE 0.3322
Epoch 188: Train RMSE 0.1608, Test RMSE 0.3315
Epoch 189: Train RMSE 0.1647, Test RMSE 0.3319
Epoch 190: Train RMSE 0.1623, Test RMSE 0.3305
Epoch 191: Train RMSE 0.1629, Test RMSE 0.3379
Epoch 192: Train RMSE 0.1659, Test RMSE 0.3363
Epoch 193: Train RMSE 0.1639, Test RMSE 0.3329
Epoch 194: Train RMSE 0.1607, Test RMSE 0.3304
Epoch 195: Train RMSE 0.1619, Test RMSE 0.3272
Epoch 196: Train RMSE 0.1620, Test RMSE 0.3296
Epoch 197: Train RMSE 0.1603, Test RMSE 0.3371
Epoch 198: Train RMSE 0.1598, Test RMSE 0.3307
Epoch 199: Train RMSE 0.1584, Test RMSE 0.3358
Epoch 200: Train RMSE 0.1599, Test RMSE 0.3347
Epoch 201: Train RMSE 0.1664, Test RMSE 0.3350
Epoch 202: Train RMSE 0.1590, Test RMSE 0.3301
Epoch 203: Train RMSE 0.1594, Test RMSE 0.3329
Epoch 204: Train RMSE 0.1587, Test RMSE 0.3330
Epoch 205: Train RMSE 0.1624, Test RMSE 0.3354
Epoch 206: Train RMSE 0.1613, Test RMSE 0.3333
Epoch 207: Train RMSE 0.1590, Test RMSE 0.3337
Epoch 208: Train RMSE 0.1642, Test RMSE 0.3369
Epoch 209: Train RMSE 0.1593, Test RMSE 0.3376
Epoch 210: Train RMSE 0.1604, Test RMSE 0.3365
Epoch 211: Train RMSE 0.1590, Test RMSE 0.3318
Epoch 212: Train RMSE 0.1599, Test RMSE 0.3356
Epoch 213: Train RMSE 0.1602, Test RMSE 0.3329
Epoch 214: Train RMSE 0.1621, Test RMSE 0.3272
Epoch 215: Train RMSE 0.1594, Test RMSE 0.3348
Epoch 216: Train RMSE 0.1681, Test RMSE 0.3363
Epoch 217: Train RMSE 0.2143, Test RMSE 0.3459
Epoch 218: Train RMSE 0.1608, Test RMSE 0.3331
Epoch 219: Train RMSE 0.1606, Test RMSE 0.3306
Epoch 220: Train RMSE 0.1600, Test RMSE 0.3332
Epoch 221: Train RMSE 0.1602, Test RMSE 0.3328
Epoch 222: Train RMSE 0.1595, Test RMSE 0.3412
Epoch 223: Train RMSE 0.1602, Test RMSE 0.3347
Epoch 224: Train RMSE 0.1581, Test RMSE 0.3305
Epoch 225: Train RMSE 0.1605, Test RMSE 0.3365
Epoch 226: Train RMSE 0.1612, Test RMSE 0.3264
Epoch 227: Train RMSE 0.1591, Test RMSE 0.3326
Epoch 228: Train RMSE 0.1589, Test RMSE 0.3313
Epoch 229: Train RMSE 0.1721, Test RMSE 0.3249
Epoch 230: Train RMSE 0.1632, Test RMSE 0.3272
Epoch 231: Train RMSE 0.1598, Test RMSE 0.3286
Epoch 232: Train RMSE 0.1593, Test RMSE 0.3276
Epoch 233: Train RMSE 0.1581, Test RMSE 0.3379
Epoch 234: Train RMSE 0.1593, Test RMSE 0.3338
Epoch 235: Train RMSE 0.1589, Test RMSE 0.3324
Epoch 236: Train RMSE 0.1624, Test RMSE 0.3304
Epoch 237: Train RMSE 0.1591, Test RMSE 0.3405
Epoch 238: Train RMSE 0.1632, Test RMSE 0.3357
Epoch 239: Train RMSE 0.1592, Test RMSE 0.3343
Epoch 240: Train RMSE 0.1593, Test RMSE 0.3323
Epoch 241: Train RMSE 0.1643, Test RMSE 0.3400
Epoch 242: Train RMSE 0.1597, Test RMSE 0.3381
Epoch 243: Train RMSE 0.1593, Test RMSE 0.3327
Epoch 244: Train RMSE 0.1609, Test RMSE 0.3296
Epoch 245: Train RMSE 0.1612, Test RMSE 0.3396
Epoch 246: Train RMSE 0.1570, Test RMSE 0.3336
Epoch 247: Train RMSE 0.1596, Test RMSE 0.3370
Epoch 248: Train RMSE 0.1644, Test RMSE 0.3396
Epoch 249: Train RMSE 0.1632, Test RMSE 0.3303
Epoch 250: Train RMSE 0.1608, Test RMSE 0.3263
Epoch 251: Train RMSE 0.1581, Test RMSE 0.3333
Epoch 252: Train RMSE 0.1588, Test RMSE 0.3344
Epoch 253: Train RMSE 0.1591, Test RMSE 0.3430
Epoch 254: Train RMSE 0.1592, Test RMSE 0.3361
Epoch 255: Train RMSE 0.1582, Test RMSE 0.3337
Epoch 256: Train RMSE 0.1587, Test RMSE 0.3357
Epoch 257: Train RMSE 0.1607, Test RMSE 0.3326
Epoch 258: Train RMSE 0.1580, Test RMSE 0.3309
Epoch 259: Train RMSE 0.1627, Test RMSE 0.3280
Epoch 260: Train RMSE 0.1587, Test RMSE 0.3342
Epoch 261: Train RMSE 0.1676, Test RMSE 0.3309
Epoch 262: Train RMSE 0.1613, Test RMSE 0.3315
Epoch 263: Train RMSE 0.1595, Test RMSE 0.3322
Epoch 264: Train RMSE 0.1588, Test RMSE 0.3339
Epoch 265: Train RMSE 0.1587, Test RMSE 0.3332
Epoch 266: Train RMSE 0.1637, Test RMSE 0.3300
Epoch 267: Train RMSE 0.1581, Test RMSE 0.3333
Epoch 268: Train RMSE 0.1591, Test RMSE 0.3355
Epoch 269: Train RMSE 0.1672, Test RMSE 0.3314
Epoch 270: Train RMSE 0.1592, Test RMSE 0.3324
Epoch 271: Train RMSE 0.1649, Test RMSE 0.3387
Epoch 272: Train RMSE 0.1580, Test RMSE 0.3417
Epoch 273: Train RMSE 0.1578, Test RMSE 0.3321
Epoch 274: Train RMSE 0.1568, Test RMSE 0.3340
Epoch 275: Train RMSE 0.1625, Test RMSE 0.3324
Epoch 276: Train RMSE 0.1569, Test RMSE 0.3366
Epoch 277: Train RMSE 0.1640, Test RMSE 0.3351
Epoch 278: Train RMSE 0.1623, Test RMSE 0.3284
Epoch 279: Train RMSE 0.1581, Test RMSE 0.3359
Epoch 280: Train RMSE 0.1588, Test RMSE 0.3431
Epoch 281: Train RMSE 0.1593, Test RMSE 0.3394
Epoch 282: Train RMSE 0.1577, Test RMSE 0.3387
Epoch 283: Train RMSE 0.1576, Test RMSE 0.3425
Epoch 284: Train RMSE 0.1580, Test RMSE 0.3435
Epoch 285: Train RMSE 0.1570, Test RMSE 0.3357
Epoch 286: Train RMSE 0.1569, Test RMSE 0.3394
Epoch 287: Train RMSE 0.1630, Test RMSE 0.3355
Epoch 288: Train RMSE 0.1571, Test RMSE 0.3339
Epoch 289: Train RMSE 0.1571, Test RMSE 0.3378
Epoch 290: Train RMSE 0.1579, Test RMSE 0.3358
Epoch 291: Train RMSE 0.1570, Test RMSE 0.3371
Epoch 292: Train RMSE 0.1593, Test RMSE 0.3342
Epoch 293: Train RMSE 0.1566, Test RMSE 0.3355
Epoch 294: Train RMSE 0.1578, Test RMSE 0.3360
Epoch 295: Train RMSE 0.1576, Test RMSE 0.3329
Epoch 296: Train RMSE 0.1587, Test RMSE 0.3352
Epoch 297: Train RMSE 0.1566, Test RMSE 0.3397
Epoch 298: Train RMSE 0.1576, Test RMSE 0.3340
Epoch 299: Train RMSE 0.1590, Test RMSE 0.3318
Epoch 300: Train RMSE 0.1563, Test RMSE 0.3381
Epoch 301: Train RMSE 0.1590, Test RMSE 0.3367
Epoch 302: Train RMSE 0.1561, Test RMSE 0.3385
Epoch 303: Train RMSE 0.1575, Test RMSE 0.3344
Epoch 304: Train RMSE 0.1596, Test RMSE 0.3361
Epoch 305: Train RMSE 0.1570, Test RMSE 0.3383
Epoch 306: Train RMSE 0.1682, Test RMSE 0.3302
Epoch 307: Train RMSE 0.1600, Test RMSE 0.3355
Epoch 308: Train RMSE 0.1572, Test RMSE 0.3344
Epoch 309: Train RMSE 0.1560, Test RMSE 0.3381
Epoch 310: Train RMSE 0.1580, Test RMSE 0.3397
Epoch 311: Train RMSE 0.1598, Test RMSE 0.3382
Epoch 312: Train RMSE 0.1570, Test RMSE 0.3359
Epoch 313: Train RMSE 0.1566, Test RMSE 0.3345
Epoch 314: Train RMSE 0.1563, Test RMSE 0.3372
Epoch 315: Train RMSE 0.1571, Test RMSE 0.3332
Epoch 316: Train RMSE 0.1561, Test RMSE 0.3337
Epoch 317: Train RMSE 0.1596, Test RMSE 0.3263
Epoch 318: Train RMSE 0.1563, Test RMSE 0.3353
Epoch 319: Train RMSE 0.1592, Test RMSE 0.3358
Epoch 320: Train RMSE 0.1576, Test RMSE 0.3393
Epoch 321: Train RMSE 0.1592, Test RMSE 0.3371
Epoch 322: Train RMSE 0.1555, Test RMSE 0.3356
Epoch 323: Train RMSE 0.1599, Test RMSE 0.3397
Epoch 324: Train RMSE 0.1598, Test RMSE 0.3356
Epoch 325: Train RMSE 0.1578, Test RMSE 0.3383
Epoch 326: Train RMSE 0.1549, Test RMSE 0.3383
Epoch 327: Train RMSE 0.1609, Test RMSE 0.3342
Epoch 328: Train RMSE 0.1584, Test RMSE 0.3336
Epoch 329: Train RMSE 0.1647, Test RMSE 0.3288
Epoch 330: Train RMSE 0.1577, Test RMSE 0.3341
Epoch 331: Train RMSE 0.1591, Test RMSE 0.3296
Epoch 332: Train RMSE 0.1583, Test RMSE 0.3364
Epoch 333: Train RMSE 0.1557, Test RMSE 0.3383
Epoch 334: Train RMSE 0.1558, Test RMSE 0.3383
Epoch 335: Train RMSE 0.1586, Test RMSE 0.3306
Epoch 336: Train RMSE 0.1563, Test RMSE 0.3394
Epoch 337: Train RMSE 0.1576, Test RMSE 0.3362
Epoch 338: Train RMSE 0.1607, Test RMSE 0.3425
Epoch 339: Train RMSE 0.1597, Test RMSE 0.3339
Epoch 340: Train RMSE 0.1549, Test RMSE 0.3393
Epoch 341: Train RMSE 0.1561, Test RMSE 0.3360
Epoch 342: Train RMSE 0.1567, Test RMSE 0.3296
Epoch 343: Train RMSE 0.1577, Test RMSE 0.3392
Epoch 344: Train RMSE 0.1553, Test RMSE 0.3379
Epoch 345: Train RMSE 0.1587, Test RMSE 0.3422
Epoch 346: Train RMSE 0.1590, Test RMSE 0.3357
Epoch 347: Train RMSE 0.1561, Test RMSE 0.3353
Epoch 348: Train RMSE 0.1555, Test RMSE 0.3340
Epoch 349: Train RMSE 0.1565, Test RMSE 0.3362
Epoch 350: Train RMSE 0.1566, Test RMSE 0.3409
Epoch 351: Train RMSE 0.1561, Test RMSE 0.3380
Epoch 352: Train RMSE 0.1568, Test RMSE 0.3448
Epoch 353: Train RMSE 0.1563, Test RMSE 0.3358
Epoch 354: Train RMSE 0.1558, Test RMSE 0.3364
Epoch 355: Train RMSE 0.1562, Test RMSE 0.3409
Epoch 356: Train RMSE 0.1554, Test RMSE 0.3366
Epoch 357: Train RMSE 0.1566, Test RMSE 0.3394
Epoch 358: Train RMSE 0.1539, Test RMSE 0.3389
Epoch 359: Train RMSE 0.1558, Test RMSE 0.3323
Epoch 360: Train RMSE 0.1579, Test RMSE 0.3351
Epoch 361: Train RMSE 0.1586, Test RMSE 0.3392
Epoch 362: Train RMSE 0.1576, Test RMSE 0.3382
Epoch 363: Train RMSE 0.1583, Test RMSE 0.3365
Epoch 364: Train RMSE 0.1574, Test RMSE 0.3316
Epoch 365: Train RMSE 0.1551, Test RMSE 0.3378
Epoch 366: Train RMSE 0.1550, Test RMSE 0.3407
Epoch 367: Train RMSE 0.1565, Test RMSE 0.3388
Epoch 368: Train RMSE 0.1607, Test RMSE 0.3415
Epoch 369: Train RMSE 0.1576, Test RMSE 0.3380
Epoch 370: Train RMSE 0.1574, Test RMSE 0.3372
Epoch 371: Train RMSE 0.1554, Test RMSE 0.3432
Epoch 372: Train RMSE 0.1564, Test RMSE 0.3386
Epoch 373: Train RMSE 0.1555, Test RMSE 0.3330
Epoch 374: Train RMSE 0.1604, Test RMSE 0.3415
Epoch 375: Train RMSE 0.1544, Test RMSE 0.3368
Epoch 376: Train RMSE 0.1566, Test RMSE 0.3356
Epoch 377: Train RMSE 0.1582, Test RMSE 0.3381
Epoch 378: Train RMSE 0.1547, Test RMSE 0.3388
Epoch 379: Train RMSE 0.1555, Test RMSE 0.3351
Epoch 380: Train RMSE 0.1544, Test RMSE 0.3377
Epoch 381: Train RMSE 0.1549, Test RMSE 0.3402
Epoch 382: Train RMSE 0.1584, Test RMSE 0.3377
Epoch 383: Train RMSE 0.1558, Test RMSE 0.3451
Epoch 384: Train RMSE 0.1544, Test RMSE 0.3428
Epoch 385: Train RMSE 0.1543, Test RMSE 0.3363
Epoch 386: Train RMSE 0.1552, Test RMSE 0.3379
Epoch 387: Train RMSE 0.1608, Test RMSE 0.3371
Epoch 388: Train RMSE 0.1573, Test RMSE 0.3408
Epoch 389: Train RMSE 0.1574, Test RMSE 0.3392
Epoch 390: Train RMSE 0.1544, Test RMSE 0.3364
Epoch 391: Train RMSE 0.1564, Test RMSE 0.3400
Epoch 392: Train RMSE 0.1552, Test RMSE 0.3367
Epoch 393: Train RMSE 0.1548, Test RMSE 0.3402
Epoch 394: Train RMSE 0.1544, Test RMSE 0.3387
Epoch 395: Train RMSE 0.1548, Test RMSE 0.3425
Epoch 396: Train RMSE 0.1547, Test RMSE 0.3432
Epoch 397: Train RMSE 0.1546, Test RMSE 0.3450
Epoch 398: Train RMSE 0.1545, Test RMSE 0.3401
Epoch 399: Train RMSE 0.1552, Test RMSE 0.3406
Epoch 400: Train RMSE 0.1539, Test RMSE 0.3376
Epoch 401: Train RMSE 0.1544, Test RMSE 0.3358
Epoch 402: Train RMSE 0.1544, Test RMSE 0.3447
Epoch 403: Train RMSE 0.1555, Test RMSE 0.3430
Epoch 404: Train RMSE 0.1546, Test RMSE 0.3385
Epoch 405: Train RMSE 0.1548, Test RMSE 0.3349
Epoch 406: Train RMSE 0.1547, Test RMSE 0.3471
Epoch 407: Train RMSE 0.1552, Test RMSE 0.3382
Epoch 408: Train RMSE 0.1541, Test RMSE 0.3432
Epoch 409: Train RMSE 0.1543, Test RMSE 0.3389
Epoch 410: Train RMSE 0.1548, Test RMSE 0.3410
Epoch 411: Train RMSE 0.1538, Test RMSE 0.3396
Epoch 412: Train RMSE 0.1603, Test RMSE 0.3292
Epoch 413: Train RMSE 0.1546, Test RMSE 0.3412
Epoch 414: Train RMSE 0.1536, Test RMSE 0.3388
Epoch 415: Train RMSE 0.1549, Test RMSE 0.3397
Epoch 416: Train RMSE 0.1547, Test RMSE 0.3427
Epoch 417: Train RMSE 0.1537, Test RMSE 0.3372
Epoch 418: Train RMSE 0.1555, Test RMSE 0.3343
Epoch 419: Train RMSE 0.1583, Test RMSE 0.3378
Epoch 420: Train RMSE 0.1541, Test RMSE 0.3398
Epoch 421: Train RMSE 0.1537, Test RMSE 0.3385
Epoch 422: Train RMSE 0.1553, Test RMSE 0.3424
Epoch 423: Train RMSE 0.1553, Test RMSE 0.3432
Epoch 424: Train RMSE 0.1573, Test RMSE 0.3512
Epoch 425: Train RMSE 0.1535, Test RMSE 0.3383
Epoch 426: Train RMSE 0.1540, Test RMSE 0.3397
Epoch 427: Train RMSE 0.1548, Test RMSE 0.3389
Epoch 428: Train RMSE 0.1539, Test RMSE 0.3357
Epoch 429: Train RMSE 0.1539, Test RMSE 0.3441
Epoch 430: Train RMSE 0.1615, Test RMSE 0.3423
Epoch 431: Train RMSE 0.1557, Test RMSE 0.3441
Epoch 432: Train RMSE 0.1563, Test RMSE 0.3401
Epoch 433: Train RMSE 0.1565, Test RMSE 0.3368
Epoch 434: Train RMSE 0.1590, Test RMSE 0.3321
Epoch 435: Train RMSE 0.1555, Test RMSE 0.3400
Epoch 436: Train RMSE 0.1538, Test RMSE 0.3413
Epoch 437: Train RMSE 0.1554, Test RMSE 0.3391
Epoch 438: Train RMSE 0.1544, Test RMSE 0.3425
Epoch 439: Train RMSE 0.1574, Test RMSE 0.3388
Epoch 440: Train RMSE 0.1558, Test RMSE 0.3401
Epoch 441: Train RMSE 0.1551, Test RMSE 0.3380
Epoch 442: Train RMSE 0.1530, Test RMSE 0.3383
Epoch 443: Train RMSE 0.1528, Test RMSE 0.3435
Epoch 444: Train RMSE 0.1577, Test RMSE 0.3383
Epoch 445: Train RMSE 0.1572, Test RMSE 0.3387
Epoch 446: Train RMSE 0.1559, Test RMSE 0.3362
Epoch 447: Train RMSE 0.1549, Test RMSE 0.3343
Epoch 448: Train RMSE 0.1543, Test RMSE 0.3329
Epoch 449: Train RMSE 0.1527, Test RMSE 0.3375
Epoch 450: Train RMSE 0.1540, Test RMSE 0.3395
Epoch 451: Train RMSE 0.1544, Test RMSE 0.3409
Epoch 452: Train RMSE 0.1587, Test RMSE 0.3330
Epoch 453: Train RMSE 0.1548, Test RMSE 0.3400
Epoch 454: Train RMSE 0.1562, Test RMSE 0.3381
Epoch 455: Train RMSE 0.1540, Test RMSE 0.3424
Epoch 456: Train RMSE 0.1537, Test RMSE 0.3380
Epoch 457: Train RMSE 0.1539, Test RMSE 0.3320
Epoch 458: Train RMSE 0.1541, Test RMSE 0.3334
Epoch 459: Train RMSE 0.1651, Test RMSE 0.3351
Epoch 460: Train RMSE 0.1538, Test RMSE 0.3333
Epoch 461: Train RMSE 0.1532, Test RMSE 0.3410
Epoch 462: Train RMSE 0.1544, Test RMSE 0.3397
Epoch 463: Train RMSE 0.1536, Test RMSE 0.3438
Epoch 464: Train RMSE 0.1532, Test RMSE 0.3418
Epoch 465: Train RMSE 0.1550, Test RMSE 0.3364
Epoch 466: Train RMSE 0.1528, Test RMSE 0.3372
Epoch 467: Train RMSE 0.1541, Test RMSE 0.3465
Epoch 468: Train RMSE 0.1529, Test RMSE 0.3361
Epoch 469: Train RMSE 0.1557, Test RMSE 0.3381
Epoch 470: Train RMSE 0.1545, Test RMSE 0.3381
Epoch 471: Train RMSE 0.1564, Test RMSE 0.3391
Epoch 472: Train RMSE 0.1649, Test RMSE 0.3384
Epoch 473: Train RMSE 0.1603, Test RMSE 0.3353
Epoch 474: Train RMSE 0.1591, Test RMSE 0.3356
Epoch 475: Train RMSE 0.1587, Test RMSE 0.3393
Epoch 476: Train RMSE 0.1614, Test RMSE 0.3271
Epoch 477: Train RMSE 0.1573, Test RMSE 0.3376
Epoch 478: Train RMSE 0.1546, Test RMSE 0.3415
Epoch 479: Train RMSE 0.1549, Test RMSE 0.3420
Epoch 480: Train RMSE 0.1527, Test RMSE 0.3368
Epoch 481: Train RMSE 0.1549, Test RMSE 0.3418
Epoch 482: Train RMSE 0.1625, Test RMSE 0.3353
Epoch 483: Train RMSE 0.1606, Test RMSE 0.3380
Epoch 484: Train RMSE 0.1545, Test RMSE 0.3434
Epoch 485: Train RMSE 0.1543, Test RMSE 0.3421
Epoch 486: Train RMSE 0.1647, Test RMSE 0.3425
Epoch 487: Train RMSE 0.1542, Test RMSE 0.3391
Epoch 488: Train RMSE 0.1538, Test RMSE 0.3418
Epoch 489: Train RMSE 0.1552, Test RMSE 0.3297
Epoch 490: Train RMSE 0.1540, Test RMSE 0.3357
Epoch 491: Train RMSE 0.1547, Test RMSE 0.3442
Epoch 492: Train RMSE 0.1533, Test RMSE 0.3360
Epoch 493: Train RMSE 0.1529, Test RMSE 0.3395
Epoch 494: Train RMSE 0.1574, Test RMSE 0.3404
Epoch 495: Train RMSE 0.1537, Test RMSE 0.3434
Epoch 496: Train RMSE 0.1524, Test RMSE 0.3417
Epoch 497: Train RMSE 0.1536, Test RMSE 0.3463
Epoch 498: Train RMSE 0.1598, Test RMSE 0.3450
Epoch 499: Train RMSE 0.1524, Test RMSE 0.3398
Traceback (most recent call last):
  File "/home/gsm0197/sralab/lstm.py", line 167, in <module>
    therapist_pred[train_size+lookback:] = test_pred
    ~~~~~~~~~~~~~~^^^^^^^^^^^^^^^^^^^^^^
ValueError: could not broadcast input array from shape (65400,) into shape (0,)
