/home/gsm0197/sralab/j42/lstm.py:123: DeprecationWarning: __array_wrap__ must accept context and return_scalar arguments (positionally) in the future. (Deprecated NumPy 2.0)
  train_rmse = np.sqrt(loss_fn(y_pred, y_train))
/home/gsm0197/sralab/j42/lstm.py:125: DeprecationWarning: __array_wrap__ must accept context and return_scalar arguments (positionally) in the future. (Deprecated NumPy 2.0)
  test_rmse = np.sqrt(loss_fn(y_pred, y_test))
Patient J4
Therapist J2
torch.Size([403283, 50, 1]) torch.Size([403283, 50, 1])
torch.Size([198284, 50, 1]) torch.Size([198284, 50, 1])
Epoch 0: Train RMSE 0.0673, Test RMSE 0.0751
Epoch 1: Train RMSE 0.0583, Test RMSE 0.0699
Epoch 2: Train RMSE 0.0571, Test RMSE 0.0681
Epoch 3: Train RMSE 0.0540, Test RMSE 0.0677
Epoch 4: Train RMSE 0.0524, Test RMSE 0.0691
Epoch 5: Train RMSE 0.0505, Test RMSE 0.0629
Epoch 6: Train RMSE 0.0504, Test RMSE 0.0630
Epoch 7: Train RMSE 0.0491, Test RMSE 0.0630
Epoch 8: Train RMSE 0.0487, Test RMSE 0.0644
Epoch 9: Train RMSE 0.0487, Test RMSE 0.0628
Epoch 10: Train RMSE 0.0484, Test RMSE 0.0629
Epoch 11: Train RMSE 0.0484, Test RMSE 0.0621
Epoch 12: Train RMSE 0.0482, Test RMSE 0.0623
Epoch 13: Train RMSE 0.0473, Test RMSE 0.0626
Epoch 14: Train RMSE 0.0481, Test RMSE 0.0644
Epoch 15: Train RMSE 0.0472, Test RMSE 0.0626
Epoch 16: Train RMSE 0.0469, Test RMSE 0.0625
Epoch 17: Train RMSE 0.0472, Test RMSE 0.0638
Epoch 18: Train RMSE 0.0487, Test RMSE 0.0623
Epoch 19: Train RMSE 0.0466, Test RMSE 0.0631
Epoch 20: Train RMSE 0.0465, Test RMSE 0.0624
Epoch 21: Train RMSE 0.0474, Test RMSE 0.0665
Epoch 22: Train RMSE 0.0462, Test RMSE 0.0635
Epoch 23: Train RMSE 0.0464, Test RMSE 0.0629
Epoch 24: Train RMSE 0.0461, Test RMSE 0.0634
Epoch 25: Train RMSE 0.0464, Test RMSE 0.0636
Epoch 26: Train RMSE 0.0461, Test RMSE 0.0624
Epoch 27: Train RMSE 0.0459, Test RMSE 0.0639
Epoch 28: Train RMSE 0.0465, Test RMSE 0.0616
Epoch 29: Train RMSE 0.0457, Test RMSE 0.0638
Epoch 30: Train RMSE 0.0456, Test RMSE 0.0636
Epoch 31: Train RMSE 0.0458, Test RMSE 0.0623
Epoch 32: Train RMSE 0.0458, Test RMSE 0.0655
Epoch 33: Train RMSE 0.0466, Test RMSE 0.0611
Epoch 34: Train RMSE 0.0455, Test RMSE 0.0625
Epoch 35: Train RMSE 0.0453, Test RMSE 0.0638
Epoch 36: Train RMSE 0.0456, Test RMSE 0.0615
Epoch 37: Train RMSE 0.0462, Test RMSE 0.0629
Epoch 38: Train RMSE 0.0460, Test RMSE 0.0618
Epoch 39: Train RMSE 0.0453, Test RMSE 0.0621
Epoch 40: Train RMSE 0.0451, Test RMSE 0.0642
Epoch 41: Train RMSE 0.0453, Test RMSE 0.0630
Epoch 42: Train RMSE 0.0456, Test RMSE 0.0616
Epoch 43: Train RMSE 0.0452, Test RMSE 0.0635
Epoch 44: Train RMSE 0.0450, Test RMSE 0.0626
Epoch 45: Train RMSE 0.0452, Test RMSE 0.0631
Epoch 46: Train RMSE 0.0450, Test RMSE 0.0626
Epoch 47: Train RMSE 0.0452, Test RMSE 0.0637
Epoch 48: Train RMSE 0.0453, Test RMSE 0.0644
Epoch 49: Train RMSE 0.0448, Test RMSE 0.0630
Epoch 50: Train RMSE 0.0452, Test RMSE 0.0633
Epoch 51: Train RMSE 0.0447, Test RMSE 0.0628
Epoch 52: Train RMSE 0.0449, Test RMSE 0.0629
Epoch 53: Train RMSE 0.0453, Test RMSE 0.0632
Epoch 54: Train RMSE 0.0447, Test RMSE 0.0627
Epoch 55: Train RMSE 0.0446, Test RMSE 0.0630
Epoch 56: Train RMSE 0.0452, Test RMSE 0.0612
Epoch 57: Train RMSE 0.0448, Test RMSE 0.0626
Epoch 58: Train RMSE 0.0448, Test RMSE 0.0630
Epoch 59: Train RMSE 0.0449, Test RMSE 0.0633
Epoch 60: Train RMSE 0.0447, Test RMSE 0.0637
Epoch 61: Train RMSE 0.0448, Test RMSE 0.0611
Epoch 62: Train RMSE 0.0446, Test RMSE 0.0634
Epoch 63: Train RMSE 0.0458, Test RMSE 0.0652
Epoch 64: Train RMSE 0.0445, Test RMSE 0.0615
Epoch 65: Train RMSE 0.0451, Test RMSE 0.0641
Epoch 66: Train RMSE 0.0446, Test RMSE 0.0635
Epoch 67: Train RMSE 0.0452, Test RMSE 0.0639
Epoch 68: Train RMSE 0.0443, Test RMSE 0.0626
Epoch 69: Train RMSE 0.0447, Test RMSE 0.0629
Epoch 70: Train RMSE 0.0446, Test RMSE 0.0625
Epoch 71: Train RMSE 0.0446, Test RMSE 0.0625
Epoch 72: Train RMSE 0.0448, Test RMSE 0.0625
Epoch 73: Train RMSE 0.0443, Test RMSE 0.0626
Epoch 74: Train RMSE 0.0442, Test RMSE 0.0627
Epoch 75: Train RMSE 0.0443, Test RMSE 0.0636
Epoch 76: Train RMSE 0.0441, Test RMSE 0.0633
Epoch 77: Train RMSE 0.0443, Test RMSE 0.0620
Epoch 78: Train RMSE 0.0444, Test RMSE 0.0621
Epoch 79: Train RMSE 0.0442, Test RMSE 0.0627
Epoch 80: Train RMSE 0.0443, Test RMSE 0.0628
Epoch 81: Train RMSE 0.0444, Test RMSE 0.0626
Epoch 82: Train RMSE 0.0442, Test RMSE 0.0624
Epoch 83: Train RMSE 0.0442, Test RMSE 0.0628
Epoch 84: Train RMSE 0.0442, Test RMSE 0.0636
Epoch 85: Train RMSE 0.0444, Test RMSE 0.0646
Epoch 86: Train RMSE 0.0444, Test RMSE 0.0623
Epoch 87: Train RMSE 0.0441, Test RMSE 0.0631
Epoch 88: Train RMSE 0.0445, Test RMSE 0.0627
Epoch 89: Train RMSE 0.0441, Test RMSE 0.0638
Epoch 90: Train RMSE 0.0440, Test RMSE 0.0623
Epoch 91: Train RMSE 0.0440, Test RMSE 0.0622
Epoch 92: Train RMSE 0.0440, Test RMSE 0.0623
Epoch 93: Train RMSE 0.0442, Test RMSE 0.0625
Epoch 94: Train RMSE 0.0443, Test RMSE 0.0629
Epoch 95: Train RMSE 0.0440, Test RMSE 0.0622
Epoch 96: Train RMSE 0.0447, Test RMSE 0.0638
Epoch 97: Train RMSE 0.0441, Test RMSE 0.0626
Epoch 98: Train RMSE 0.0441, Test RMSE 0.0624
Epoch 99: Train RMSE 0.0443, Test RMSE 0.0638
Epoch 100: Train RMSE 0.0439, Test RMSE 0.0621
Epoch 101: Train RMSE 0.0444, Test RMSE 0.0620
Epoch 102: Train RMSE 0.0441, Test RMSE 0.0632
Epoch 103: Train RMSE 0.0441, Test RMSE 0.0623
Epoch 104: Train RMSE 0.0441, Test RMSE 0.0623
Epoch 105: Train RMSE 0.0444, Test RMSE 0.0618
Epoch 106: Train RMSE 0.0437, Test RMSE 0.0626
Epoch 107: Train RMSE 0.0439, Test RMSE 0.0623
Epoch 108: Train RMSE 0.0439, Test RMSE 0.0629
Epoch 109: Train RMSE 0.0440, Test RMSE 0.0630
Epoch 110: Train RMSE 0.0439, Test RMSE 0.0629
Epoch 111: Train RMSE 0.0437, Test RMSE 0.0622
Epoch 112: Train RMSE 0.0436, Test RMSE 0.0621
Epoch 113: Train RMSE 0.0438, Test RMSE 0.0637
Epoch 114: Train RMSE 0.0438, Test RMSE 0.0628
Epoch 115: Train RMSE 0.0439, Test RMSE 0.0623
Epoch 116: Train RMSE 0.0439, Test RMSE 0.0625
Epoch 117: Train RMSE 0.0438, Test RMSE 0.0633
Epoch 118: Train RMSE 0.0443, Test RMSE 0.0635
Epoch 119: Train RMSE 0.0443, Test RMSE 0.0638
Epoch 120: Train RMSE 0.0437, Test RMSE 0.0629
Epoch 121: Train RMSE 0.0437, Test RMSE 0.0624
Epoch 122: Train RMSE 0.0439, Test RMSE 0.0624
Epoch 123: Train RMSE 0.0441, Test RMSE 0.0637
Epoch 124: Train RMSE 0.0435, Test RMSE 0.0632
Epoch 125: Train RMSE 0.0444, Test RMSE 0.0606
Epoch 126: Train RMSE 0.0444, Test RMSE 0.0621
Epoch 127: Train RMSE 0.0436, Test RMSE 0.0631
Epoch 128: Train RMSE 0.0437, Test RMSE 0.0638
Epoch 129: Train RMSE 0.0437, Test RMSE 0.0621
Epoch 130: Train RMSE 0.0434, Test RMSE 0.0621
Epoch 131: Train RMSE 0.0436, Test RMSE 0.0627
Epoch 132: Train RMSE 0.0435, Test RMSE 0.0636
Epoch 133: Train RMSE 0.0435, Test RMSE 0.0627
Epoch 134: Train RMSE 0.0436, Test RMSE 0.0623
Epoch 135: Train RMSE 0.0435, Test RMSE 0.0620
Epoch 136: Train RMSE 0.0434, Test RMSE 0.0629
Epoch 137: Train RMSE 0.0435, Test RMSE 0.0624
Epoch 138: Train RMSE 0.0436, Test RMSE 0.0617
Epoch 139: Train RMSE 0.0434, Test RMSE 0.0624
Epoch 140: Train RMSE 0.0434, Test RMSE 0.0624
Epoch 141: Train RMSE 0.0437, Test RMSE 0.0633
Epoch 142: Train RMSE 0.0434, Test RMSE 0.0623
Epoch 143: Train RMSE 0.0435, Test RMSE 0.0625
Epoch 144: Train RMSE 0.0433, Test RMSE 0.0616
Epoch 145: Train RMSE 0.0434, Test RMSE 0.0625
Epoch 146: Train RMSE 0.0433, Test RMSE 0.0621
Epoch 147: Train RMSE 0.0432, Test RMSE 0.0627
Epoch 148: Train RMSE 0.0433, Test RMSE 0.0631
Epoch 149: Train RMSE 0.0432, Test RMSE 0.0623
Epoch 150: Train RMSE 0.0432, Test RMSE 0.0626
Epoch 151: Train RMSE 0.0433, Test RMSE 0.0628
Epoch 152: Train RMSE 0.0434, Test RMSE 0.0615
Epoch 153: Train RMSE 0.0436, Test RMSE 0.0629
Epoch 154: Train RMSE 0.0435, Test RMSE 0.0613
Epoch 155: Train RMSE 0.0435, Test RMSE 0.0621
Epoch 156: Train RMSE 0.0433, Test RMSE 0.0624
Epoch 157: Train RMSE 0.0432, Test RMSE 0.0623
Epoch 158: Train RMSE 0.0434, Test RMSE 0.0624
Epoch 159: Train RMSE 0.0435, Test RMSE 0.0636
Epoch 160: Train RMSE 0.0432, Test RMSE 0.0625
Epoch 161: Train RMSE 0.0436, Test RMSE 0.0631
Epoch 162: Train RMSE 0.0436, Test RMSE 0.0611
Epoch 163: Train RMSE 0.0435, Test RMSE 0.0629
Epoch 164: Train RMSE 0.0435, Test RMSE 0.0636
Epoch 165: Train RMSE 0.0433, Test RMSE 0.0619
Epoch 166: Train RMSE 0.0436, Test RMSE 0.0634
Epoch 167: Train RMSE 0.0432, Test RMSE 0.0623
Epoch 168: Train RMSE 0.0436, Test RMSE 0.0628
Epoch 169: Train RMSE 0.0431, Test RMSE 0.0627
Epoch 170: Train RMSE 0.0437, Test RMSE 0.0647
Epoch 171: Train RMSE 0.0436, Test RMSE 0.0628
Epoch 172: Train RMSE 0.0433, Test RMSE 0.0625
Epoch 173: Train RMSE 0.0433, Test RMSE 0.0635
Epoch 174: Train RMSE 0.0435, Test RMSE 0.0631
Epoch 175: Train RMSE 0.0434, Test RMSE 0.0630
Epoch 176: Train RMSE 0.0431, Test RMSE 0.0631
Epoch 177: Train RMSE 0.0432, Test RMSE 0.0628
Epoch 178: Train RMSE 0.0431, Test RMSE 0.0620
Epoch 179: Train RMSE 0.0435, Test RMSE 0.0639
Epoch 180: Train RMSE 0.0431, Test RMSE 0.0633
Epoch 181: Train RMSE 0.0434, Test RMSE 0.0637
Epoch 182: Train RMSE 0.0441, Test RMSE 0.0650
Epoch 183: Train RMSE 0.0429, Test RMSE 0.0626
Epoch 184: Train RMSE 0.0434, Test RMSE 0.0631
Epoch 185: Train RMSE 0.0429, Test RMSE 0.0628
Epoch 186: Train RMSE 0.0430, Test RMSE 0.0625
Epoch 187: Train RMSE 0.0432, Test RMSE 0.0633
Epoch 188: Train RMSE 0.0435, Test RMSE 0.0620
Epoch 189: Train RMSE 0.0430, Test RMSE 0.0615
Epoch 190: Train RMSE 0.0430, Test RMSE 0.0624
Epoch 191: Train RMSE 0.0433, Test RMSE 0.0626
Epoch 192: Train RMSE 0.0431, Test RMSE 0.0628
Epoch 193: Train RMSE 0.0431, Test RMSE 0.0628
Epoch 194: Train RMSE 0.0428, Test RMSE 0.0626
Epoch 195: Train RMSE 0.0430, Test RMSE 0.0616
Epoch 196: Train RMSE 0.0429, Test RMSE 0.0624
Epoch 197: Train RMSE 0.0428, Test RMSE 0.0629
Epoch 198: Train RMSE 0.0429, Test RMSE 0.0634
Epoch 199: Train RMSE 0.0432, Test RMSE 0.0634
