/home/gsm0197/sralab_working/lstm_BigData/trial9/jt3_vel/lstm.py:46: UserWarning: Creating a tensor from a list of numpy.ndarrays is extremely slow. Please consider converting the list to a single numpy.ndarray with numpy.array() before converting to a tensor. (Triggered internally at /pytorch/torch/csrc/utils/tensor_new.cpp:254.)
  return torch.tensor(X, dtype=torch.float32), torch.tensor(y, dtype=torch.float32)
Using device: cuda
Training data shape: (3440201, 19)
Validation data shape: (982916, 19)
torch.Size([3440151, 50, 8]) torch.Size([3440151, 50, 1])
torch.Size([982866, 50, 8]) torch.Size([982866, 50, 1])
Epoch 0: Train MSE 0.2701, Validation MSE 0.1245
Epoch 0 training time: 46.3714439868927
Epoch 1: Train MSE 0.0815, Validation MSE 0.1044
Epoch 1 training time: 46.014806270599365
Epoch 2: Train MSE 0.0722, Validation MSE 0.0987
Epoch 2 training time: 46.53497886657715
Epoch 3: Train MSE 0.0684, Validation MSE 0.0956
Epoch 3 training time: 45.86941909790039
Epoch 4: Train MSE 0.0660, Validation MSE 0.0935
Epoch 4 training time: 46.49390983581543
Epoch 5: Train MSE 0.0642, Validation MSE 0.0918
Epoch 5 training time: 46.45244002342224
Epoch 6: Train MSE 0.0631, Validation MSE 0.0908
Epoch 6 training time: 45.99999499320984
Epoch 7: Train MSE 0.0622, Validation MSE 0.0896
Epoch 7 training time: 45.80944776535034
Epoch 8: Train MSE 0.0614, Validation MSE 0.0889
Epoch 8 training time: 46.41968822479248
Epoch 9: Train MSE 0.0608, Validation MSE 0.0885
Epoch 9 training time: 46.39671468734741
Epoch 10: Train MSE 0.0602, Validation MSE 0.0880
Epoch 10 training time: 45.876911640167236
Epoch 11: Train MSE 0.0597, Validation MSE 0.0877
Epoch 11 training time: 36.856467723846436
Epoch 12: Train MSE 0.0591, Validation MSE 0.0870
Epoch 12 training time: 36.99622392654419
Epoch 13: Train MSE 0.0586, Validation MSE 0.0869
Epoch 13 training time: 36.819841146469116
Epoch 14: Train MSE 0.0582, Validation MSE 0.0866
Epoch 14 training time: 36.98439383506775
Epoch 15: Train MSE 0.0578, Validation MSE 0.0860
Epoch 15 training time: 37.17443060874939
Epoch 16: Train MSE 0.0575, Validation MSE 0.0857
Epoch 16 training time: 36.83318901062012
Epoch 17: Train MSE 0.0572, Validation MSE 0.0861
Epoch 17 training time: 36.92411017417908
Epoch 18: Train MSE 0.0569, Validation MSE 0.0855
Epoch 18 training time: 36.97773265838623
Epoch 19: Train MSE 0.0566, Validation MSE 0.0850
Epoch 19 training time: 36.63585042953491
Epoch 20: Train MSE 0.0563, Validation MSE 0.0845
Epoch 20 training time: 36.868863582611084
Epoch 21: Train MSE 0.0561, Validation MSE 0.0849
Epoch 21 training time: 36.96274709701538
Epoch 22: Train MSE 0.0558, Validation MSE 0.0844
Epoch 22 training time: 37.061508655548096
Epoch 23: Train MSE 0.0556, Validation MSE 0.0845
Epoch 23 training time: 37.04960799217224
Epoch 24: Train MSE 0.0554, Validation MSE 0.0844
Epoch 24 training time: 36.87016844749451
Epoch 25: Train MSE 0.0552, Validation MSE 0.0839
Epoch 25 training time: 45.70588970184326
Epoch 26: Train MSE 0.0550, Validation MSE 0.0835
Epoch 26 training time: 45.7142539024353
Epoch 27: Train MSE 0.0548, Validation MSE 0.0835
Epoch 27 training time: 45.43294835090637
Epoch 28: Train MSE 0.0546, Validation MSE 0.0829
Epoch 28 training time: 45.5231511592865
Epoch 29: Train MSE 0.0544, Validation MSE 0.0830
Epoch 29 training time: 45.18115997314453
Epoch 30: Train MSE 0.0543, Validation MSE 0.0834
Epoch 30 training time: 46.073840379714966
Epoch 31: Train MSE 0.0541, Validation MSE 0.0826
Epoch 31 training time: 45.42942142486572
Epoch 32: Train MSE 0.0540, Validation MSE 0.0827
Epoch 32 training time: 45.48931360244751
Epoch 33: Train MSE 0.0538, Validation MSE 0.0820
Epoch 33 training time: 36.84828853607178
Epoch 34: Train MSE 0.0537, Validation MSE 0.0817
Epoch 34 training time: 36.72545671463013
Epoch 35: Train MSE 0.0536, Validation MSE 0.0817
Epoch 35 training time: 45.55396628379822
Epoch 36: Train MSE 0.0535, Validation MSE 0.0818
Epoch 36 training time: 45.84634590148926
Epoch 37: Train MSE 0.0533, Validation MSE 0.0821
Epoch 37 training time: 45.841121196746826
Epoch 38: Train MSE 0.0532, Validation MSE 0.0822
Epoch 38 training time: 45.74629735946655
Epoch 39: Train MSE 0.0531, Validation MSE 0.0817
Epoch 39 training time: 46.268922090530396
Epoch 40: Train MSE 0.0530, Validation MSE 0.0810
Epoch 40 training time: 43.229503870010376
Epoch 41: Train MSE 0.0529, Validation MSE 0.0807
Epoch 41 training time: 36.97241735458374
Epoch 42: Train MSE 0.0528, Validation MSE 0.0806
Epoch 42 training time: 45.133962631225586
Epoch 43: Train MSE 0.0527, Validation MSE 0.0808
Epoch 43 training time: 45.53184103965759
Epoch 44: Train MSE 0.0526, Validation MSE 0.0809
Epoch 44 training time: 40.96536087989807
Epoch 45: Train MSE 0.0525, Validation MSE 0.0814
Epoch 45 training time: 45.69649028778076
Epoch 46: Train MSE 0.0524, Validation MSE 0.0803
Epoch 46 training time: 45.72263193130493
Epoch 47: Train MSE 0.0523, Validation MSE 0.0803
Epoch 47 training time: 39.585549116134644
Epoch 48: Train MSE 0.0522, Validation MSE 0.0799
Epoch 48 training time: 36.685423374176025
Epoch 49: Train MSE 0.0521, Validation MSE 0.0801
Epoch 49 training time: 36.92249274253845
Epoch 50: Train MSE 0.0521, Validation MSE 0.0804
Epoch 50 training time: 36.80163908004761
Epoch 51: Train MSE 0.0520, Validation MSE 0.0799
Epoch 51 training time: 36.95917725563049
Epoch 52: Train MSE 0.0519, Validation MSE 0.0798
Epoch 52 training time: 36.84790563583374
Epoch 53: Train MSE 0.0518, Validation MSE 0.0796
Epoch 53 training time: 36.722856760025024
Epoch 54: Train MSE 0.0517, Validation MSE 0.0795
Epoch 54 training time: 36.93214654922485
Epoch 55: Train MSE 0.0516, Validation MSE 0.0795
Epoch 55 training time: 36.97244572639465
Epoch 56: Train MSE 0.0516, Validation MSE 0.0794
Epoch 56 training time: 45.40417718887329
Epoch 57: Train MSE 0.0515, Validation MSE 0.0792
Epoch 57 training time: 45.874457597732544
Epoch 58: Train MSE 0.0514, Validation MSE 0.0798
Epoch 58 training time: 36.7484495639801
Epoch 59: Train MSE 0.0513, Validation MSE 0.0796
Epoch 59 training time: 36.920464515686035
Epoch 60: Train MSE 0.0513, Validation MSE 0.0791
Epoch 60 training time: 36.9155547618866
Epoch 61: Train MSE 0.0512, Validation MSE 0.0794
Epoch 61 training time: 36.707555294036865
Epoch 62: Train MSE 0.0511, Validation MSE 0.0795
Epoch 62 training time: 36.82815384864807
Epoch 63: Train MSE 0.0510, Validation MSE 0.0791
Epoch 63 training time: 36.778831005096436
Epoch 64: Train MSE 0.0510, Validation MSE 0.0789
Epoch 64 training time: 36.93972969055176
Epoch 65: Train MSE 0.0509, Validation MSE 0.0787
Epoch 65 training time: 36.919392585754395
Epoch 66: Train MSE 0.0508, Validation MSE 0.0787
Epoch 66 training time: 36.770753145217896
Epoch 67: Train MSE 0.0508, Validation MSE 0.0781
Epoch 67 training time: 36.91303253173828
Epoch 68: Train MSE 0.0507, Validation MSE 0.0781
Epoch 68 training time: 36.87511658668518
Epoch 69: Train MSE 0.0506, Validation MSE 0.0783
Epoch 69 training time: 36.74275541305542
Epoch 70: Train MSE 0.0506, Validation MSE 0.0783
Epoch 70 training time: 36.98906493186951
Epoch 71: Train MSE 0.0505, Validation MSE 0.0787
Epoch 71 training time: 36.836103677749634
Epoch 72: Train MSE 0.0504, Validation MSE 0.0783
Epoch 72 training time: 40.01027703285217
Epoch 73: Train MSE 0.0504, Validation MSE 0.0784
Epoch 73 training time: 38.61712861061096
Epoch 74: Train MSE 0.0503, Validation MSE 0.0782
Epoch 74 training time: 36.69799542427063
Epoch 75: Train MSE 0.0502, Validation MSE 0.0779
Epoch 75 training time: 36.90243053436279
Epoch 76: Train MSE 0.0502, Validation MSE 0.0777
Epoch 76 training time: 36.96830892562866
Epoch 77: Train MSE 0.0501, Validation MSE 0.0777
Epoch 77 training time: 36.515923261642456
Epoch 78: Train MSE 0.0501, Validation MSE 0.0780
Epoch 78 training time: 36.60963273048401
Epoch 79: Train MSE 0.0500, Validation MSE 0.0779
Epoch 79 training time: 36.51961922645569
Epoch 80: Train MSE 0.0500, Validation MSE 0.0772
Epoch 80 training time: 36.64323878288269
Epoch 81: Train MSE 0.0499, Validation MSE 0.0778
Epoch 81 training time: 36.94008421897888
Epoch 82: Train MSE 0.0498, Validation MSE 0.0776
Epoch 82 training time: 36.65962839126587
Epoch 83: Train MSE 0.0498, Validation MSE 0.0779
Epoch 83 training time: 36.895302534103394
Epoch 84: Train MSE 0.0497, Validation MSE 0.0777
Epoch 84 training time: 36.73803234100342
Epoch 85: Train MSE 0.0497, Validation MSE 0.0781
Epoch 85 training time: 36.75347352027893
Epoch 86: Train MSE 0.0496, Validation MSE 0.0774
Epoch 86 training time: 36.887006759643555
Epoch 87: Train MSE 0.0496, Validation MSE 0.0774
Epoch 87 training time: 36.796626329422
Epoch 88: Train MSE 0.0495, Validation MSE 0.0777
Epoch 88 training time: 45.66226768493652
Epoch 89: Train MSE 0.0495, Validation MSE 0.0770
Epoch 89 training time: 45.62443494796753
Epoch 90: Train MSE 0.0494, Validation MSE 0.0770
Epoch 90 training time: 45.18432641029358
Epoch 91: Train MSE 0.0494, Validation MSE 0.0765
Epoch 91 training time: 45.38932418823242
Epoch 92: Train MSE 0.0493, Validation MSE 0.0771
Epoch 92 training time: 45.058223724365234
Epoch 93: Train MSE 0.0493, Validation MSE 0.0768
Epoch 93 training time: 36.80125951766968
Epoch 94: Train MSE 0.0492, Validation MSE 0.0768
Epoch 94 training time: 45.41836857795715
Epoch 95: Train MSE 0.0492, Validation MSE 0.0767
Epoch 95 training time: 36.62947702407837
Epoch 96: Train MSE 0.0491, Validation MSE 0.0768
Epoch 96 training time: 36.91352319717407
Epoch 97: Train MSE 0.0491, Validation MSE 0.0770
Epoch 97 training time: 36.92131471633911
Epoch 98: Train MSE 0.0490, Validation MSE 0.0771
Epoch 98 training time: 36.65286898612976
Epoch 99: Train MSE 0.0490, Validation MSE 0.0770
Epoch 99 training time: 36.86852836608887
Epoch 100: Train MSE 0.0490, Validation MSE 0.0766
Epoch 100 training time: 36.75990438461304
Epoch 101: Train MSE 0.0489, Validation MSE 0.0769
Epoch 101 training time: 36.941814661026
Epoch 102: Train MSE 0.0489, Validation MSE 0.0771
Epoch 102 training time: 36.8266978263855
Epoch 103: Train MSE 0.0488, Validation MSE 0.0767
Epoch 103 training time: 36.77005672454834
Epoch 104: Train MSE 0.0488, Validation MSE 0.0766
Epoch 104 training time: 39.80526924133301
Epoch 105: Train MSE 0.0487, Validation MSE 0.0761
Epoch 105 training time: 36.82868504524231
Epoch 106: Train MSE 0.0487, Validation MSE 0.0763
Epoch 106 training time: 36.64287352561951
Epoch 107: Train MSE 0.0487, Validation MSE 0.0767
Epoch 107 training time: 36.88484573364258
Epoch 108: Train MSE 0.0486, Validation MSE 0.0764
Epoch 108 training time: 36.76094603538513
Epoch 109: Train MSE 0.0486, Validation MSE 0.0762
Epoch 109 training time: 36.9870343208313
Epoch 110: Train MSE 0.0485, Validation MSE 0.0763
Epoch 110 training time: 36.87938046455383
Epoch 111: Train MSE 0.0485, Validation MSE 0.0761
Epoch 111 training time: 36.70380163192749
Epoch 112: Train MSE 0.0485, Validation MSE 0.0761
Epoch 112 training time: 36.85733246803284
Epoch 113: Train MSE 0.0484, Validation MSE 0.0766
Epoch 113 training time: 36.73840045928955
Epoch 114: Train MSE 0.0484, Validation MSE 0.0766
Epoch 114 training time: 36.88344192504883
Epoch 115: Train MSE 0.0484, Validation MSE 0.0759
Epoch 115 training time: 36.804165840148926
Epoch 116: Train MSE 0.0483, Validation MSE 0.0760
Epoch 116 training time: 36.733487367630005
Epoch 117: Train MSE 0.0483, Validation MSE 0.0761
Epoch 117 training time: 36.9376540184021
Epoch 118: Train MSE 0.0483, Validation MSE 0.0761
Epoch 118 training time: 36.92555069923401
Epoch 119: Train MSE 0.0482, Validation MSE 0.0757
Epoch 119 training time: 36.77808666229248
Epoch 120: Train MSE 0.0482, Validation MSE 0.0757
Epoch 120 training time: 36.934539794921875
Epoch 121: Train MSE 0.0481, Validation MSE 0.0756
Epoch 121 training time: 36.81974458694458
Epoch 122: Train MSE 0.0481, Validation MSE 0.0753
Epoch 122 training time: 36.95308780670166
Epoch 123: Train MSE 0.0481, Validation MSE 0.0757
Epoch 123 training time: 36.98591470718384
Epoch 124: Train MSE 0.0480, Validation MSE 0.0757
Epoch 124 training time: 36.75745487213135
Epoch 125: Train MSE 0.0480, Validation MSE 0.0755
Epoch 125 training time: 36.87272548675537
Epoch 126: Train MSE 0.0480, Validation MSE 0.0760
Epoch 126 training time: 36.9896924495697
Epoch 127: Train MSE 0.0479, Validation MSE 0.0759
Epoch 127 training time: 36.736539363861084
Epoch 128: Train MSE 0.0479, Validation MSE 0.0757
Epoch 128 training time: 36.91820526123047
Epoch 129: Train MSE 0.0479, Validation MSE 0.0756
Epoch 129 training time: 36.75912928581238
Epoch 130: Train MSE 0.0478, Validation MSE 0.0758
Epoch 130 training time: 36.91992807388306
Epoch 131: Train MSE 0.0478, Validation MSE 0.0756
Epoch 131 training time: 36.95336842536926
Epoch 132: Train MSE 0.0478, Validation MSE 0.0757
Epoch 132 training time: 36.55974626541138
Epoch 133: Train MSE 0.0478, Validation MSE 0.0758
Epoch 133 training time: 36.64332580566406
Epoch 134: Train MSE 0.0477, Validation MSE 0.0756
Epoch 134 training time: 36.56352376937866
Epoch 135: Train MSE 0.0477, Validation MSE 0.0752
Epoch 135 training time: 36.59716296195984
Epoch 136: Train MSE 0.0477, Validation MSE 0.0754
Epoch 136 training time: 38.930522441864014
Epoch 137: Train MSE 0.0476, Validation MSE 0.0757
Epoch 137 training time: 36.595648765563965
Epoch 138: Train MSE 0.0476, Validation MSE 0.0752
Epoch 138 training time: 36.77861952781677
Epoch 139: Train MSE 0.0476, Validation MSE 0.0759
Epoch 139 training time: 36.9259307384491
Epoch 140: Train MSE 0.0476, Validation MSE 0.0755
Epoch 140 training time: 36.68809103965759
Epoch 141: Train MSE 0.0475, Validation MSE 0.0750
Epoch 141 training time: 36.89208149909973
Epoch 142: Train MSE 0.0475, Validation MSE 0.0753
Epoch 142 training time: 36.76996564865112
Epoch 143: Train MSE 0.0475, Validation MSE 0.0751
Epoch 143 training time: 36.91162586212158
Epoch 144: Train MSE 0.0474, Validation MSE 0.0756
Epoch 144 training time: 36.850364685058594
Epoch 145: Train MSE 0.0474, Validation MSE 0.0753
Epoch 145 training time: 36.756922245025635
Epoch 146: Train MSE 0.0474, Validation MSE 0.0749
Epoch 146 training time: 36.90452456474304
Epoch 147: Train MSE 0.0474, Validation MSE 0.0751
Epoch 147 training time: 36.90653443336487
Epoch 148: Train MSE 0.0473, Validation MSE 0.0749
Epoch 148 training time: 36.63496470451355
Epoch 149: Train MSE 0.0473, Validation MSE 0.0750
Epoch 149 training time: 36.93585801124573
