/home/gsm0197/sralab_working/lstm_BigData/trial10/jt4_pos/lstm.py:48: UserWarning: Creating a tensor from a list of numpy.ndarrays is extremely slow. Please consider converting the list to a single numpy.ndarray with numpy.array() before converting to a tensor. (Triggered internally at /pytorch/torch/csrc/utils/tensor_new.cpp:254.)
  return torch.tensor(X, dtype=torch.float32), torch.tensor(y, dtype=torch.float32)
Using device: cuda
Training data shape: (3440201, 19)
Validation data shape: (982916, 19)
torch.Size([344013, 50, 8]) torch.Size([344013, 50, 1])
torch.Size([98285, 50, 8]) torch.Size([98285, 50, 1])
Epoch 0: Train MSE 0.5336, Validation MSE 0.4920
Epoch 0 training time: 31.37185287475586
Epoch 1: Train MSE 0.3754, Validation MSE 0.2890
Epoch 1 training time: 37.000603437423706
Epoch 2: Train MSE 0.1526, Validation MSE 0.0832
Epoch 2 training time: 27.466527462005615
Epoch 3: Train MSE 0.0601, Validation MSE 0.0582
Epoch 3 training time: 43.01307129859924
Epoch 4: Train MSE 0.0496, Validation MSE 0.0512
Epoch 4 training time: 35.624420404434204
Epoch 5: Train MSE 0.0440, Validation MSE 0.0457
Epoch 5 training time: 33.55102801322937
Epoch 6: Train MSE 0.0391, Validation MSE 0.0407
Epoch 6 training time: 23.53201389312744
Epoch 7: Train MSE 0.0345, Validation MSE 0.0358
Epoch 7 training time: 29.180481672286987
Epoch 8: Train MSE 0.0301, Validation MSE 0.0313
Epoch 8 training time: 67.15129899978638
Epoch 9: Train MSE 0.0262, Validation MSE 0.0274
Epoch 9 training time: 106.063059091568
Epoch 10: Train MSE 0.0229, Validation MSE 0.0244
Epoch 10 training time: 40.08575677871704
Epoch 11: Train MSE 0.0203, Validation MSE 0.0218
Epoch 11 training time: 54.80794405937195
Epoch 12: Train MSE 0.0182, Validation MSE 0.0196
Epoch 12 training time: 91.65417003631592
Epoch 13: Train MSE 0.0162, Validation MSE 0.0176
Epoch 13 training time: 99.90661382675171
Epoch 14: Train MSE 0.0145, Validation MSE 0.0158
Epoch 14 training time: 84.91059112548828
Epoch 15: Train MSE 0.0131, Validation MSE 0.0143
Epoch 15 training time: 31.244056463241577
Epoch 16: Train MSE 0.0119, Validation MSE 0.0130
Epoch 16 training time: 65.37747311592102
Epoch 17: Train MSE 0.0108, Validation MSE 0.0119
Epoch 17 training time: 76.4483551979065
Epoch 18: Train MSE 0.0100, Validation MSE 0.0110
Epoch 18 training time: 103.72594714164734
Epoch 19: Train MSE 0.0092, Validation MSE 0.0103
Epoch 19 training time: 64.39076733589172
Epoch 20: Train MSE 0.0086, Validation MSE 0.0097
Epoch 20 training time: 108.31272768974304
Epoch 21: Train MSE 0.0081, Validation MSE 0.0092
Epoch 21 training time: 81.27898597717285
Epoch 22: Train MSE 0.0077, Validation MSE 0.0087
Epoch 22 training time: 80.54157400131226
Epoch 23: Train MSE 0.0073, Validation MSE 0.0083
Epoch 23 training time: 28.404937267303467
Epoch 24: Train MSE 0.0070, Validation MSE 0.0081
Epoch 24 training time: 52.007742166519165
Epoch 25: Train MSE 0.0067, Validation MSE 0.0077
Epoch 25 training time: 28.688120365142822
Epoch 26: Train MSE 0.0065, Validation MSE 0.0075
Epoch 26 training time: 23.017213582992554
Epoch 27: Train MSE 0.0062, Validation MSE 0.0073
Epoch 27 training time: 29.29991865158081
Epoch 28: Train MSE 0.0061, Validation MSE 0.0071
Epoch 28 training time: 34.2782998085022
Epoch 29: Train MSE 0.0059, Validation MSE 0.0069
Epoch 29 training time: 36.89387321472168
Epoch 30: Train MSE 0.0057, Validation MSE 0.0068
Epoch 30 training time: 67.88233041763306
Epoch 31: Train MSE 0.0056, Validation MSE 0.0067
Epoch 31 training time: 43.57220530509949
Epoch 32: Train MSE 0.0055, Validation MSE 0.0066
Epoch 32 training time: 37.931628942489624
Epoch 33: Train MSE 0.0054, Validation MSE 0.0065
Epoch 33 training time: 53.496944189071655
Epoch 34: Train MSE 0.0053, Validation MSE 0.0064
Epoch 34 training time: 60.152992725372314
Epoch 35: Train MSE 0.0052, Validation MSE 0.0064
Epoch 35 training time: 24.906683921813965
Epoch 36: Train MSE 0.0052, Validation MSE 0.0063
Epoch 36 training time: 5.781635284423828
Epoch 37: Train MSE 0.0051, Validation MSE 0.0062
Epoch 37 training time: 21.557854413986206
Epoch 38: Train MSE 0.0050, Validation MSE 0.0062
Epoch 38 training time: 36.735596895217896
Epoch 39: Train MSE 0.0050, Validation MSE 0.0061
Epoch 39 training time: 42.619492292404175
Epoch 40: Train MSE 0.0049, Validation MSE 0.0061
Epoch 40 training time: 9.836280822753906
Epoch 41: Train MSE 0.0049, Validation MSE 0.0060
Epoch 41 training time: 13.114579439163208
Epoch 42: Train MSE 0.0049, Validation MSE 0.0060
Epoch 42 training time: 38.017682790756226
Epoch 43: Train MSE 0.0048, Validation MSE 0.0060
Epoch 43 training time: 96.28992652893066
Epoch 44: Train MSE 0.0048, Validation MSE 0.0060
Epoch 44 training time: 68.18129396438599
Epoch 45: Train MSE 0.0048, Validation MSE 0.0059
Epoch 45 training time: 77.86665606498718
Epoch 46: Train MSE 0.0047, Validation MSE 0.0059
Epoch 46 training time: 42.818098068237305
Epoch 47: Train MSE 0.0047, Validation MSE 0.0059
Epoch 47 training time: 52.81788659095764
Epoch 48: Train MSE 0.0047, Validation MSE 0.0059
Epoch 48 training time: 39.38538956642151
Epoch 49: Train MSE 0.0047, Validation MSE 0.0058
Epoch 49 training time: 37.61368370056152
Epoch 50: Train MSE 0.0047, Validation MSE 0.0058
Epoch 50 training time: 26.103351831436157
Epoch 51: Train MSE 0.0046, Validation MSE 0.0058
Epoch 51 training time: 20.559865474700928
Epoch 52: Train MSE 0.0046, Validation MSE 0.0058
Epoch 52 training time: 29.647719383239746
Epoch 53: Train MSE 0.0046, Validation MSE 0.0058
Epoch 53 training time: 24.361024618148804
Epoch 54: Train MSE 0.0046, Validation MSE 0.0058
Epoch 54 training time: 45.634443521499634
Epoch 55: Train MSE 0.0046, Validation MSE 0.0057
Epoch 55 training time: 63.538658142089844
Epoch 56: Train MSE 0.0045, Validation MSE 0.0058
Epoch 56 training time: 39.2317841053009
Epoch 57: Train MSE 0.0045, Validation MSE 0.0057
Epoch 57 training time: 60.247151374816895
Epoch 58: Train MSE 0.0045, Validation MSE 0.0057
Epoch 58 training time: 64.72701501846313
Epoch 59: Train MSE 0.0045, Validation MSE 0.0057
Epoch 59 training time: 75.12987685203552
Epoch 60: Train MSE 0.0045, Validation MSE 0.0057
Epoch 60 training time: 55.64105987548828
Epoch 61: Train MSE 0.0045, Validation MSE 0.0056
Epoch 61 training time: 70.34427309036255
Epoch 62: Train MSE 0.0044, Validation MSE 0.0057
Epoch 62 training time: 63.34931969642639
Epoch 63: Train MSE 0.0044, Validation MSE 0.0056
Epoch 63 training time: 83.48367071151733
Epoch 64: Train MSE 0.0044, Validation MSE 0.0056
Epoch 64 training time: 73.7068784236908
Epoch 65: Train MSE 0.0044, Validation MSE 0.0056
Epoch 65 training time: 121.61403560638428
Epoch 66: Train MSE 0.0044, Validation MSE 0.0056
Epoch 66 training time: 78.77171277999878
Epoch 67: Train MSE 0.0044, Validation MSE 0.0056
Epoch 67 training time: 30.42138123512268
Epoch 68: Train MSE 0.0044, Validation MSE 0.0056
Epoch 68 training time: 17.58995008468628
Epoch 69: Train MSE 0.0044, Validation MSE 0.0056
Epoch 69 training time: 17.108258962631226
Epoch 70: Train MSE 0.0043, Validation MSE 0.0056
Epoch 70 training time: 15.329493522644043
Epoch 71: Train MSE 0.0043, Validation MSE 0.0056
Epoch 71 training time: 17.193829774856567
Epoch 72: Train MSE 0.0043, Validation MSE 0.0056
Epoch 72 training time: 62.67507576942444
Epoch 73: Train MSE 0.0043, Validation MSE 0.0056
Epoch 73 training time: 99.56441068649292
Epoch 74: Train MSE 0.0043, Validation MSE 0.0055
Epoch 74 training time: 28.42772340774536
Epoch 75: Train MSE 0.0043, Validation MSE 0.0055
Epoch 75 training time: 25.568395614624023
Epoch 76: Train MSE 0.0043, Validation MSE 0.0056
Epoch 76 training time: 75.50348806381226
Epoch 77: Train MSE 0.0043, Validation MSE 0.0055
Epoch 77 training time: 51.899022579193115
Epoch 78: Train MSE 0.0043, Validation MSE 0.0055
Epoch 78 training time: 13.940212726593018
Epoch 79: Train MSE 0.0043, Validation MSE 0.0055
Epoch 79 training time: 11.022773504257202
Epoch 80: Train MSE 0.0042, Validation MSE 0.0055
Epoch 80 training time: 78.11441349983215
Epoch 81: Train MSE 0.0042, Validation MSE 0.0055
Epoch 81 training time: 122.58276915550232
Epoch 82: Train MSE 0.0042, Validation MSE 0.0055
Epoch 82 training time: 26.08601474761963
Epoch 83: Train MSE 0.0042, Validation MSE 0.0054
Epoch 83 training time: 55.90241551399231
Epoch 84: Train MSE 0.0042, Validation MSE 0.0054
Epoch 84 training time: 63.5118453502655
Epoch 85: Train MSE 0.0042, Validation MSE 0.0054
Epoch 85 training time: 74.88692450523376
Epoch 86: Train MSE 0.0042, Validation MSE 0.0054
Epoch 86 training time: 53.95397925376892
Epoch 87: Train MSE 0.0042, Validation MSE 0.0054
Epoch 87 training time: 58.001585245132446
Epoch 88: Train MSE 0.0042, Validation MSE 0.0054
Epoch 88 training time: 37.8348593711853
Epoch 89: Train MSE 0.0042, Validation MSE 0.0054
Epoch 89 training time: 48.38999128341675
Epoch 90: Train MSE 0.0042, Validation MSE 0.0054
Epoch 90 training time: 63.93295860290527
Epoch 91: Train MSE 0.0041, Validation MSE 0.0054
Epoch 91 training time: 82.33794045448303
Epoch 92: Train MSE 0.0041, Validation MSE 0.0054
Epoch 92 training time: 59.527411699295044
Epoch 93: Train MSE 0.0041, Validation MSE 0.0054
Epoch 93 training time: 14.300421476364136
Epoch 94: Train MSE 0.0041, Validation MSE 0.0054
Epoch 94 training time: 15.593672275543213
Epoch 95: Train MSE 0.0041, Validation MSE 0.0054
Epoch 95 training time: 45.026933670043945
Epoch 96: Train MSE 0.0041, Validation MSE 0.0054
Epoch 96 training time: 63.733155727386475
Epoch 97: Train MSE 0.0041, Validation MSE 0.0053
Epoch 97 training time: 69.18373489379883
Epoch 98: Train MSE 0.0041, Validation MSE 0.0053
Epoch 98 training time: 50.61434888839722
Epoch 99: Train MSE 0.0041, Validation MSE 0.0053
Epoch 99 training time: 26.896963119506836
Epoch 100: Train MSE 0.0041, Validation MSE 0.0053
Epoch 100 training time: 62.042004108428955
Epoch 101: Train MSE 0.0041, Validation MSE 0.0053
Epoch 101 training time: 74.78710794448853
Epoch 102: Train MSE 0.0041, Validation MSE 0.0053
Epoch 102 training time: 61.96920299530029
Epoch 103: Train MSE 0.0041, Validation MSE 0.0053
Epoch 103 training time: 80.08947348594666
Epoch 104: Train MSE 0.0041, Validation MSE 0.0053
Epoch 104 training time: 78.68324303627014
Epoch 105: Train MSE 0.0040, Validation MSE 0.0053
Epoch 105 training time: 63.855135679244995
Epoch 106: Train MSE 0.0040, Validation MSE 0.0053
Epoch 106 training time: 75.58458065986633
Epoch 107: Train MSE 0.0040, Validation MSE 0.0053
Epoch 107 training time: 41.81018543243408
Epoch 108: Train MSE 0.0040, Validation MSE 0.0053
Epoch 108 training time: 47.23680400848389
Epoch 109: Train MSE 0.0040, Validation MSE 0.0053
Epoch 109 training time: 23.750566244125366
Epoch 110: Train MSE 0.0040, Validation MSE 0.0053
Epoch 110 training time: 11.142183542251587
Epoch 111: Train MSE 0.0040, Validation MSE 0.0052
Epoch 111 training time: 7.919389963150024
Epoch 112: Train MSE 0.0040, Validation MSE 0.0052
Epoch 112 training time: 139.4617054462433
Epoch 113: Train MSE 0.0040, Validation MSE 0.0053
Epoch 113 training time: 62.40487504005432
Epoch 114: Train MSE 0.0040, Validation MSE 0.0052
Epoch 114 training time: 27.462766647338867
Epoch 115: Train MSE 0.0040, Validation MSE 0.0052
Epoch 115 training time: 25.081538200378418
Epoch 116: Train MSE 0.0040, Validation MSE 0.0053
Epoch 116 training time: 75.5025737285614
Epoch 117: Train MSE 0.0040, Validation MSE 0.0052
Epoch 117 training time: 72.54560589790344
Epoch 118: Train MSE 0.0040, Validation MSE 0.0052
Epoch 118 training time: 34.253748416900635
Epoch 119: Train MSE 0.0040, Validation MSE 0.0052
Epoch 119 training time: 46.540295124053955
Epoch 120: Train MSE 0.0039, Validation MSE 0.0053
Epoch 120 training time: 52.149569034576416
Epoch 121: Train MSE 0.0039, Validation MSE 0.0052
Epoch 121 training time: 38.35386252403259
Epoch 122: Train MSE 0.0039, Validation MSE 0.0052
Epoch 122 training time: 11.261036396026611
Epoch 123: Train MSE 0.0039, Validation MSE 0.0052
Epoch 123 training time: 24.527165174484253
Epoch 124: Train MSE 0.0039, Validation MSE 0.0052
Epoch 124 training time: 88.53377175331116
Epoch 125: Train MSE 0.0039, Validation MSE 0.0052
Epoch 125 training time: 94.99483132362366
Epoch 126: Train MSE 0.0039, Validation MSE 0.0052
Epoch 126 training time: 70.66030025482178
Epoch 127: Train MSE 0.0039, Validation MSE 0.0051
Epoch 127 training time: 71.2918586730957
Epoch 128: Train MSE 0.0039, Validation MSE 0.0052
Epoch 128 training time: 70.21674823760986
Epoch 129: Train MSE 0.0039, Validation MSE 0.0052
Epoch 129 training time: 78.19749879837036
Epoch 130: Train MSE 0.0039, Validation MSE 0.0052
Epoch 130 training time: 62.71797752380371
Epoch 131: Train MSE 0.0039, Validation MSE 0.0052
Epoch 131 training time: 27.09862971305847
Epoch 132: Train MSE 0.0039, Validation MSE 0.0051
Epoch 132 training time: 68.2774589061737
Epoch 133: Train MSE 0.0039, Validation MSE 0.0052
Epoch 133 training time: 70.96023201942444
Epoch 134: Train MSE 0.0039, Validation MSE 0.0051
Epoch 134 training time: 71.2152054309845
Epoch 135: Train MSE 0.0039, Validation MSE 0.0051
Epoch 135 training time: 59.505234479904175
Epoch 136: Train MSE 0.0038, Validation MSE 0.0051
Epoch 136 training time: 48.073110818862915
Epoch 137: Train MSE 0.0038, Validation MSE 0.0051
Epoch 137 training time: 109.12356090545654
Epoch 138: Train MSE 0.0038, Validation MSE 0.0051
Epoch 138 training time: 92.02247333526611
Epoch 139: Train MSE 0.0038, Validation MSE 0.0051
Epoch 139 training time: 91.05907368659973
Epoch 140: Train MSE 0.0038, Validation MSE 0.0051
Epoch 140 training time: 78.08203530311584
Epoch 141: Train MSE 0.0038, Validation MSE 0.0051
Epoch 141 training time: 74.70410251617432
Epoch 142: Train MSE 0.0038, Validation MSE 0.0051
Epoch 142 training time: 78.29212236404419
Epoch 143: Train MSE 0.0038, Validation MSE 0.0051
Epoch 143 training time: 57.0573468208313
Epoch 144: Train MSE 0.0038, Validation MSE 0.0051
Epoch 144 training time: 56.61660552024841
Epoch 145: Train MSE 0.0038, Validation MSE 0.0051
Epoch 145 training time: 65.64805364608765
Epoch 146: Train MSE 0.0038, Validation MSE 0.0050
Epoch 146 training time: 13.636807918548584
Epoch 147: Train MSE 0.0038, Validation MSE 0.0051
Epoch 147 training time: 8.891206502914429
Epoch 148: Train MSE 0.0038, Validation MSE 0.0050
Epoch 148 training time: 58.3843412399292
Epoch 149: Train MSE 0.0038, Validation MSE 0.0050
Epoch 149 training time: 60.796823263168335
