/home/gsm0197/sralab_working/lstm_BigData/trial9/jt2_vel/lstm.py:46: UserWarning: Creating a tensor from a list of numpy.ndarrays is extremely slow. Please consider converting the list to a single numpy.ndarray with numpy.array() before converting to a tensor. (Triggered internally at /pytorch/torch/csrc/utils/tensor_new.cpp:254.)
  return torch.tensor(X, dtype=torch.float32), torch.tensor(y, dtype=torch.float32)
Using device: cuda
Training data shape: (3440201, 19)
Validation data shape: (982916, 19)
torch.Size([3440151, 50, 8]) torch.Size([3440151, 50, 1])
torch.Size([982866, 50, 8]) torch.Size([982866, 50, 1])
Epoch 0: Train MSE 0.4677, Validation MSE 0.1410
Epoch 0 training time: 46.10396480560303
Epoch 1: Train MSE 0.1130, Validation MSE 0.1077
Epoch 1 training time: 37.67454648017883
Epoch 2: Train MSE 0.0944, Validation MSE 0.0977
Epoch 2 training time: 37.174328088760376
Epoch 3: Train MSE 0.0859, Validation MSE 0.0926
Epoch 3 training time: 36.99294328689575
Epoch 4: Train MSE 0.0810, Validation MSE 0.0898
Epoch 4 training time: 37.065866231918335
Epoch 5: Train MSE 0.0777, Validation MSE 0.0882
Epoch 5 training time: 37.08468222618103
Epoch 6: Train MSE 0.0754, Validation MSE 0.0875
Epoch 6 training time: 36.9421603679657
Epoch 7: Train MSE 0.0738, Validation MSE 0.0860
Epoch 7 training time: 37.18754196166992
Epoch 8: Train MSE 0.0725, Validation MSE 0.0851
Epoch 8 training time: 36.98638606071472
Epoch 9: Train MSE 0.0715, Validation MSE 0.0843
Epoch 9 training time: 37.14569544792175
Epoch 10: Train MSE 0.0706, Validation MSE 0.0839
Epoch 10 training time: 37.22523760795593
Epoch 11: Train MSE 0.0698, Validation MSE 0.0836
Epoch 11 training time: 36.948771238327026
Epoch 12: Train MSE 0.0691, Validation MSE 0.0827
Epoch 12 training time: 37.153889894485474
Epoch 13: Train MSE 0.0685, Validation MSE 0.0822
Epoch 13 training time: 37.011313915252686
Epoch 14: Train MSE 0.0679, Validation MSE 0.0815
Epoch 14 training time: 37.15442657470703
Epoch 15: Train MSE 0.0674, Validation MSE 0.0814
Epoch 15 training time: 37.15821361541748
Epoch 16: Train MSE 0.0669, Validation MSE 0.0812
Epoch 16 training time: 37.00393486022949
Epoch 17: Train MSE 0.0664, Validation MSE 0.0814
Epoch 17 training time: 37.11022901535034
Epoch 18: Train MSE 0.0659, Validation MSE 0.0803
Epoch 18 training time: 37.11994910240173
Epoch 19: Train MSE 0.0654, Validation MSE 0.0800
Epoch 19 training time: 36.8995246887207
Epoch 20: Train MSE 0.0650, Validation MSE 0.0796
Epoch 20 training time: 37.19264578819275
Epoch 21: Train MSE 0.0646, Validation MSE 0.0789
Epoch 21 training time: 37.04691123962402
Epoch 22: Train MSE 0.0642, Validation MSE 0.0789
Epoch 22 training time: 37.18879246711731
Epoch 23: Train MSE 0.0638, Validation MSE 0.0783
Epoch 23 training time: 47.67970371246338
Epoch 24: Train MSE 0.0635, Validation MSE 0.0785
Epoch 24 training time: 46.476970195770264
Epoch 25: Train MSE 0.0632, Validation MSE 0.0781
Epoch 25 training time: 47.1296706199646
Epoch 26: Train MSE 0.0629, Validation MSE 0.0781
Epoch 26 training time: 45.84867477416992
Epoch 27: Train MSE 0.0626, Validation MSE 0.0780
Epoch 27 training time: 46.19238567352295
Epoch 28: Train MSE 0.0624, Validation MSE 0.0779
Epoch 28 training time: 36.93291258811951
Epoch 29: Train MSE 0.0621, Validation MSE 0.0775
Epoch 29 training time: 36.81891059875488
Epoch 30: Train MSE 0.0619, Validation MSE 0.0769
Epoch 30 training time: 46.26972699165344
Epoch 31: Train MSE 0.0617, Validation MSE 0.0764
Epoch 31 training time: 47.52762007713318
Epoch 32: Train MSE 0.0614, Validation MSE 0.0767
Epoch 32 training time: 45.86834144592285
Epoch 33: Train MSE 0.0612, Validation MSE 0.0763
Epoch 33 training time: 38.86198353767395
Epoch 34: Train MSE 0.0610, Validation MSE 0.0773
Epoch 34 training time: 36.887794494628906
Epoch 35: Train MSE 0.0608, Validation MSE 0.0762
Epoch 35 training time: 37.090270042419434
Epoch 36: Train MSE 0.0606, Validation MSE 0.0762
Epoch 36 training time: 37.130372047424316
Epoch 37: Train MSE 0.0604, Validation MSE 0.0761
Epoch 37 training time: 37.003239154815674
Epoch 38: Train MSE 0.0602, Validation MSE 0.0762
Epoch 38 training time: 37.12166619300842
Epoch 39: Train MSE 0.0600, Validation MSE 0.0756
Epoch 39 training time: 37.17143702507019
Epoch 40: Train MSE 0.0599, Validation MSE 0.0754
Epoch 40 training time: 36.87160325050354
Epoch 41: Train MSE 0.0597, Validation MSE 0.0761
Epoch 41 training time: 37.20367217063904
Epoch 42: Train MSE 0.0595, Validation MSE 0.0750
Epoch 42 training time: 42.510502576828
Epoch 43: Train MSE 0.0594, Validation MSE 0.0752
Epoch 43 training time: 37.15554904937744
Epoch 44: Train MSE 0.0592, Validation MSE 0.0754
Epoch 44 training time: 46.255216121673584
Epoch 45: Train MSE 0.0590, Validation MSE 0.0751
Epoch 45 training time: 45.73745799064636
Epoch 46: Train MSE 0.0589, Validation MSE 0.0755
Epoch 46 training time: 46.154640674591064
Epoch 47: Train MSE 0.0588, Validation MSE 0.0750
Epoch 47 training time: 44.6330406665802
Epoch 48: Train MSE 0.0586, Validation MSE 0.0754
Epoch 48 training time: 36.79803800582886
Epoch 49: Train MSE 0.0585, Validation MSE 0.0743
Epoch 49 training time: 37.01341199874878
Epoch 50: Train MSE 0.0583, Validation MSE 0.0751
Epoch 50 training time: 36.945690393447876
Epoch 51: Train MSE 0.0582, Validation MSE 0.0749
Epoch 51 training time: 37.15038537979126
Epoch 52: Train MSE 0.0581, Validation MSE 0.0747
Epoch 52 training time: 38.30061674118042
Epoch 53: Train MSE 0.0579, Validation MSE 0.0745
Epoch 53 training time: 36.91309881210327
Epoch 54: Train MSE 0.0578, Validation MSE 0.0751
Epoch 54 training time: 38.475265979766846
Epoch 55: Train MSE 0.0577, Validation MSE 0.0755
Epoch 55 training time: 37.12226343154907
Epoch 56: Train MSE 0.0576, Validation MSE 0.0744
Epoch 56 training time: 36.84080147743225
Epoch 57: Train MSE 0.0574, Validation MSE 0.0741
Epoch 57 training time: 37.155240297317505
Epoch 58: Train MSE 0.0573, Validation MSE 0.0741
Epoch 58 training time: 36.99028730392456
Epoch 59: Train MSE 0.0572, Validation MSE 0.0739
Epoch 59 training time: 37.1244101524353
Epoch 60: Train MSE 0.0571, Validation MSE 0.0739
Epoch 60 training time: 37.13928461074829
Epoch 61: Train MSE 0.0570, Validation MSE 0.0741
Epoch 61 training time: 36.93222761154175
Epoch 62: Train MSE 0.0569, Validation MSE 0.0739
Epoch 62 training time: 37.0206081867218
Epoch 63: Train MSE 0.0568, Validation MSE 0.0738
Epoch 63 training time: 36.99671411514282
Epoch 64: Train MSE 0.0567, Validation MSE 0.0734
Epoch 64 training time: 37.06465816497803
Epoch 65: Train MSE 0.0566, Validation MSE 0.0735
Epoch 65 training time: 37.14616537094116
Epoch 66: Train MSE 0.0565, Validation MSE 0.0737
Epoch 66 training time: 36.982574224472046
Epoch 67: Train MSE 0.0564, Validation MSE 0.0736
Epoch 67 training time: 37.06865119934082
Epoch 68: Train MSE 0.0563, Validation MSE 0.0742
Epoch 68 training time: 37.08095121383667
Epoch 69: Train MSE 0.0562, Validation MSE 0.0733
Epoch 69 training time: 36.94138240814209
Epoch 70: Train MSE 0.0561, Validation MSE 0.0729
Epoch 70 training time: 37.076350927352905
Epoch 71: Train MSE 0.0560, Validation MSE 0.0734
Epoch 71 training time: 36.954999923706055
Epoch 72: Train MSE 0.0559, Validation MSE 0.0738
Epoch 72 training time: 37.01455593109131
Epoch 73: Train MSE 0.0558, Validation MSE 0.0734
Epoch 73 training time: 37.120577573776245
Epoch 74: Train MSE 0.0557, Validation MSE 0.0728
Epoch 74 training time: 36.86473083496094
Epoch 75: Train MSE 0.0556, Validation MSE 0.0725
Epoch 75 training time: 37.10089564323425
Epoch 76: Train MSE 0.0555, Validation MSE 0.0726
Epoch 76 training time: 37.07407569885254
Epoch 77: Train MSE 0.0554, Validation MSE 0.0729
Epoch 77 training time: 36.85661602020264
Epoch 78: Train MSE 0.0553, Validation MSE 0.0728
Epoch 78 training time: 37.03687906265259
Epoch 79: Train MSE 0.0553, Validation MSE 0.0731
Epoch 79 training time: 36.93009686470032
Epoch 80: Train MSE 0.0552, Validation MSE 0.0722
Epoch 80 training time: 36.979106187820435
Epoch 81: Train MSE 0.0551, Validation MSE 0.0723
Epoch 81 training time: 37.01359438896179
Epoch 82: Train MSE 0.0550, Validation MSE 0.0724
Epoch 82 training time: 36.75020408630371
Epoch 83: Train MSE 0.0549, Validation MSE 0.0726
Epoch 83 training time: 37.10380935668945
Epoch 84: Train MSE 0.0549, Validation MSE 0.0729
Epoch 84 training time: 36.90967130661011
Epoch 85: Train MSE 0.0548, Validation MSE 0.0721
Epoch 85 training time: 36.94348359107971
Epoch 86: Train MSE 0.0547, Validation MSE 0.0722
Epoch 86 training time: 37.09530735015869
Epoch 87: Train MSE 0.0546, Validation MSE 0.0725
Epoch 87 training time: 36.97523522377014
Epoch 88: Train MSE 0.0545, Validation MSE 0.0726
Epoch 88 training time: 37.07544755935669
Epoch 89: Train MSE 0.0545, Validation MSE 0.0726
Epoch 89 training time: 37.123167753219604
Epoch 90: Train MSE 0.0544, Validation MSE 0.0714
Epoch 90 training time: 36.89478850364685
Epoch 91: Train MSE 0.0543, Validation MSE 0.0719
Epoch 91 training time: 37.12336015701294
Epoch 92: Train MSE 0.0542, Validation MSE 0.0722
Epoch 92 training time: 36.93409967422485
Epoch 93: Train MSE 0.0542, Validation MSE 0.0722
Epoch 93 training time: 37.123287200927734
Epoch 94: Train MSE 0.0541, Validation MSE 0.0718
Epoch 94 training time: 37.064154863357544
Epoch 95: Train MSE 0.0540, Validation MSE 0.0715
Epoch 95 training time: 36.87564420700073
Epoch 96: Train MSE 0.0540, Validation MSE 0.0716
Epoch 96 training time: 37.077372789382935
Epoch 97: Train MSE 0.0539, Validation MSE 0.0715
Epoch 97 training time: 37.1218626499176
Epoch 98: Train MSE 0.0538, Validation MSE 0.0717
Epoch 98 training time: 36.88533592224121
Epoch 99: Train MSE 0.0538, Validation MSE 0.0713
Epoch 99 training time: 37.10606122016907
Epoch 100: Train MSE 0.0537, Validation MSE 0.0719
Epoch 100 training time: 40.71656012535095
Epoch 101: Train MSE 0.0536, Validation MSE 0.0706
Epoch 101 training time: 37.09307265281677
Epoch 102: Train MSE 0.0536, Validation MSE 0.0711
Epoch 102 training time: 37.000922203063965
Epoch 103: Train MSE 0.0535, Validation MSE 0.0715
Epoch 103 training time: 36.80359077453613
Epoch 104: Train MSE 0.0534, Validation MSE 0.0716
Epoch 104 training time: 37.07904767990112
Epoch 105: Train MSE 0.0534, Validation MSE 0.0726
Epoch 105 training time: 37.00707793235779
Epoch 106: Train MSE 0.0533, Validation MSE 0.0714
Epoch 106 training time: 36.82040500640869
Epoch 107: Train MSE 0.0532, Validation MSE 0.0715
Epoch 107 training time: 37.07522201538086
Epoch 108: Train MSE 0.0532, Validation MSE 0.0709
Epoch 108 training time: 36.89318871498108
Epoch 109: Train MSE 0.0531, Validation MSE 0.0708
Epoch 109 training time: 37.09149932861328
Epoch 110: Train MSE 0.0531, Validation MSE 0.0711
Epoch 110 training time: 37.06290531158447
Epoch 111: Train MSE 0.0530, Validation MSE 0.0711
Epoch 111 training time: 36.9243049621582
Epoch 112: Train MSE 0.0529, Validation MSE 0.0714
Epoch 112 training time: 37.125022172927856
Epoch 113: Train MSE 0.0529, Validation MSE 0.0714
Epoch 113 training time: 36.912604093551636
Epoch 114: Train MSE 0.0528, Validation MSE 0.0710
Epoch 114 training time: 37.01803755760193
Epoch 115: Train MSE 0.0528, Validation MSE 0.0708
Epoch 115 training time: 36.969053983688354
Epoch 116: Train MSE 0.0527, Validation MSE 0.0716
Epoch 116 training time: 36.96254301071167
Epoch 117: Train MSE 0.0527, Validation MSE 0.0713
Epoch 117 training time: 37.09757137298584
Epoch 118: Train MSE 0.0526, Validation MSE 0.0701
Epoch 118 training time: 36.99304485321045
Epoch 119: Train MSE 0.0525, Validation MSE 0.0713
Epoch 119 training time: 36.88316202163696
Epoch 120: Train MSE 0.0525, Validation MSE 0.0709
Epoch 120 training time: 37.098867654800415
Epoch 121: Train MSE 0.0524, Validation MSE 0.0712
Epoch 121 training time: 36.941418409347534
Epoch 122: Train MSE 0.0524, Validation MSE 0.0713
Epoch 122 training time: 37.17400288581848
Epoch 123: Train MSE 0.0523, Validation MSE 0.0707
Epoch 123 training time: 37.161277055740356
Epoch 124: Train MSE 0.0523, Validation MSE 0.0710
Epoch 124 training time: 36.91991877555847
Epoch 125: Train MSE 0.0522, Validation MSE 0.0701
Epoch 125 training time: 37.036948680877686
Epoch 126: Train MSE 0.0522, Validation MSE 0.0703
Epoch 126 training time: 37.166738986968994
Epoch 127: Train MSE 0.0521, Validation MSE 0.0713
Epoch 127 training time: 36.88029360771179
Epoch 128: Train MSE 0.0521, Validation MSE 0.0705
Epoch 128 training time: 37.08601188659668
Epoch 129: Train MSE 0.0520, Validation MSE 0.0705
Epoch 129 training time: 37.009275913238525
Epoch 130: Train MSE 0.0520, Validation MSE 0.0709
Epoch 130 training time: 47.614508390426636
Epoch 131: Train MSE 0.0519, Validation MSE 0.0705
Epoch 131 training time: 37.82031750679016
Epoch 132: Train MSE 0.0519, Validation MSE 0.0703
Epoch 132 training time: 36.866281509399414
Epoch 133: Train MSE 0.0518, Validation MSE 0.0704
Epoch 133 training time: 37.09687876701355
Epoch 134: Train MSE 0.0518, Validation MSE 0.0704
Epoch 134 training time: 37.1144003868103
Epoch 135: Train MSE 0.0517, Validation MSE 0.0704
Epoch 135 training time: 36.90184831619263
Epoch 136: Train MSE 0.0517, Validation MSE 0.0703
Epoch 136 training time: 37.04622197151184
Epoch 137: Train MSE 0.0516, Validation MSE 0.0702
Epoch 137 training time: 36.97338509559631
Epoch 138: Train MSE 0.0516, Validation MSE 0.0699
Epoch 138 training time: 37.039623737335205
Epoch 139: Train MSE 0.0516, Validation MSE 0.0702
Epoch 139 training time: 37.02661085128784
Epoch 140: Train MSE 0.0515, Validation MSE 0.0700
Epoch 140 training time: 36.801796674728394
Epoch 141: Train MSE 0.0515, Validation MSE 0.0698
Epoch 141 training time: 37.050628423690796
Epoch 142: Train MSE 0.0514, Validation MSE 0.0701
Epoch 142 training time: 36.88706398010254
Epoch 143: Train MSE 0.0514, Validation MSE 0.0698
Epoch 143 training time: 37.05695629119873
Epoch 144: Train MSE 0.0513, Validation MSE 0.0702
Epoch 144 training time: 42.050244092941284
Epoch 145: Train MSE 0.0513, Validation MSE 0.0701
Epoch 145 training time: 36.90483736991882
Epoch 146: Train MSE 0.0513, Validation MSE 0.0698
Epoch 146 training time: 37.03515958786011
Epoch 147: Train MSE 0.0512, Validation MSE 0.0710
Epoch 147 training time: 37.11711072921753
Epoch 148: Train MSE 0.0512, Validation MSE 0.0707
Epoch 148 training time: 36.82645916938782
Epoch 149: Train MSE 0.0511, Validation MSE 0.0696
Epoch 149 training time: 37.0998740196228
