nohup: ignoring input
torch.Size([403283, 50, 4]) torch.Size([403283, 50, 4])
torch.Size([198284, 50, 4]) torch.Size([198284, 50, 4])
Epoch 0: Train RMSE 0.0519, Test RMSE 0.0729
Epoch 1: Train RMSE 0.0487, Test RMSE 0.0675
Epoch 2: Train RMSE 0.0477, Test RMSE 0.0681
Epoch 3: Train RMSE 0.0470, Test RMSE 0.0666
Epoch 4: Train RMSE 0.0463, Test RMSE 0.0665
Epoch 5: Train RMSE 0.0456, Test RMSE 0.0656
Epoch 6: Train RMSE 0.0456, Test RMSE 0.0629
Epoch 7: Train RMSE 0.0455, Test RMSE 0.0699
Epoch 8: Train RMSE 0.0454, Test RMSE 0.0669
Epoch 9: Train RMSE 0.0441, Test RMSE 0.0656
Epoch 10: Train RMSE 0.0436, Test RMSE 0.0675
Epoch 11: Train RMSE 0.0436, Test RMSE 0.0666
Epoch 12: Train RMSE 0.0429, Test RMSE 0.0657
Epoch 13: Train RMSE 0.0433, Test RMSE 0.0654
Epoch 14: Train RMSE 0.0426, Test RMSE 0.0642
Epoch 15: Train RMSE 0.0427, Test RMSE 0.0648
Epoch 16: Train RMSE 0.0426, Test RMSE 0.0659
Epoch 17: Train RMSE 0.0423, Test RMSE 0.0652
Epoch 18: Train RMSE 0.0418, Test RMSE 0.0669
Epoch 19: Train RMSE 0.0416, Test RMSE 0.0669
Epoch 20: Train RMSE 0.0415, Test RMSE 0.0650
Epoch 21: Train RMSE 0.0417, Test RMSE 0.0663
Epoch 22: Train RMSE 0.0412, Test RMSE 0.0656
Epoch 23: Train RMSE 0.0414, Test RMSE 0.0656
Epoch 24: Train RMSE 0.0411, Test RMSE 0.0679
Epoch 25: Train RMSE 0.0407, Test RMSE 0.0651
Epoch 26: Train RMSE 0.0415, Test RMSE 0.0652
Epoch 27: Train RMSE 0.0409, Test RMSE 0.0663
Epoch 28: Train RMSE 0.0408, Test RMSE 0.0670
Epoch 29: Train RMSE 0.0410, Test RMSE 0.0645
Epoch 30: Train RMSE 0.0404, Test RMSE 0.0662
Epoch 31: Train RMSE 0.0406, Test RMSE 0.0649
Epoch 32: Train RMSE 0.0402, Test RMSE 0.0658
Epoch 33: Train RMSE 0.0400, Test RMSE 0.0642
Epoch 34: Train RMSE 0.0398, Test RMSE 0.0666
Epoch 35: Train RMSE 0.0400, Test RMSE 0.0660
Epoch 36: Train RMSE 0.0400, Test RMSE 0.0644
Epoch 37: Train RMSE 0.0397, Test RMSE 0.0649
Epoch 38: Train RMSE 0.0402, Test RMSE 0.0672
Epoch 39: Train RMSE 0.0396, Test RMSE 0.0658
Epoch 40: Train RMSE 0.0395, Test RMSE 0.0656
Epoch 41: Train RMSE 0.0394, Test RMSE 0.0662
Epoch 42: Train RMSE 0.0394, Test RMSE 0.0659
Epoch 43: Train RMSE 0.0393, Test RMSE 0.0654
Epoch 44: Train RMSE 0.0393, Test RMSE 0.0661
Epoch 45: Train RMSE 0.0392, Test RMSE 0.0666
Epoch 46: Train RMSE 0.0397, Test RMSE 0.0658
Epoch 47: Train RMSE 0.0391, Test RMSE 0.0653
Epoch 48: Train RMSE 0.0389, Test RMSE 0.0658
Epoch 49: Train RMSE 0.0390, Test RMSE 0.0663
Epoch 50: Train RMSE 0.0388, Test RMSE 0.0664
Epoch 51: Train RMSE 0.0397, Test RMSE 0.0662
Epoch 52: Train RMSE 0.0389, Test RMSE 0.0648
Epoch 53: Train RMSE 0.0392, Test RMSE 0.0663
Epoch 54: Train RMSE 0.0389, Test RMSE 0.0661
Epoch 55: Train RMSE 0.0387, Test RMSE 0.0654
Epoch 56: Train RMSE 0.0387, Test RMSE 0.0655
Epoch 57: Train RMSE 0.0387, Test RMSE 0.0646
Epoch 58: Train RMSE 0.0387, Test RMSE 0.0677
Epoch 59: Train RMSE 0.0384, Test RMSE 0.0651
Epoch 60: Train RMSE 0.0385, Test RMSE 0.0659
Epoch 61: Train RMSE 0.0385, Test RMSE 0.0667
Epoch 62: Train RMSE 0.0383, Test RMSE 0.0678
Epoch 63: Train RMSE 0.0383, Test RMSE 0.0653
Epoch 64: Train RMSE 0.0383, Test RMSE 0.0669
Epoch 65: Train RMSE 0.0381, Test RMSE 0.0652
Epoch 66: Train RMSE 0.0384, Test RMSE 0.0658
Epoch 67: Train RMSE 0.0382, Test RMSE 0.0664
Epoch 68: Train RMSE 0.0382, Test RMSE 0.0666
Epoch 69: Train RMSE 0.0385, Test RMSE 0.0670
Epoch 70: Train RMSE 0.0381, Test RMSE 0.0663
Epoch 71: Train RMSE 0.0378, Test RMSE 0.0653
Epoch 72: Train RMSE 0.0380, Test RMSE 0.0647
Epoch 73: Train RMSE 0.0383, Test RMSE 0.0652
Epoch 74: Train RMSE 0.0379, Test RMSE 0.0656
Epoch 75: Train RMSE 0.0383, Test RMSE 0.0649
Epoch 76: Train RMSE 0.0385, Test RMSE 0.0656
Epoch 77: Train RMSE 0.0378, Test RMSE 0.0658
Epoch 78: Train RMSE 0.0378, Test RMSE 0.0654
Epoch 79: Train RMSE 0.0380, Test RMSE 0.0664
Epoch 80: Train RMSE 0.0378, Test RMSE 0.0663
Epoch 81: Train RMSE 0.0379, Test RMSE 0.0647
Epoch 82: Train RMSE 0.0381, Test RMSE 0.0645
Epoch 83: Train RMSE 0.0376, Test RMSE 0.0658
Epoch 84: Train RMSE 0.0379, Test RMSE 0.0647
Epoch 85: Train RMSE 0.0377, Test RMSE 0.0657
Epoch 86: Train RMSE 0.0376, Test RMSE 0.0652
Epoch 87: Train RMSE 0.0376, Test RMSE 0.0657
Epoch 88: Train RMSE 0.0377, Test RMSE 0.0663
Epoch 89: Train RMSE 0.0376, Test RMSE 0.0650
Epoch 90: Train RMSE 0.0375, Test RMSE 0.0651
Epoch 91: Train RMSE 0.0374, Test RMSE 0.0664
Epoch 92: Train RMSE 0.0374, Test RMSE 0.0653
Epoch 93: Train RMSE 0.0375, Test RMSE 0.0656
Epoch 94: Train RMSE 0.0378, Test RMSE 0.0655
Epoch 95: Train RMSE 0.0371, Test RMSE 0.0657
Epoch 96: Train RMSE 0.0381, Test RMSE 0.0656
Epoch 97: Train RMSE 0.0372, Test RMSE 0.0657
Epoch 98: Train RMSE 0.0372, Test RMSE 0.0655
Epoch 99: Train RMSE 0.0378, Test RMSE 0.0654
Epoch 100: Train RMSE 0.0385, Test RMSE 0.0650
Epoch 101: Train RMSE 0.0371, Test RMSE 0.0656
Epoch 102: Train RMSE 0.0372, Test RMSE 0.0657
Epoch 103: Train RMSE 0.0371, Test RMSE 0.0653
Epoch 104: Train RMSE 0.0371, Test RMSE 0.0661
Epoch 105: Train RMSE 0.0376, Test RMSE 0.0662
Epoch 106: Train RMSE 0.0374, Test RMSE 0.0670
Epoch 107: Train RMSE 0.0370, Test RMSE 0.0658
Epoch 108: Train RMSE 0.0371, Test RMSE 0.0671
Epoch 109: Train RMSE 0.0375, Test RMSE 0.0649
Epoch 110: Train RMSE 0.0374, Test RMSE 0.0653
Epoch 111: Train RMSE 0.0370, Test RMSE 0.0662
Epoch 112: Train RMSE 0.0370, Test RMSE 0.0649
Epoch 113: Train RMSE 0.0369, Test RMSE 0.0658
Epoch 114: Train RMSE 0.0374, Test RMSE 0.0657
Epoch 115: Train RMSE 0.0369, Test RMSE 0.0645
Epoch 116: Train RMSE 0.0371, Test RMSE 0.0652
Epoch 117: Train RMSE 0.0375, Test RMSE 0.0660
Epoch 118: Train RMSE 0.0372, Test RMSE 0.0657
Epoch 119: Train RMSE 0.0371, Test RMSE 0.0648
Epoch 120: Train RMSE 0.0372, Test RMSE 0.0655
Epoch 121: Train RMSE 0.0370, Test RMSE 0.0655
Epoch 122: Train RMSE 0.0370, Test RMSE 0.0657
Epoch 123: Train RMSE 0.0368, Test RMSE 0.0663
Epoch 124: Train RMSE 0.0367, Test RMSE 0.0662
Epoch 125: Train RMSE 0.0367, Test RMSE 0.0653
Epoch 126: Train RMSE 0.0365, Test RMSE 0.0657
Epoch 127: Train RMSE 0.0369, Test RMSE 0.0661
Epoch 128: Train RMSE 0.0371, Test RMSE 0.0664
Epoch 129: Train RMSE 0.0368, Test RMSE 0.0649
Epoch 130: Train RMSE 0.0369, Test RMSE 0.0675
Epoch 131: Train RMSE 0.0366, Test RMSE 0.0665
Epoch 132: Train RMSE 0.0365, Test RMSE 0.0650
Epoch 133: Train RMSE 0.0366, Test RMSE 0.0653
Epoch 134: Train RMSE 0.0366, Test RMSE 0.0652
Epoch 135: Train RMSE 0.0365, Test RMSE 0.0656
Epoch 136: Train RMSE 0.0365, Test RMSE 0.0666
Epoch 137: Train RMSE 0.0368, Test RMSE 0.0660
Epoch 138: Train RMSE 0.0365, Test RMSE 0.0667
Epoch 139: Train RMSE 0.0367, Test RMSE 0.0657
Epoch 140: Train RMSE 0.0368, Test RMSE 0.0666
Epoch 141: Train RMSE 0.0367, Test RMSE 0.0667
Epoch 142: Train RMSE 0.0368, Test RMSE 0.0661
Epoch 143: Train RMSE 0.0366, Test RMSE 0.0660
Epoch 144: Train RMSE 0.0365, Test RMSE 0.0649
Epoch 145: Train RMSE 0.0363, Test RMSE 0.0668
Epoch 146: Train RMSE 0.0367, Test RMSE 0.0649
Epoch 147: Train RMSE 0.0365, Test RMSE 0.0650
Epoch 148: Train RMSE 0.0364, Test RMSE 0.0662
Epoch 149: Train RMSE 0.0365, Test RMSE 0.0672
Epoch 150: Train RMSE 0.0363, Test RMSE 0.0663
Epoch 151: Train RMSE 0.0364, Test RMSE 0.0663
Epoch 152: Train RMSE 0.0364, Test RMSE 0.0671
Epoch 153: Train RMSE 0.0369, Test RMSE 0.0653
Epoch 154: Train RMSE 0.0367, Test RMSE 0.0666
Epoch 155: Train RMSE 0.0363, Test RMSE 0.0672
Epoch 156: Train RMSE 0.0361, Test RMSE 0.0660
Epoch 157: Train RMSE 0.0366, Test RMSE 0.0656
Epoch 158: Train RMSE 0.0363, Test RMSE 0.0657
Epoch 159: Train RMSE 0.0363, Test RMSE 0.0672
Epoch 160: Train RMSE 0.0366, Test RMSE 0.0666
Epoch 161: Train RMSE 0.0363, Test RMSE 0.0666
Epoch 162: Train RMSE 0.0362, Test RMSE 0.0658
Epoch 163: Train RMSE 0.0361, Test RMSE 0.0665
Epoch 164: Train RMSE 0.0361, Test RMSE 0.0663
Epoch 165: Train RMSE 0.0363, Test RMSE 0.0675
Epoch 166: Train RMSE 0.0360, Test RMSE 0.0657
Epoch 167: Train RMSE 0.0361, Test RMSE 0.0662
Epoch 168: Train RMSE 0.0362, Test RMSE 0.0667
Epoch 169: Train RMSE 0.0363, Test RMSE 0.0683
Epoch 170: Train RMSE 0.0360, Test RMSE 0.0664
Epoch 171: Train RMSE 0.0361, Test RMSE 0.0681
Epoch 172: Train RMSE 0.0361, Test RMSE 0.0660
Epoch 173: Train RMSE 0.0362, Test RMSE 0.0657
Epoch 174: Train RMSE 0.0362, Test RMSE 0.0664
Epoch 175: Train RMSE 0.0367, Test RMSE 0.0678
Epoch 176: Train RMSE 0.0361, Test RMSE 0.0661
Epoch 177: Train RMSE 0.0359, Test RMSE 0.0671
Epoch 178: Train RMSE 0.0361, Test RMSE 0.0659
Epoch 179: Train RMSE 0.0366, Test RMSE 0.0655
Epoch 180: Train RMSE 0.0361, Test RMSE 0.0665
Epoch 181: Train RMSE 0.0360, Test RMSE 0.0665
Epoch 182: Train RMSE 0.0362, Test RMSE 0.0654
Epoch 183: Train RMSE 0.0360, Test RMSE 0.0672
Epoch 184: Train RMSE 0.0363, Test RMSE 0.0659
Epoch 185: Train RMSE 0.0365, Test RMSE 0.0675
Epoch 186: Train RMSE 0.0361, Test RMSE 0.0674
Epoch 187: Train RMSE 0.0358, Test RMSE 0.0662
Epoch 188: Train RMSE 0.0362, Test RMSE 0.0675
Epoch 189: Train RMSE 0.0360, Test RMSE 0.0657
Epoch 190: Train RMSE 0.0360, Test RMSE 0.0675
Epoch 191: Train RMSE 0.0360, Test RMSE 0.0676
Epoch 192: Train RMSE 0.0360, Test RMSE 0.0665
Epoch 193: Train RMSE 0.0358, Test RMSE 0.0669
Epoch 194: Train RMSE 0.0360, Test RMSE 0.0675
Epoch 195: Train RMSE 0.0362, Test RMSE 0.0678
Epoch 196: Train RMSE 0.0360, Test RMSE 0.0662
Epoch 197: Train RMSE 0.0363, Test RMSE 0.0666
Epoch 198: Train RMSE 0.0358, Test RMSE 0.0674
Epoch 199: Train RMSE 0.0357, Test RMSE 0.0676
Traceback (most recent call last):
  File "/home/gsm0197/sralab_working/lstm_4to4/trial2/lstm.py", line 165, in <module>
    test_pred[lookback:test_size] = test_predictions
    ~~~~~~~~~^^^^^^^^^^^^^^^^^^^^
ValueError: could not broadcast input array from shape (793136,) into shape (198284,)
