/home/gsm0197/sralab_working/lstm_BigData/trial10/jt2_vel/lstm.py:48: UserWarning: Creating a tensor from a list of numpy.ndarrays is extremely slow. Please consider converting the list to a single numpy.ndarray with numpy.array() before converting to a tensor. (Triggered internally at /pytorch/torch/csrc/utils/tensor_new.cpp:254.)
  return torch.tensor(X, dtype=torch.float32), torch.tensor(y, dtype=torch.float32)
Using device: cuda
Training data shape: (3440201, 19)
Validation data shape: (982916, 19)
torch.Size([344013, 50, 8]) torch.Size([344013, 50, 1])
torch.Size([98285, 50, 8]) torch.Size([98285, 50, 1])
Epoch 0: Train MSE 2.1381, Validation MSE 2.1651
Epoch 0 training time: 60.74332332611084
Epoch 1: Train MSE 1.8559, Validation MSE 1.7786
Epoch 1 training time: 88.12124061584473
Epoch 2: Train MSE 1.3937, Validation MSE 1.2535
Epoch 2 training time: 37.56675744056702
Epoch 3: Train MSE 1.0102, Validation MSE 0.9515
Epoch 3 training time: 30.75591468811035
Epoch 4: Train MSE 0.7756, Validation MSE 0.7398
Epoch 4 training time: 77.24236917495728
Epoch 5: Train MSE 0.6153, Validation MSE 0.6033
Epoch 5 training time: 29.842845916748047
Epoch 6: Train MSE 0.5062, Validation MSE 0.5000
Epoch 6 training time: 11.143723011016846
Epoch 7: Train MSE 0.4176, Validation MSE 0.4132
Epoch 7 training time: 6.929318904876709
Epoch 8: Train MSE 0.3463, Validation MSE 0.3460
Epoch 8 training time: 40.264532804489136
Epoch 9: Train MSE 0.2978, Validation MSE 0.3046
Epoch 9 training time: 24.92675757408142
Epoch 10: Train MSE 0.2695, Validation MSE 0.2796
Epoch 10 training time: 24.994166612625122
Epoch 11: Train MSE 0.2511, Validation MSE 0.2621
Epoch 11 training time: 76.27437829971313
Epoch 12: Train MSE 0.2371, Validation MSE 0.2476
Epoch 12 training time: 78.48088097572327
Epoch 13: Train MSE 0.2255, Validation MSE 0.2357
Epoch 13 training time: 73.09969902038574
Epoch 14: Train MSE 0.2155, Validation MSE 0.2254
Epoch 14 training time: 44.56537103652954
Epoch 15: Train MSE 0.2066, Validation MSE 0.2158
Epoch 15 training time: 18.491989374160767
Epoch 16: Train MSE 0.1984, Validation MSE 0.2069
Epoch 16 training time: 57.69383931159973
Epoch 17: Train MSE 0.1908, Validation MSE 0.1988
Epoch 17 training time: 35.36678624153137
Epoch 18: Train MSE 0.1839, Validation MSE 0.1916
Epoch 18 training time: 28.405225038528442
Epoch 19: Train MSE 0.1776, Validation MSE 0.1841
Epoch 19 training time: 92.94518494606018
Epoch 20: Train MSE 0.1720, Validation MSE 0.1785
Epoch 20 training time: 98.17525243759155
Epoch 21: Train MSE 0.1671, Validation MSE 0.1743
Epoch 21 training time: 35.030505418777466
Epoch 22: Train MSE 0.1628, Validation MSE 0.1691
Epoch 22 training time: 60.168269634246826
Epoch 23: Train MSE 0.1590, Validation MSE 0.1653
Epoch 23 training time: 58.4874472618103
Epoch 24: Train MSE 0.1556, Validation MSE 0.1616
Epoch 24 training time: 104.8411762714386
Epoch 25: Train MSE 0.1525, Validation MSE 0.1588
Epoch 25 training time: 44.01554346084595
Epoch 26: Train MSE 0.1496, Validation MSE 0.1558
Epoch 26 training time: 35.4401969909668
Epoch 27: Train MSE 0.1470, Validation MSE 0.1528
Epoch 27 training time: 24.607778549194336
Epoch 28: Train MSE 0.1444, Validation MSE 0.1502
Epoch 28 training time: 28.780538082122803
Epoch 29: Train MSE 0.1421, Validation MSE 0.1479
Epoch 29 training time: 30.780392169952393
Epoch 30: Train MSE 0.1400, Validation MSE 0.1455
Epoch 30 training time: 24.497543334960938
Epoch 31: Train MSE 0.1380, Validation MSE 0.1441
Epoch 31 training time: 57.533294439315796
Epoch 32: Train MSE 0.1363, Validation MSE 0.1421
Epoch 32 training time: 59.54133677482605
Epoch 33: Train MSE 0.1347, Validation MSE 0.1406
Epoch 33 training time: 82.92115426063538
Epoch 34: Train MSE 0.1333, Validation MSE 0.1395
Epoch 34 training time: 48.133920431137085
Epoch 35: Train MSE 0.1319, Validation MSE 0.1378
Epoch 35 training time: 29.919418334960938
Epoch 36: Train MSE 0.1306, Validation MSE 0.1368
Epoch 36 training time: 61.03783345222473
Epoch 37: Train MSE 0.1294, Validation MSE 0.1358
Epoch 37 training time: 46.905341386795044
Epoch 38: Train MSE 0.1283, Validation MSE 0.1352
Epoch 38 training time: 122.83943676948547
Epoch 39: Train MSE 0.1272, Validation MSE 0.1335
Epoch 39 training time: 87.29063987731934
Epoch 40: Train MSE 0.1262, Validation MSE 0.1331
Epoch 40 training time: 106.2314600944519
Epoch 41: Train MSE 0.1252, Validation MSE 0.1315
Epoch 41 training time: 73.88811469078064
Epoch 42: Train MSE 0.1243, Validation MSE 0.1311
Epoch 42 training time: 62.505695819854736
Epoch 43: Train MSE 0.1234, Validation MSE 0.1303
Epoch 43 training time: 62.460410594940186
Epoch 44: Train MSE 0.1226, Validation MSE 0.1292
Epoch 44 training time: 55.899840354919434
Epoch 45: Train MSE 0.1218, Validation MSE 0.1290
Epoch 45 training time: 39.54286241531372
Epoch 46: Train MSE 0.1210, Validation MSE 0.1284
Epoch 46 training time: 16.91248655319214
Epoch 47: Train MSE 0.1202, Validation MSE 0.1276
Epoch 47 training time: 5.494448184967041
Epoch 48: Train MSE 0.1195, Validation MSE 0.1265
Epoch 48 training time: 5.157873630523682
Epoch 49: Train MSE 0.1188, Validation MSE 0.1258
Epoch 49 training time: 6.312902212142944
Epoch 50: Train MSE 0.1181, Validation MSE 0.1257
Epoch 50 training time: 63.7579619884491
Epoch 51: Train MSE 0.1175, Validation MSE 0.1249
Epoch 51 training time: 52.997310400009155
Epoch 52: Train MSE 0.1168, Validation MSE 0.1243
Epoch 52 training time: 123.05847263336182
Epoch 53: Train MSE 0.1162, Validation MSE 0.1233
Epoch 53 training time: 65.50018286705017
Epoch 54: Train MSE 0.1156, Validation MSE 0.1227
Epoch 54 training time: 66.8728814125061
Epoch 55: Train MSE 0.1150, Validation MSE 0.1224
Epoch 55 training time: 45.86185646057129
Epoch 56: Train MSE 0.1145, Validation MSE 0.1214
Epoch 56 training time: 12.613479852676392
Epoch 57: Train MSE 0.1139, Validation MSE 0.1213
Epoch 57 training time: 15.486429452896118
Epoch 58: Train MSE 0.1134, Validation MSE 0.1212
Epoch 58 training time: 77.80958294868469
Epoch 59: Train MSE 0.1129, Validation MSE 0.1206
Epoch 59 training time: 48.53606200218201
Epoch 60: Train MSE 0.1124, Validation MSE 0.1200
Epoch 60 training time: 56.26537895202637
Epoch 61: Train MSE 0.1119, Validation MSE 0.1196
Epoch 61 training time: 76.27096962928772
Epoch 62: Train MSE 0.1114, Validation MSE 0.1196
Epoch 62 training time: 48.401856660842896
Epoch 63: Train MSE 0.1109, Validation MSE 0.1190
Epoch 63 training time: 73.55409669876099
Epoch 64: Train MSE 0.1105, Validation MSE 0.1183
Epoch 64 training time: 49.66431951522827
Epoch 65: Train MSE 0.1100, Validation MSE 0.1180
Epoch 65 training time: 67.18240332603455
Epoch 66: Train MSE 0.1096, Validation MSE 0.1173
Epoch 66 training time: 75.11120390892029
Epoch 67: Train MSE 0.1091, Validation MSE 0.1171
Epoch 67 training time: 41.74566125869751
Epoch 68: Train MSE 0.1087, Validation MSE 0.1165
Epoch 68 training time: 87.92237830162048
Epoch 69: Train MSE 0.1083, Validation MSE 0.1164
Epoch 69 training time: 49.64850354194641
Epoch 70: Train MSE 0.1079, Validation MSE 0.1158
Epoch 70 training time: 81.12910795211792
Epoch 71: Train MSE 0.1076, Validation MSE 0.1157
Epoch 71 training time: 82.63094139099121
Epoch 72: Train MSE 0.1072, Validation MSE 0.1154
Epoch 72 training time: 50.95563340187073
Epoch 73: Train MSE 0.1068, Validation MSE 0.1155
Epoch 73 training time: 26.27196478843689
Epoch 74: Train MSE 0.1065, Validation MSE 0.1149
Epoch 74 training time: 23.53098726272583
Epoch 75: Train MSE 0.1061, Validation MSE 0.1148
Epoch 75 training time: 50.93103241920471
Epoch 76: Train MSE 0.1058, Validation MSE 0.1148
Epoch 76 training time: 54.406084060668945
Epoch 77: Train MSE 0.1054, Validation MSE 0.1146
Epoch 77 training time: 84.64600110054016
Epoch 78: Train MSE 0.1051, Validation MSE 0.1143
Epoch 78 training time: 60.800222873687744
Epoch 79: Train MSE 0.1048, Validation MSE 0.1138
Epoch 79 training time: 62.16743016242981
Epoch 80: Train MSE 0.1045, Validation MSE 0.1132
Epoch 80 training time: 86.53420400619507
Epoch 81: Train MSE 0.1042, Validation MSE 0.1131
Epoch 81 training time: 95.64203524589539
Epoch 82: Train MSE 0.1039, Validation MSE 0.1129
Epoch 82 training time: 39.31135940551758
Epoch 83: Train MSE 0.1036, Validation MSE 0.1131
Epoch 83 training time: 58.463287115097046
Epoch 84: Train MSE 0.1033, Validation MSE 0.1119
Epoch 84 training time: 74.36970591545105
Epoch 85: Train MSE 0.1030, Validation MSE 0.1125
Epoch 85 training time: 32.889938831329346
Epoch 86: Train MSE 0.1027, Validation MSE 0.1123
Epoch 86 training time: 7.027291536331177
Epoch 87: Train MSE 0.1025, Validation MSE 0.1117
Epoch 87 training time: 5.160984754562378
Epoch 88: Train MSE 0.1022, Validation MSE 0.1119
Epoch 88 training time: 5.273411273956299
Epoch 89: Train MSE 0.1019, Validation MSE 0.1113
Epoch 89 training time: 20.202207326889038
Epoch 90: Train MSE 0.1017, Validation MSE 0.1113
Epoch 90 training time: 81.73457670211792
Epoch 91: Train MSE 0.1014, Validation MSE 0.1109
Epoch 91 training time: 104.98657536506653
Epoch 92: Train MSE 0.1012, Validation MSE 0.1110
Epoch 92 training time: 110.8628203868866
Epoch 93: Train MSE 0.1009, Validation MSE 0.1105
Epoch 93 training time: 92.74601459503174
Epoch 94: Train MSE 0.1007, Validation MSE 0.1109
Epoch 94 training time: 19.210378408432007
Epoch 95: Train MSE 0.1004, Validation MSE 0.1100
Epoch 95 training time: 6.823971271514893
Epoch 96: Train MSE 0.1002, Validation MSE 0.1098
Epoch 96 training time: 103.75589036941528
Epoch 97: Train MSE 0.0999, Validation MSE 0.1099
Epoch 97 training time: 57.650126934051514
Epoch 98: Train MSE 0.0997, Validation MSE 0.1096
Epoch 98 training time: 35.514925479888916
Epoch 99: Train MSE 0.0995, Validation MSE 0.1093
Epoch 99 training time: 63.92281126976013
Epoch 100: Train MSE 0.0993, Validation MSE 0.1091
Epoch 100 training time: 55.74187207221985
Epoch 101: Train MSE 0.0990, Validation MSE 0.1088
Epoch 101 training time: 109.7934410572052
Epoch 102: Train MSE 0.0988, Validation MSE 0.1094
Epoch 102 training time: 60.14629244804382
Epoch 103: Train MSE 0.0986, Validation MSE 0.1089
Epoch 103 training time: 59.222010374069214
Epoch 104: Train MSE 0.0984, Validation MSE 0.1087
Epoch 104 training time: 29.51140809059143
Epoch 105: Train MSE 0.0982, Validation MSE 0.1084
Epoch 105 training time: 34.88439750671387
Epoch 106: Train MSE 0.0980, Validation MSE 0.1081
Epoch 106 training time: 94.17598342895508
Epoch 107: Train MSE 0.0978, Validation MSE 0.1082
Epoch 107 training time: 34.86341738700867
Epoch 108: Train MSE 0.0976, Validation MSE 0.1082
Epoch 108 training time: 94.14751362800598
Epoch 109: Train MSE 0.0974, Validation MSE 0.1081
Epoch 109 training time: 46.92366075515747
Epoch 110: Train MSE 0.0972, Validation MSE 0.1077
Epoch 110 training time: 79.55087804794312
Epoch 111: Train MSE 0.0970, Validation MSE 0.1078
Epoch 111 training time: 74.07284331321716
Epoch 112: Train MSE 0.0968, Validation MSE 0.1074
Epoch 112 training time: 90.23206448554993
Epoch 113: Train MSE 0.0966, Validation MSE 0.1075
Epoch 113 training time: 75.2604832649231
Epoch 114: Train MSE 0.0965, Validation MSE 0.1071
Epoch 114 training time: 47.930134534835815
Epoch 115: Train MSE 0.0963, Validation MSE 0.1070
Epoch 115 training time: 57.859315395355225
Epoch 116: Train MSE 0.0961, Validation MSE 0.1068
Epoch 116 training time: 74.54055762290955
Epoch 117: Train MSE 0.0959, Validation MSE 0.1067
Epoch 117 training time: 21.374067783355713
Epoch 118: Train MSE 0.0957, Validation MSE 0.1065
Epoch 118 training time: 41.34973073005676
Epoch 119: Train MSE 0.0956, Validation MSE 0.1067
Epoch 119 training time: 33.03751015663147
Epoch 120: Train MSE 0.0954, Validation MSE 0.1059
Epoch 120 training time: 20.07633066177368
Epoch 121: Train MSE 0.0952, Validation MSE 0.1061
Epoch 121 training time: 36.047292947769165
Epoch 122: Train MSE 0.0951, Validation MSE 0.1059
Epoch 122 training time: 52.86054992675781
Epoch 123: Train MSE 0.0949, Validation MSE 0.1059
Epoch 123 training time: 65.3071596622467
Epoch 124: Train MSE 0.0948, Validation MSE 0.1059
Epoch 124 training time: 20.935540676116943
Epoch 125: Train MSE 0.0946, Validation MSE 0.1052
Epoch 125 training time: 21.001547813415527
Epoch 126: Train MSE 0.0944, Validation MSE 0.1051
Epoch 126 training time: 65.44166898727417
Epoch 127: Train MSE 0.0943, Validation MSE 0.1057
Epoch 127 training time: 21.883422374725342
Epoch 128: Train MSE 0.0941, Validation MSE 0.1050
Epoch 128 training time: 18.649522304534912
Epoch 129: Train MSE 0.0940, Validation MSE 0.1051
Epoch 129 training time: 18.805163621902466
Epoch 130: Train MSE 0.0938, Validation MSE 0.1050
Epoch 130 training time: 99.27066254615784
Epoch 131: Train MSE 0.0937, Validation MSE 0.1053
Epoch 131 training time: 57.34990644454956
Epoch 132: Train MSE 0.0936, Validation MSE 0.1052
Epoch 132 training time: 48.801002740859985
Epoch 133: Train MSE 0.0934, Validation MSE 0.1047
Epoch 133 training time: 34.991459131240845
Epoch 134: Train MSE 0.0933, Validation MSE 0.1055
Epoch 134 training time: 26.79192352294922
Epoch 135: Train MSE 0.0932, Validation MSE 0.1042
Epoch 135 training time: 54.71072030067444
Epoch 136: Train MSE 0.0930, Validation MSE 0.1047
Epoch 136 training time: 46.712886333465576
Epoch 137: Train MSE 0.0929, Validation MSE 0.1048
Epoch 137 training time: 35.3262574672699
Epoch 138: Train MSE 0.0928, Validation MSE 0.1041
Epoch 138 training time: 66.46444320678711
Epoch 139: Train MSE 0.0926, Validation MSE 0.1043
Epoch 139 training time: 28.928982973098755
Epoch 140: Train MSE 0.0925, Validation MSE 0.1042
Epoch 140 training time: 90.3954906463623
Epoch 141: Train MSE 0.0924, Validation MSE 0.1039
Epoch 141 training time: 38.72869873046875
Epoch 142: Train MSE 0.0923, Validation MSE 0.1042
Epoch 142 training time: 79.15214371681213
Epoch 143: Train MSE 0.0922, Validation MSE 0.1043
Epoch 143 training time: 51.374895095825195
Epoch 144: Train MSE 0.0921, Validation MSE 0.1038
Epoch 144 training time: 54.003507137298584
Epoch 145: Train MSE 0.0919, Validation MSE 0.1037
Epoch 145 training time: 67.92143297195435
Epoch 146: Train MSE 0.0918, Validation MSE 0.1035
Epoch 146 training time: 78.30170917510986
Epoch 147: Train MSE 0.0917, Validation MSE 0.1035
Epoch 147 training time: 48.9779372215271
Epoch 148: Train MSE 0.0916, Validation MSE 0.1033
Epoch 148 training time: 54.27968883514404
Epoch 149: Train MSE 0.0915, Validation MSE 0.1032
Epoch 149 training time: 54.09259581565857
