/home/gsm0197/sralab_working/lstm_4to4/trial1/lstm.py:120: DeprecationWarning: __array_wrap__ must accept context and return_scalar arguments (positionally) in the future. (Deprecated NumPy 2.0)
  train_rmse = np.sqrt(loss_fn(y_pred, y_train))
/home/gsm0197/sralab_working/lstm_4to4/trial1/lstm.py:122: DeprecationWarning: __array_wrap__ must accept context and return_scalar arguments (positionally) in the future. (Deprecated NumPy 2.0)
  test_rmse = np.sqrt(loss_fn(y_pred, y_test))
torch.Size([403283, 50, 4]) torch.Size([403283, 50, 4])
torch.Size([198284, 50, 4]) torch.Size([198284, 50, 4])
Epoch 0: Train RMSE 0.0073, Test RMSE 0.0076
Epoch 1: Train RMSE 0.0028, Test RMSE 0.0031
Epoch 2: Train RMSE 0.0024, Test RMSE 0.0026
Epoch 3: Train RMSE 0.0023, Test RMSE 0.0026
Epoch 4: Train RMSE 0.0023, Test RMSE 0.0027
Epoch 5: Train RMSE 0.0023, Test RMSE 0.0025
Epoch 6: Train RMSE 0.0021, Test RMSE 0.0024
Epoch 7: Train RMSE 0.0022, Test RMSE 0.0025
Epoch 8: Train RMSE 0.0020, Test RMSE 0.0023
Epoch 9: Train RMSE 0.0020, Test RMSE 0.0023
Epoch 10: Train RMSE 0.0023, Test RMSE 0.0026
Epoch 11: Train RMSE 0.0020, Test RMSE 0.0022
Epoch 12: Train RMSE 0.0021, Test RMSE 0.0023
Epoch 13: Train RMSE 0.0020, Test RMSE 0.0022
Epoch 14: Train RMSE 0.0018, Test RMSE 0.0021
Epoch 15: Train RMSE 0.0019, Test RMSE 0.0021
Epoch 16: Train RMSE 0.0019, Test RMSE 0.0022
Epoch 17: Train RMSE 0.0018, Test RMSE 0.0020
Epoch 18: Train RMSE 0.0022, Test RMSE 0.0024
Epoch 19: Train RMSE 0.0020, Test RMSE 0.0022
Epoch 20: Train RMSE 0.0019, Test RMSE 0.0021
Epoch 21: Train RMSE 0.0017, Test RMSE 0.0020
Epoch 22: Train RMSE 0.0019, Test RMSE 0.0021
Epoch 23: Train RMSE 0.0018, Test RMSE 0.0020
Epoch 24: Train RMSE 0.0018, Test RMSE 0.0020
Epoch 25: Train RMSE 0.0017, Test RMSE 0.0020
Epoch 26: Train RMSE 0.0018, Test RMSE 0.0020
Epoch 27: Train RMSE 0.0017, Test RMSE 0.0019
Epoch 28: Train RMSE 0.0017, Test RMSE 0.0020
Epoch 29: Train RMSE 0.0017, Test RMSE 0.0020
Epoch 30: Train RMSE 0.0017, Test RMSE 0.0020
Epoch 31: Train RMSE 0.0019, Test RMSE 0.0021
Epoch 32: Train RMSE 0.0017, Test RMSE 0.0020
Epoch 33: Train RMSE 0.0019, Test RMSE 0.0021
Epoch 34: Train RMSE 0.0017, Test RMSE 0.0020
Epoch 35: Train RMSE 0.0017, Test RMSE 0.0020
Epoch 36: Train RMSE 0.0016, Test RMSE 0.0019
Epoch 37: Train RMSE 0.0019, Test RMSE 0.0022
Epoch 38: Train RMSE 0.0016, Test RMSE 0.0019
Epoch 39: Train RMSE 0.0017, Test RMSE 0.0020
Epoch 40: Train RMSE 0.0016, Test RMSE 0.0019
Epoch 41: Train RMSE 0.0017, Test RMSE 0.0020
Epoch 42: Train RMSE 0.0016, Test RMSE 0.0019
Epoch 43: Train RMSE 0.0018, Test RMSE 0.0020
Epoch 44: Train RMSE 0.0016, Test RMSE 0.0019
Epoch 45: Train RMSE 0.0016, Test RMSE 0.0019
Epoch 46: Train RMSE 0.0017, Test RMSE 0.0020
Epoch 47: Train RMSE 0.0016, Test RMSE 0.0019
Epoch 48: Train RMSE 0.0016, Test RMSE 0.0019
Epoch 49: Train RMSE 0.0016, Test RMSE 0.0019
Epoch 50: Train RMSE 0.0017, Test RMSE 0.0020
Epoch 51: Train RMSE 0.0021, Test RMSE 0.0023
Epoch 52: Train RMSE 0.0018, Test RMSE 0.0020
Epoch 53: Train RMSE 0.0017, Test RMSE 0.0020
Epoch 54: Train RMSE 0.0016, Test RMSE 0.0019
Epoch 55: Train RMSE 0.0016, Test RMSE 0.0019
Epoch 56: Train RMSE 0.0016, Test RMSE 0.0019
Epoch 57: Train RMSE 0.0021, Test RMSE 0.0023
Epoch 58: Train RMSE 0.0017, Test RMSE 0.0020
Epoch 59: Train RMSE 0.0016, Test RMSE 0.0019
Epoch 60: Train RMSE 0.0016, Test RMSE 0.0019
Epoch 61: Train RMSE 0.0017, Test RMSE 0.0020
Epoch 62: Train RMSE 0.0018, Test RMSE 0.0021
Epoch 63: Train RMSE 0.0015, Test RMSE 0.0019
Epoch 64: Train RMSE 0.0020, Test RMSE 0.0022
Epoch 65: Train RMSE 0.0017, Test RMSE 0.0019
Epoch 66: Train RMSE 0.0016, Test RMSE 0.0018
Epoch 67: Train RMSE 0.0016, Test RMSE 0.0019
Epoch 68: Train RMSE 0.0016, Test RMSE 0.0019
Epoch 69: Train RMSE 0.0016, Test RMSE 0.0019
Epoch 70: Train RMSE 0.0016, Test RMSE 0.0019
Epoch 71: Train RMSE 0.0016, Test RMSE 0.0019
Epoch 72: Train RMSE 0.0017, Test RMSE 0.0020
Epoch 73: Train RMSE 0.0016, Test RMSE 0.0019
Epoch 74: Train RMSE 0.0018, Test RMSE 0.0021
Epoch 75: Train RMSE 0.0016, Test RMSE 0.0019
Epoch 76: Train RMSE 0.0016, Test RMSE 0.0019
Epoch 77: Train RMSE 0.0016, Test RMSE 0.0019
Epoch 78: Train RMSE 0.0016, Test RMSE 0.0019
Epoch 79: Train RMSE 0.0015, Test RMSE 0.0018
Epoch 80: Train RMSE 0.0015, Test RMSE 0.0018
Epoch 81: Train RMSE 0.0017, Test RMSE 0.0020
Epoch 82: Train RMSE 0.0016, Test RMSE 0.0019
Epoch 83: Train RMSE 0.0015, Test RMSE 0.0018
Epoch 84: Train RMSE 0.0017, Test RMSE 0.0020
Epoch 85: Train RMSE 0.0016, Test RMSE 0.0019
Epoch 86: Train RMSE 0.0016, Test RMSE 0.0019
Epoch 87: Train RMSE 0.0015, Test RMSE 0.0019
Epoch 88: Train RMSE 0.0016, Test RMSE 0.0019
Epoch 89: Train RMSE 0.0016, Test RMSE 0.0019
Epoch 90: Train RMSE 0.0015, Test RMSE 0.0018
Epoch 91: Train RMSE 0.0015, Test RMSE 0.0018
Epoch 92: Train RMSE 0.0016, Test RMSE 0.0019
Epoch 93: Train RMSE 0.0015, Test RMSE 0.0018
Epoch 94: Train RMSE 0.0016, Test RMSE 0.0019
Epoch 95: Train RMSE 0.0015, Test RMSE 0.0018
Epoch 96: Train RMSE 0.0015, Test RMSE 0.0018
Epoch 97: Train RMSE 0.0016, Test RMSE 0.0019
Epoch 98: Train RMSE 0.0015, Test RMSE 0.0018
Epoch 99: Train RMSE 0.0015, Test RMSE 0.0018
Epoch 100: Train RMSE 0.0015, Test RMSE 0.0018
Epoch 101: Train RMSE 0.0016, Test RMSE 0.0019
Epoch 102: Train RMSE 0.0017, Test RMSE 0.0020
Epoch 103: Train RMSE 0.0015, Test RMSE 0.0018
Epoch 104: Train RMSE 0.0015, Test RMSE 0.0018
Epoch 105: Train RMSE 0.0016, Test RMSE 0.0019
Epoch 106: Train RMSE 0.0017, Test RMSE 0.0020
Epoch 107: Train RMSE 0.0015, Test RMSE 0.0018
Epoch 108: Train RMSE 0.0015, Test RMSE 0.0018
Epoch 109: Train RMSE 0.0016, Test RMSE 0.0019
Epoch 110: Train RMSE 0.0015, Test RMSE 0.0018
Epoch 111: Train RMSE 0.0019, Test RMSE 0.0021
Epoch 112: Train RMSE 0.0016, Test RMSE 0.0019
Epoch 113: Train RMSE 0.0015, Test RMSE 0.0018
Epoch 114: Train RMSE 0.0016, Test RMSE 0.0019
Epoch 115: Train RMSE 0.0015, Test RMSE 0.0018
Epoch 116: Train RMSE 0.0015, Test RMSE 0.0018
Epoch 117: Train RMSE 0.0015, Test RMSE 0.0018
Epoch 118: Train RMSE 0.0016, Test RMSE 0.0019
Epoch 119: Train RMSE 0.0015, Test RMSE 0.0018
Epoch 120: Train RMSE 0.0015, Test RMSE 0.0018
Epoch 121: Train RMSE 0.0016, Test RMSE 0.0019
Epoch 122: Train RMSE 0.0015, Test RMSE 0.0019
Epoch 123: Train RMSE 0.0015, Test RMSE 0.0018
Epoch 124: Train RMSE 0.0015, Test RMSE 0.0018
Epoch 125: Train RMSE 0.0015, Test RMSE 0.0019
Epoch 126: Train RMSE 0.0015, Test RMSE 0.0018
Epoch 127: Train RMSE 0.0016, Test RMSE 0.0019
Epoch 128: Train RMSE 0.0016, Test RMSE 0.0019
Epoch 129: Train RMSE 0.0015, Test RMSE 0.0018
Epoch 130: Train RMSE 0.0015, Test RMSE 0.0018
Epoch 131: Train RMSE 0.0015, Test RMSE 0.0018
Epoch 132: Train RMSE 0.0016, Test RMSE 0.0019
Epoch 133: Train RMSE 0.0015, Test RMSE 0.0018
Epoch 134: Train RMSE 0.0015, Test RMSE 0.0018
Epoch 135: Train RMSE 0.0015, Test RMSE 0.0018
Epoch 136: Train RMSE 0.0016, Test RMSE 0.0019
Epoch 137: Train RMSE 0.0016, Test RMSE 0.0019
Epoch 138: Train RMSE 0.0015, Test RMSE 0.0018
Epoch 139: Train RMSE 0.0015, Test RMSE 0.0018
Epoch 140: Train RMSE 0.0015, Test RMSE 0.0018
Epoch 141: Train RMSE 0.0015, Test RMSE 0.0019
Epoch 142: Train RMSE 0.0016, Test RMSE 0.0018
Epoch 143: Train RMSE 0.0015, Test RMSE 0.0018
Epoch 144: Train RMSE 0.0015, Test RMSE 0.0018
Epoch 145: Train RMSE 0.0015, Test RMSE 0.0019
Epoch 146: Train RMSE 0.0015, Test RMSE 0.0018
Epoch 147: Train RMSE 0.0015, Test RMSE 0.0018
Epoch 148: Train RMSE 0.0015, Test RMSE 0.0018
Epoch 149: Train RMSE 0.0015, Test RMSE 0.0018
Epoch 150: Train RMSE 0.0015, Test RMSE 0.0018
Epoch 151: Train RMSE 0.0015, Test RMSE 0.0018
Epoch 152: Train RMSE 0.0015, Test RMSE 0.0018
Epoch 153: Train RMSE 0.0015, Test RMSE 0.0018
Epoch 154: Train RMSE 0.0015, Test RMSE 0.0018
Epoch 155: Train RMSE 0.0015, Test RMSE 0.0018
Epoch 156: Train RMSE 0.0015, Test RMSE 0.0018
Epoch 157: Train RMSE 0.0015, Test RMSE 0.0018
Epoch 158: Train RMSE 0.0015, Test RMSE 0.0018
Epoch 159: Train RMSE 0.0015, Test RMSE 0.0018
Epoch 160: Train RMSE 0.0015, Test RMSE 0.0018
Epoch 161: Train RMSE 0.0015, Test RMSE 0.0018
Epoch 162: Train RMSE 0.0015, Test RMSE 0.0018
Epoch 163: Train RMSE 0.0015, Test RMSE 0.0018
Epoch 164: Train RMSE 0.0015, Test RMSE 0.0018
Epoch 165: Train RMSE 0.0015, Test RMSE 0.0019
Epoch 166: Train RMSE 0.0015, Test RMSE 0.0018
Epoch 167: Train RMSE 0.0015, Test RMSE 0.0018
Epoch 168: Train RMSE 0.0016, Test RMSE 0.0019
Epoch 169: Train RMSE 0.0015, Test RMSE 0.0018
Epoch 170: Train RMSE 0.0015, Test RMSE 0.0018
Epoch 171: Train RMSE 0.0015, Test RMSE 0.0018
Epoch 172: Train RMSE 0.0015, Test RMSE 0.0018
Epoch 173: Train RMSE 0.0016, Test RMSE 0.0019
Epoch 174: Train RMSE 0.0015, Test RMSE 0.0018
Epoch 175: Train RMSE 0.0015, Test RMSE 0.0018
Epoch 176: Train RMSE 0.0015, Test RMSE 0.0018
Epoch 177: Train RMSE 0.0015, Test RMSE 0.0018
Epoch 178: Train RMSE 0.0015, Test RMSE 0.0018
Epoch 179: Train RMSE 0.0015, Test RMSE 0.0018
Epoch 180: Train RMSE 0.0015, Test RMSE 0.0018
Epoch 181: Train RMSE 0.0015, Test RMSE 0.0018
Epoch 182: Train RMSE 0.0015, Test RMSE 0.0018
Epoch 183: Train RMSE 0.0016, Test RMSE 0.0019
Epoch 184: Train RMSE 0.0015, Test RMSE 0.0019
Epoch 185: Train RMSE 0.0015, Test RMSE 0.0019
Epoch 186: Train RMSE 0.0016, Test RMSE 0.0019
Epoch 187: Train RMSE 0.0015, Test RMSE 0.0018
Epoch 188: Train RMSE 0.0015, Test RMSE 0.0019
Epoch 189: Train RMSE 0.0015, Test RMSE 0.0018
Epoch 190: Train RMSE 0.0016, Test RMSE 0.0019
Epoch 191: Train RMSE 0.0015, Test RMSE 0.0018
Epoch 192: Train RMSE 0.0015, Test RMSE 0.0018
Epoch 193: Train RMSE 0.0015, Test RMSE 0.0018
Epoch 194: Train RMSE 0.0015, Test RMSE 0.0018
Epoch 195: Train RMSE 0.0015, Test RMSE 0.0018
Epoch 196: Train RMSE 0.0015, Test RMSE 0.0018
Epoch 197: Train RMSE 0.0015, Test RMSE 0.0018
Epoch 198: Train RMSE 0.0015, Test RMSE 0.0018
Epoch 199: Train RMSE 0.0015, Test RMSE 0.0019
Traceback (most recent call last):
  File "/home/gsm0197/sralab_working/lstm_4to4/trial1/lstm.py", line 165, in <module>
    test_pred[lookback:test_size] = test_predictions
    ~~~~~~~~~^^^^^^^^^^^^^^^^^^^^
ValueError: could not broadcast input array from shape (793136,) into shape (198284,)
