/home/gsm0197/sralab_working/lstm_BigData/trial9/jt3_pos/lstm.py:46: UserWarning: Creating a tensor from a list of numpy.ndarrays is extremely slow. Please consider converting the list to a single numpy.ndarray with numpy.array() before converting to a tensor. (Triggered internally at /pytorch/torch/csrc/utils/tensor_new.cpp:254.)
  return torch.tensor(X, dtype=torch.float32), torch.tensor(y, dtype=torch.float32)
Using device: cuda
Training data shape: (3440201, 19)
Validation data shape: (982916, 19)
torch.Size([3440151, 50, 8]) torch.Size([3440151, 50, 1])
torch.Size([982866, 50, 8]) torch.Size([982866, 50, 1])
Epoch 0: Train MSE 0.0276, Validation MSE 0.0066
Epoch 0 training time: 71.02055072784424
Epoch 1: Train MSE 0.0040, Validation MSE 0.0046
Epoch 1 training time: 66.74356174468994
Epoch 2: Train MSE 0.0032, Validation MSE 0.0043
Epoch 2 training time: 68.5820472240448
Epoch 3: Train MSE 0.0030, Validation MSE 0.0042
Epoch 3 training time: 56.77744698524475
Epoch 4: Train MSE 0.0029, Validation MSE 0.0041
Epoch 4 training time: 55.046223402023315
Epoch 5: Train MSE 0.0028, Validation MSE 0.0040
Epoch 5 training time: 56.752702713012695
Epoch 6: Train MSE 0.0027, Validation MSE 0.0040
Epoch 6 training time: 110.82055974006653
Epoch 7: Train MSE 0.0027, Validation MSE 0.0039
Epoch 7 training time: 297.4574701786041
Epoch 8: Train MSE 0.0026, Validation MSE 0.0039
Epoch 8 training time: 61.624699115753174
Epoch 9: Train MSE 0.0026, Validation MSE 0.0039
Epoch 9 training time: 56.90601921081543
Epoch 10: Train MSE 0.0026, Validation MSE 0.0039
Epoch 10 training time: 67.09915518760681
Epoch 11: Train MSE 0.0025, Validation MSE 0.0038
Epoch 11 training time: 60.81731986999512
Epoch 12: Train MSE 0.0025, Validation MSE 0.0038
Epoch 12 training time: 56.25225806236267
Epoch 13: Train MSE 0.0025, Validation MSE 0.0038
Epoch 13 training time: 56.65747427940369
Epoch 14: Train MSE 0.0025, Validation MSE 0.0038
Epoch 14 training time: 71.14050555229187
Epoch 15: Train MSE 0.0025, Validation MSE 0.0038
Epoch 15 training time: 259.8677341938019
Epoch 16: Train MSE 0.0024, Validation MSE 0.0037
Epoch 16 training time: 141.42097091674805
Epoch 17: Train MSE 0.0024, Validation MSE 0.0037
Epoch 17 training time: 60.04017519950867
Epoch 18: Train MSE 0.0024, Validation MSE 0.0037
Epoch 18 training time: 55.44087266921997
Epoch 19: Train MSE 0.0024, Validation MSE 0.0037
Epoch 19 training time: 67.4501383304596
Epoch 20: Train MSE 0.0024, Validation MSE 0.0037
Epoch 20 training time: 69.61249494552612
Epoch 21: Train MSE 0.0024, Validation MSE 0.0036
Epoch 21 training time: 71.28296399116516
Epoch 22: Train MSE 0.0023, Validation MSE 0.0036
Epoch 22 training time: 69.85336399078369
Epoch 23: Train MSE 0.0023, Validation MSE 0.0036
Epoch 23 training time: 284.1191473007202
Epoch 24: Train MSE 0.0023, Validation MSE 0.0036
Epoch 24 training time: 122.86222720146179
Epoch 25: Train MSE 0.0023, Validation MSE 0.0036
Epoch 25 training time: 55.941545486450195
Epoch 26: Train MSE 0.0023, Validation MSE 0.0036
Epoch 26 training time: 53.87355279922485
Epoch 27: Train MSE 0.0023, Validation MSE 0.0036
Epoch 27 training time: 53.819106578826904
Epoch 28: Train MSE 0.0023, Validation MSE 0.0035
Epoch 28 training time: 52.3724639415741
Epoch 29: Train MSE 0.0023, Validation MSE 0.0035
Epoch 29 training time: 53.7598443031311
Epoch 30: Train MSE 0.0022, Validation MSE 0.0035
Epoch 30 training time: 53.23359727859497
Epoch 31: Train MSE 0.0022, Validation MSE 0.0035
Epoch 31 training time: 54.717774391174316
Epoch 32: Train MSE 0.0022, Validation MSE 0.0035
Epoch 32 training time: 136.15007948875427
Epoch 33: Train MSE 0.0022, Validation MSE 0.0035
Epoch 33 training time: 259.39818930625916
Epoch 34: Train MSE 0.0022, Validation MSE 0.0035
Epoch 34 training time: 71.17059350013733
Epoch 35: Train MSE 0.0022, Validation MSE 0.0034
Epoch 35 training time: 62.91972780227661
Epoch 36: Train MSE 0.0022, Validation MSE 0.0034
Epoch 36 training time: 71.78032112121582
Epoch 37: Train MSE 0.0022, Validation MSE 0.0034
Epoch 37 training time: 69.08457851409912
Epoch 38: Train MSE 0.0022, Validation MSE 0.0034
Epoch 38 training time: 73.0184600353241
Epoch 39: Train MSE 0.0022, Validation MSE 0.0034
Epoch 39 training time: 70.69647645950317
Epoch 40: Train MSE 0.0022, Validation MSE 0.0034
Epoch 40 training time: 219.83766341209412
Epoch 41: Train MSE 0.0022, Validation MSE 0.0034
Epoch 41 training time: 187.03680729866028
Epoch 42: Train MSE 0.0022, Validation MSE 0.0034
Epoch 42 training time: 53.867451429367065
Epoch 43: Train MSE 0.0022, Validation MSE 0.0034
Epoch 43 training time: 55.22708559036255
Epoch 44: Train MSE 0.0021, Validation MSE 0.0034
Epoch 44 training time: 52.096760511398315
Epoch 45: Train MSE 0.0021, Validation MSE 0.0034
Epoch 45 training time: 53.61374378204346
Epoch 46: Train MSE 0.0021, Validation MSE 0.0034
Epoch 46 training time: 62.53781318664551
Epoch 47: Train MSE 0.0021, Validation MSE 0.0033
Epoch 47 training time: 73.2674286365509
Epoch 48: Train MSE 0.0021, Validation MSE 0.0033
Epoch 48 training time: 66.8005530834198
Epoch 49: Train MSE 0.0021, Validation MSE 0.0034
Epoch 49 training time: 281.24671387672424
Epoch 50: Train MSE 0.0021, Validation MSE 0.0033
Epoch 50 training time: 120.2575409412384
Epoch 51: Train MSE 0.0021, Validation MSE 0.0033
Epoch 51 training time: 73.08006501197815
Epoch 52: Train MSE 0.0021, Validation MSE 0.0033
Epoch 52 training time: 62.48508930206299
Epoch 53: Train MSE 0.0021, Validation MSE 0.0033
Epoch 53 training time: 68.77828454971313
Epoch 54: Train MSE 0.0021, Validation MSE 0.0033
Epoch 54 training time: 66.66931772232056
Epoch 55: Train MSE 0.0021, Validation MSE 0.0033
Epoch 55 training time: 69.5053219795227
Epoch 56: Train MSE 0.0021, Validation MSE 0.0033
Epoch 56 training time: 56.014291286468506
Epoch 57: Train MSE 0.0021, Validation MSE 0.0033
Epoch 57 training time: 279.09661841392517
Epoch 58: Train MSE 0.0021, Validation MSE 0.0033
Epoch 58 training time: 115.75289821624756
Epoch 59: Train MSE 0.0021, Validation MSE 0.0033
Epoch 59 training time: 56.83721137046814
Epoch 60: Train MSE 0.0021, Validation MSE 0.0033
Epoch 60 training time: 54.789735317230225
Epoch 61: Train MSE 0.0021, Validation MSE 0.0033
Epoch 61 training time: 53.867730379104614
Epoch 62: Train MSE 0.0021, Validation MSE 0.0033
Epoch 62 training time: 55.143380880355835
Epoch 63: Train MSE 0.0020, Validation MSE 0.0033
Epoch 63 training time: 54.545857429504395
Epoch 64: Train MSE 0.0020, Validation MSE 0.0033
Epoch 64 training time: 54.436806440353394
Epoch 65: Train MSE 0.0020, Validation MSE 0.0033
Epoch 65 training time: 56.610774755477905
Epoch 66: Train MSE 0.0020, Validation MSE 0.0033
Epoch 66 training time: 237.49559044837952
Epoch 67: Train MSE 0.0020, Validation MSE 0.0033
Epoch 67 training time: 163.19213438034058
Epoch 68: Train MSE 0.0020, Validation MSE 0.0033
Epoch 68 training time: 72.78206872940063
Epoch 69: Train MSE 0.0020, Validation MSE 0.0033
Epoch 69 training time: 68.66667747497559
Epoch 70: Train MSE 0.0020, Validation MSE 0.0033
Epoch 70 training time: 68.10386943817139
Epoch 71: Train MSE 0.0020, Validation MSE 0.0033
Epoch 71 training time: 55.91932916641235
Epoch 72: Train MSE 0.0020, Validation MSE 0.0033
Epoch 72 training time: 59.51219892501831
Epoch 73: Train MSE 0.0020, Validation MSE 0.0033
Epoch 73 training time: 70.07443523406982
Epoch 74: Train MSE 0.0020, Validation MSE 0.0032
Epoch 74 training time: 199.01846647262573
Epoch 75: Train MSE 0.0020, Validation MSE 0.0032
Epoch 75 training time: 203.962322473526
Epoch 76: Train MSE 0.0020, Validation MSE 0.0033
Epoch 76 training time: 70.63788223266602
Epoch 77: Train MSE 0.0020, Validation MSE 0.0033
Epoch 77 training time: 61.088826179504395
Epoch 78: Train MSE 0.0020, Validation MSE 0.0032
Epoch 78 training time: 67.45144271850586
Epoch 79: Train MSE 0.0020, Validation MSE 0.0032
Epoch 79 training time: 71.12668991088867
Epoch 80: Train MSE 0.0020, Validation MSE 0.0032
Epoch 80 training time: 66.3130931854248
Epoch 81: Train MSE 0.0020, Validation MSE 0.0032
Epoch 81 training time: 71.49086546897888
Epoch 82: Train MSE 0.0020, Validation MSE 0.0032
Epoch 82 training time: 214.9341311454773
Epoch 83: Train MSE 0.0020, Validation MSE 0.0032
Epoch 83 training time: 202.5757350921631
Epoch 84: Train MSE 0.0020, Validation MSE 0.0032
Epoch 84 training time: 67.94548010826111
Epoch 85: Train MSE 0.0020, Validation MSE 0.0032
Epoch 85 training time: 72.88087463378906
Epoch 86: Train MSE 0.0020, Validation MSE 0.0032
Epoch 86 training time: 72.23235368728638
Epoch 87: Train MSE 0.0020, Validation MSE 0.0032
Epoch 87 training time: 64.56750345230103
Epoch 88: Train MSE 0.0020, Validation MSE 0.0032
Epoch 88 training time: 67.3434112071991
Epoch 89: Train MSE 0.0020, Validation MSE 0.0032
Epoch 89 training time: 54.32417392730713
Epoch 90: Train MSE 0.0020, Validation MSE 0.0032
Epoch 90 training time: 229.17243885993958
Epoch 91: Train MSE 0.0020, Validation MSE 0.0032
Epoch 91 training time: 157.22869277000427
Epoch 92: Train MSE 0.0020, Validation MSE 0.0032
Epoch 92 training time: 42.26411557197571
Epoch 93: Train MSE 0.0020, Validation MSE 0.0032
Epoch 93 training time: 39.44644045829773
Epoch 94: Train MSE 0.0020, Validation MSE 0.0032
Epoch 94 training time: 39.24152159690857
Epoch 95: Train MSE 0.0019, Validation MSE 0.0032
Epoch 95 training time: 39.044203758239746
Epoch 96: Train MSE 0.0019, Validation MSE 0.0032
Epoch 96 training time: 39.31200432777405
Epoch 97: Train MSE 0.0019, Validation MSE 0.0032
Epoch 97 training time: 39.28356432914734
Epoch 98: Train MSE 0.0019, Validation MSE 0.0032
Epoch 98 training time: 37.55664777755737
Epoch 99: Train MSE 0.0019, Validation MSE 0.0032
Epoch 99 training time: 37.57677626609802
Epoch 100: Train MSE 0.0019, Validation MSE 0.0032
Epoch 100 training time: 37.3418927192688
Epoch 101: Train MSE 0.0019, Validation MSE 0.0032
Epoch 101 training time: 37.6008358001709
Epoch 102: Train MSE 0.0019, Validation MSE 0.0032
Epoch 102 training time: 37.540634870529175
Epoch 103: Train MSE 0.0019, Validation MSE 0.0032
Epoch 103 training time: 37.35041332244873
Epoch 104: Train MSE 0.0019, Validation MSE 0.0032
Epoch 104 training time: 37.58033561706543
Epoch 105: Train MSE 0.0019, Validation MSE 0.0032
Epoch 105 training time: 37.53902292251587
Epoch 106: Train MSE 0.0019, Validation MSE 0.0032
Epoch 106 training time: 37.318657875061035
Epoch 107: Train MSE 0.0019, Validation MSE 0.0032
Epoch 107 training time: 37.612425088882446
Epoch 108: Train MSE 0.0019, Validation MSE 0.0031
Epoch 108 training time: 37.462352991104126
Epoch 109: Train MSE 0.0019, Validation MSE 0.0032
Epoch 109 training time: 37.61079216003418
Epoch 110: Train MSE 0.0019, Validation MSE 0.0032
Epoch 110 training time: 37.54770302772522
Epoch 111: Train MSE 0.0019, Validation MSE 0.0032
Epoch 111 training time: 37.33942151069641
Epoch 112: Train MSE 0.0019, Validation MSE 0.0031
Epoch 112 training time: 37.53382062911987
Epoch 113: Train MSE 0.0019, Validation MSE 0.0032
Epoch 113 training time: 37.42810869216919
Epoch 114: Train MSE 0.0019, Validation MSE 0.0031
Epoch 114 training time: 37.55498957633972
Epoch 115: Train MSE 0.0019, Validation MSE 0.0032
Epoch 115 training time: 37.462883949279785
Epoch 116: Train MSE 0.0019, Validation MSE 0.0031
Epoch 116 training time: 37.35044574737549
Epoch 117: Train MSE 0.0019, Validation MSE 0.0032
Epoch 117 training time: 37.56612968444824
Epoch 118: Train MSE 0.0019, Validation MSE 0.0031
Epoch 118 training time: 37.52381777763367
Epoch 119: Train MSE 0.0019, Validation MSE 0.0032
Epoch 119 training time: 37.323073863983154
Epoch 120: Train MSE 0.0019, Validation MSE 0.0032
Epoch 120 training time: 37.60175085067749
Epoch 121: Train MSE 0.0019, Validation MSE 0.0031
Epoch 121 training time: 37.44875168800354
Epoch 122: Train MSE 0.0019, Validation MSE 0.0031
Epoch 122 training time: 37.53905177116394
Epoch 123: Train MSE 0.0019, Validation MSE 0.0031
Epoch 123 training time: 37.574453353881836
Epoch 124: Train MSE 0.0019, Validation MSE 0.0032
Epoch 124 training time: 37.391826152801514
Epoch 125: Train MSE 0.0019, Validation MSE 0.0031
Epoch 125 training time: 37.45772957801819
Epoch 126: Train MSE 0.0019, Validation MSE 0.0031
Epoch 126 training time: 37.588860750198364
Epoch 127: Train MSE 0.0019, Validation MSE 0.0032
Epoch 127 training time: 37.40056753158569
Epoch 128: Train MSE 0.0019, Validation MSE 0.0031
Epoch 128 training time: 45.68009114265442
Epoch 129: Train MSE 0.0019, Validation MSE 0.0031
Epoch 129 training time: 37.4416286945343
Epoch 130: Train MSE 0.0019, Validation MSE 0.0031
Epoch 130 training time: 37.55581974983215
Epoch 131: Train MSE 0.0019, Validation MSE 0.0031
Epoch 131 training time: 37.60415744781494
Epoch 132: Train MSE 0.0019, Validation MSE 0.0031
Epoch 132 training time: 37.38248944282532
Epoch 133: Train MSE 0.0019, Validation MSE 0.0031
Epoch 133 training time: 37.60340881347656
Epoch 134: Train MSE 0.0019, Validation MSE 0.0032
Epoch 134 training time: 37.63098502159119
Epoch 135: Train MSE 0.0019, Validation MSE 0.0031
Epoch 135 training time: 37.36958909034729
Epoch 136: Train MSE 0.0019, Validation MSE 0.0032
Epoch 136 training time: 37.61134123802185
Epoch 137: Train MSE 0.0019, Validation MSE 0.0031
Epoch 137 training time: 37.39263463020325
Epoch 138: Train MSE 0.0019, Validation MSE 0.0031
Epoch 138 training time: 37.51685047149658
Epoch 139: Train MSE 0.0019, Validation MSE 0.0031
Epoch 139 training time: 37.57663154602051
Epoch 140: Train MSE 0.0019, Validation MSE 0.0031
Epoch 140 training time: 37.36592483520508
Epoch 141: Train MSE 0.0019, Validation MSE 0.0031
Epoch 141 training time: 37.609665632247925
Epoch 142: Train MSE 0.0018, Validation MSE 0.0031
Epoch 142 training time: 37.44371938705444
Epoch 143: Train MSE 0.0018, Validation MSE 0.0031
Epoch 143 training time: 37.617111682891846
Epoch 144: Train MSE 0.0018, Validation MSE 0.0031
Epoch 144 training time: 37.52362871170044
Epoch 145: Train MSE 0.0018, Validation MSE 0.0031
Epoch 145 training time: 37.38852143287659
Epoch 146: Train MSE 0.0018, Validation MSE 0.0031
Epoch 146 training time: 37.65132212638855
Epoch 147: Train MSE 0.0018, Validation MSE 0.0031
Epoch 147 training time: 37.5945086479187
Epoch 148: Train MSE 0.0018, Validation MSE 0.0031
Epoch 148 training time: 37.228851079940796
Epoch 149: Train MSE 0.0018, Validation MSE 0.0031
Epoch 149 training time: 37.55571532249451
