nohup: ignoring input
/home/gsm0197/sralab_working/lstm_singleJoint/trial6/lstm.py:120: DeprecationWarning: __array_wrap__ must accept context and return_scalar arguments (positionally) in the future. (Deprecated NumPy 2.0)
  train_rmse = np.sqrt(loss_fn(y_pred, y_train))
/home/gsm0197/sralab_working/lstm_singleJoint/trial6/lstm.py:122: DeprecationWarning: __array_wrap__ must accept context and return_scalar arguments (positionally) in the future. (Deprecated NumPy 2.0)
  test_rmse = np.sqrt(loss_fn(y_pred, y_test))
torch.Size([403283, 50, 1]) torch.Size([403283, 50, 1])
torch.Size([198284, 50, 1]) torch.Size([198284, 50, 1])
Epoch 0: Train RMSE 0.0641, Test RMSE 0.0844
Epoch 1: Train RMSE 0.0578, Test RMSE 0.0803
Epoch 2: Train RMSE 0.0567, Test RMSE 0.0790
Epoch 3: Train RMSE 0.0555, Test RMSE 0.0749
Epoch 4: Train RMSE 0.0552, Test RMSE 0.0738
Epoch 5: Train RMSE 0.0557, Test RMSE 0.0740
Epoch 6: Train RMSE 0.0565, Test RMSE 0.0727
Epoch 7: Train RMSE 0.0543, Test RMSE 0.0741
Epoch 8: Train RMSE 0.0537, Test RMSE 0.0722
Epoch 9: Train RMSE 0.0531, Test RMSE 0.0724
Epoch 10: Train RMSE 0.0545, Test RMSE 0.0742
Epoch 11: Train RMSE 0.0530, Test RMSE 0.0731
Epoch 12: Train RMSE 0.0528, Test RMSE 0.0743
Epoch 13: Train RMSE 0.0524, Test RMSE 0.0730
Epoch 14: Train RMSE 0.0525, Test RMSE 0.0743
Epoch 15: Train RMSE 0.0524, Test RMSE 0.0726
Epoch 16: Train RMSE 0.0522, Test RMSE 0.0718
Epoch 17: Train RMSE 0.0522, Test RMSE 0.0720
Epoch 18: Train RMSE 0.0521, Test RMSE 0.0738
Epoch 19: Train RMSE 0.0515, Test RMSE 0.0722
Epoch 20: Train RMSE 0.0526, Test RMSE 0.0745
Epoch 21: Train RMSE 0.0522, Test RMSE 0.0733
Epoch 22: Train RMSE 0.0513, Test RMSE 0.0716
Epoch 23: Train RMSE 0.0520, Test RMSE 0.0722
Epoch 24: Train RMSE 0.0512, Test RMSE 0.0716
Epoch 25: Train RMSE 0.0518, Test RMSE 0.0709
Epoch 26: Train RMSE 0.0512, Test RMSE 0.0704
Epoch 27: Train RMSE 0.0513, Test RMSE 0.0708
Epoch 28: Train RMSE 0.0510, Test RMSE 0.0705
Epoch 29: Train RMSE 0.0517, Test RMSE 0.0718
Epoch 30: Train RMSE 0.0510, Test RMSE 0.0722
Epoch 31: Train RMSE 0.0509, Test RMSE 0.0717
Epoch 32: Train RMSE 0.0509, Test RMSE 0.0712
Epoch 33: Train RMSE 0.0514, Test RMSE 0.0724
Epoch 34: Train RMSE 0.0507, Test RMSE 0.0717
Epoch 35: Train RMSE 0.0507, Test RMSE 0.0714
Epoch 36: Train RMSE 0.0509, Test RMSE 0.0718
Epoch 37: Train RMSE 0.0506, Test RMSE 0.0705
Epoch 38: Train RMSE 0.0505, Test RMSE 0.0714
Epoch 39: Train RMSE 0.0507, Test RMSE 0.0715
Epoch 40: Train RMSE 0.0506, Test RMSE 0.0701
Epoch 41: Train RMSE 0.0505, Test RMSE 0.0718
Epoch 42: Train RMSE 0.0512, Test RMSE 0.0714
Epoch 43: Train RMSE 0.0503, Test RMSE 0.0720
Epoch 44: Train RMSE 0.0502, Test RMSE 0.0706
Epoch 45: Train RMSE 0.0507, Test RMSE 0.0719
Epoch 46: Train RMSE 0.0500, Test RMSE 0.0709
Epoch 47: Train RMSE 0.0503, Test RMSE 0.0715
Epoch 48: Train RMSE 0.0505, Test RMSE 0.0723
Epoch 49: Train RMSE 0.0505, Test RMSE 0.0713
Epoch 50: Train RMSE 0.0504, Test RMSE 0.0707
Epoch 51: Train RMSE 0.0500, Test RMSE 0.0714
Epoch 52: Train RMSE 0.0501, Test RMSE 0.0718
Epoch 53: Train RMSE 0.0501, Test RMSE 0.0706
Epoch 54: Train RMSE 0.0508, Test RMSE 0.0723
Epoch 55: Train RMSE 0.0507, Test RMSE 0.0738
Epoch 56: Train RMSE 0.0501, Test RMSE 0.0719
Epoch 57: Train RMSE 0.0503, Test RMSE 0.0711
Epoch 58: Train RMSE 0.0501, Test RMSE 0.0715
Epoch 59: Train RMSE 0.0501, Test RMSE 0.0715
Epoch 60: Train RMSE 0.0499, Test RMSE 0.0714
Epoch 61: Train RMSE 0.0500, Test RMSE 0.0717
Epoch 62: Train RMSE 0.0500, Test RMSE 0.0705
Epoch 63: Train RMSE 0.0504, Test RMSE 0.0705
Epoch 64: Train RMSE 0.0501, Test RMSE 0.0708
Epoch 65: Train RMSE 0.0500, Test RMSE 0.0700
Epoch 66: Train RMSE 0.0496, Test RMSE 0.0712
Epoch 67: Train RMSE 0.0507, Test RMSE 0.0706
Epoch 68: Train RMSE 0.0502, Test RMSE 0.0717
Epoch 69: Train RMSE 0.0508, Test RMSE 0.0724
Epoch 70: Train RMSE 0.0498, Test RMSE 0.0694
Epoch 71: Train RMSE 0.0505, Test RMSE 0.0700
Epoch 72: Train RMSE 0.0499, Test RMSE 0.0705
Epoch 73: Train RMSE 0.0496, Test RMSE 0.0715
Epoch 74: Train RMSE 0.0497, Test RMSE 0.0705
Epoch 75: Train RMSE 0.0499, Test RMSE 0.0713
Epoch 76: Train RMSE 0.0498, Test RMSE 0.0717
Epoch 77: Train RMSE 0.0496, Test RMSE 0.0706
Epoch 78: Train RMSE 0.0498, Test RMSE 0.0712
Epoch 79: Train RMSE 0.0499, Test RMSE 0.0712
Epoch 80: Train RMSE 0.0497, Test RMSE 0.0712
Epoch 81: Train RMSE 0.0495, Test RMSE 0.0715
Epoch 82: Train RMSE 0.0501, Test RMSE 0.0712
Epoch 83: Train RMSE 0.0502, Test RMSE 0.0711
Epoch 84: Train RMSE 0.0495, Test RMSE 0.0711
Epoch 85: Train RMSE 0.0494, Test RMSE 0.0710
Epoch 86: Train RMSE 0.0496, Test RMSE 0.0716
Epoch 87: Train RMSE 0.0497, Test RMSE 0.0719
Epoch 88: Train RMSE 0.0497, Test RMSE 0.0704
Epoch 89: Train RMSE 0.0497, Test RMSE 0.0699
Epoch 90: Train RMSE 0.0495, Test RMSE 0.0707
Epoch 91: Train RMSE 0.0494, Test RMSE 0.0706
Epoch 92: Train RMSE 0.0507, Test RMSE 0.0718
Epoch 93: Train RMSE 0.0497, Test RMSE 0.0703
Epoch 94: Train RMSE 0.0501, Test RMSE 0.0720
Epoch 95: Train RMSE 0.0496, Test RMSE 0.0710
Epoch 96: Train RMSE 0.0493, Test RMSE 0.0708
Epoch 97: Train RMSE 0.0497, Test RMSE 0.0716
Epoch 98: Train RMSE 0.0497, Test RMSE 0.0703
Epoch 99: Train RMSE 0.0497, Test RMSE 0.0712
Epoch 100: Train RMSE 0.0495, Test RMSE 0.0714
Epoch 101: Train RMSE 0.0495, Test RMSE 0.0718
Epoch 102: Train RMSE 0.0495, Test RMSE 0.0701
Epoch 103: Train RMSE 0.0495, Test RMSE 0.0706
Epoch 104: Train RMSE 0.0494, Test RMSE 0.0714
Epoch 105: Train RMSE 0.0497, Test RMSE 0.0713
Epoch 106: Train RMSE 0.0493, Test RMSE 0.0711
Epoch 107: Train RMSE 0.0492, Test RMSE 0.0715
Epoch 108: Train RMSE 0.0494, Test RMSE 0.0721
Epoch 109: Train RMSE 0.0494, Test RMSE 0.0718
Epoch 110: Train RMSE 0.0493, Test RMSE 0.0712
Epoch 111: Train RMSE 0.0498, Test RMSE 0.0717
Epoch 112: Train RMSE 0.0493, Test RMSE 0.0707
Epoch 113: Train RMSE 0.0494, Test RMSE 0.0710
Epoch 114: Train RMSE 0.0495, Test RMSE 0.0717
Epoch 115: Train RMSE 0.0492, Test RMSE 0.0710
Epoch 116: Train RMSE 0.0494, Test RMSE 0.0716
Epoch 117: Train RMSE 0.0493, Test RMSE 0.0702
Epoch 118: Train RMSE 0.0492, Test RMSE 0.0704
Epoch 119: Train RMSE 0.0492, Test RMSE 0.0710
Epoch 120: Train RMSE 0.0494, Test RMSE 0.0714
Epoch 121: Train RMSE 0.0492, Test RMSE 0.0712
Epoch 122: Train RMSE 0.0494, Test RMSE 0.0713
Epoch 123: Train RMSE 0.0494, Test RMSE 0.0714
Epoch 124: Train RMSE 0.0493, Test RMSE 0.0718
Epoch 125: Train RMSE 0.0490, Test RMSE 0.0714
Epoch 126: Train RMSE 0.0492, Test RMSE 0.0716
Epoch 127: Train RMSE 0.0493, Test RMSE 0.0701
Epoch 128: Train RMSE 0.0490, Test RMSE 0.0715
Epoch 129: Train RMSE 0.0491, Test RMSE 0.0710
Epoch 130: Train RMSE 0.0493, Test RMSE 0.0717
Epoch 131: Train RMSE 0.0490, Test RMSE 0.0709
Epoch 132: Train RMSE 0.0491, Test RMSE 0.0704
Epoch 133: Train RMSE 0.0492, Test RMSE 0.0722
Epoch 134: Train RMSE 0.0492, Test RMSE 0.0708
Epoch 135: Train RMSE 0.0491, Test RMSE 0.0705
Epoch 136: Train RMSE 0.0493, Test RMSE 0.0724
Epoch 137: Train RMSE 0.0491, Test RMSE 0.0706
Epoch 138: Train RMSE 0.0489, Test RMSE 0.0714
Epoch 139: Train RMSE 0.0491, Test RMSE 0.0715
Epoch 140: Train RMSE 0.0490, Test RMSE 0.0720
Epoch 141: Train RMSE 0.0488, Test RMSE 0.0716
Epoch 142: Train RMSE 0.0492, Test RMSE 0.0712
Epoch 143: Train RMSE 0.0494, Test RMSE 0.0714
Epoch 144: Train RMSE 0.0492, Test RMSE 0.0709
Epoch 145: Train RMSE 0.0491, Test RMSE 0.0721
Epoch 146: Train RMSE 0.0489, Test RMSE 0.0716
Epoch 147: Train RMSE 0.0490, Test RMSE 0.0717
Epoch 148: Train RMSE 0.0490, Test RMSE 0.0717
Epoch 149: Train RMSE 0.0490, Test RMSE 0.0715
Epoch 150: Train RMSE 0.0490, Test RMSE 0.0707
Epoch 151: Train RMSE 0.0489, Test RMSE 0.0712
Epoch 152: Train RMSE 0.0490, Test RMSE 0.0709
Epoch 153: Train RMSE 0.0490, Test RMSE 0.0715
Epoch 154: Train RMSE 0.0490, Test RMSE 0.0715
Epoch 155: Train RMSE 0.0493, Test RMSE 0.0711
Epoch 156: Train RMSE 0.0489, Test RMSE 0.0699
Epoch 157: Train RMSE 0.0490, Test RMSE 0.0722
Epoch 158: Train RMSE 0.0488, Test RMSE 0.0712
Epoch 159: Train RMSE 0.0492, Test RMSE 0.0706
Epoch 160: Train RMSE 0.0489, Test RMSE 0.0718
Epoch 161: Train RMSE 0.0489, Test RMSE 0.0715
Epoch 162: Train RMSE 0.0492, Test RMSE 0.0727
Epoch 163: Train RMSE 0.0488, Test RMSE 0.0727
Epoch 164: Train RMSE 0.0491, Test RMSE 0.0729
Epoch 165: Train RMSE 0.0493, Test RMSE 0.0714
Epoch 166: Train RMSE 0.0489, Test RMSE 0.0715
Epoch 167: Train RMSE 0.0489, Test RMSE 0.0719
Epoch 168: Train RMSE 0.0490, Test RMSE 0.0721
Epoch 169: Train RMSE 0.0486, Test RMSE 0.0704
Epoch 170: Train RMSE 0.0489, Test RMSE 0.0715
Epoch 171: Train RMSE 0.0488, Test RMSE 0.0719
Epoch 172: Train RMSE 0.0488, Test RMSE 0.0721
Epoch 173: Train RMSE 0.0487, Test RMSE 0.0718
Epoch 174: Train RMSE 0.0489, Test RMSE 0.0709
Epoch 175: Train RMSE 0.0490, Test RMSE 0.0723
Epoch 176: Train RMSE 0.0489, Test RMSE 0.0719
Epoch 177: Train RMSE 0.0489, Test RMSE 0.0730
Epoch 178: Train RMSE 0.0490, Test RMSE 0.0724
Epoch 179: Train RMSE 0.0487, Test RMSE 0.0716
Epoch 180: Train RMSE 0.0488, Test RMSE 0.0719
Epoch 181: Train RMSE 0.0487, Test RMSE 0.0717
Epoch 182: Train RMSE 0.0487, Test RMSE 0.0710
Epoch 183: Train RMSE 0.0488, Test RMSE 0.0710
Epoch 184: Train RMSE 0.0489, Test RMSE 0.0724
Epoch 185: Train RMSE 0.0487, Test RMSE 0.0710
Epoch 186: Train RMSE 0.0492, Test RMSE 0.0715
Epoch 187: Train RMSE 0.0490, Test RMSE 0.0712
Epoch 188: Train RMSE 0.0487, Test RMSE 0.0718
Epoch 189: Train RMSE 0.0488, Test RMSE 0.0719
Epoch 190: Train RMSE 0.0487, Test RMSE 0.0720
Epoch 191: Train RMSE 0.0487, Test RMSE 0.0709
Epoch 192: Train RMSE 0.0487, Test RMSE 0.0724
Epoch 193: Train RMSE 0.0490, Test RMSE 0.0718
Epoch 194: Train RMSE 0.0487, Test RMSE 0.0729
Epoch 195: Train RMSE 0.0489, Test RMSE 0.0709
Epoch 196: Train RMSE 0.0487, Test RMSE 0.0718
Epoch 197: Train RMSE 0.0487, Test RMSE 0.0722
Epoch 198: Train RMSE 0.0487, Test RMSE 0.0714
Epoch 199: Train RMSE 0.0489, Test RMSE 0.0714
Epoch 200: Train RMSE 0.0485, Test RMSE 0.0727
Epoch 201: Train RMSE 0.0490, Test RMSE 0.0721
Epoch 202: Train RMSE 0.0488, Test RMSE 0.0718
Epoch 203: Train RMSE 0.0487, Test RMSE 0.0724
Epoch 204: Train RMSE 0.0487, Test RMSE 0.0710
Epoch 205: Train RMSE 0.0485, Test RMSE 0.0720
Epoch 206: Train RMSE 0.0490, Test RMSE 0.0722
Epoch 207: Train RMSE 0.0488, Test RMSE 0.0708
Epoch 208: Train RMSE 0.0486, Test RMSE 0.0719
Epoch 209: Train RMSE 0.0486, Test RMSE 0.0716
Epoch 210: Train RMSE 0.0487, Test RMSE 0.0716
Epoch 211: Train RMSE 0.0488, Test RMSE 0.0727
Epoch 212: Train RMSE 0.0486, Test RMSE 0.0713
Epoch 213: Train RMSE 0.0489, Test RMSE 0.0720
Epoch 214: Train RMSE 0.0486, Test RMSE 0.0713
Epoch 215: Train RMSE 0.0484, Test RMSE 0.0717
Epoch 216: Train RMSE 0.0486, Test RMSE 0.0714
Epoch 217: Train RMSE 0.0489, Test RMSE 0.0710
Epoch 218: Train RMSE 0.0486, Test RMSE 0.0719
Epoch 219: Train RMSE 0.0486, Test RMSE 0.0706
Epoch 220: Train RMSE 0.0484, Test RMSE 0.0714
Epoch 221: Train RMSE 0.0484, Test RMSE 0.0718
Epoch 222: Train RMSE 0.0488, Test RMSE 0.0706
Epoch 223: Train RMSE 0.0490, Test RMSE 0.0706
Epoch 224: Train RMSE 0.0488, Test RMSE 0.0713
Epoch 225: Train RMSE 0.0488, Test RMSE 0.0713
Epoch 226: Train RMSE 0.0485, Test RMSE 0.0714
Epoch 227: Train RMSE 0.0486, Test RMSE 0.0722
Epoch 228: Train RMSE 0.0485, Test RMSE 0.0714
Epoch 229: Train RMSE 0.0487, Test RMSE 0.0726
Epoch 230: Train RMSE 0.0484, Test RMSE 0.0724
Epoch 231: Train RMSE 0.0486, Test RMSE 0.0725
Epoch 232: Train RMSE 0.0486, Test RMSE 0.0716
Epoch 233: Train RMSE 0.0483, Test RMSE 0.0712
Epoch 234: Train RMSE 0.0488, Test RMSE 0.0717
Epoch 235: Train RMSE 0.0485, Test RMSE 0.0718
Epoch 236: Train RMSE 0.0485, Test RMSE 0.0717
Epoch 237: Train RMSE 0.0484, Test RMSE 0.0721
Epoch 238: Train RMSE 0.0483, Test RMSE 0.0717
Epoch 239: Train RMSE 0.0492, Test RMSE 0.0722
Epoch 240: Train RMSE 0.0486, Test RMSE 0.0714
Epoch 241: Train RMSE 0.0485, Test RMSE 0.0718
Epoch 242: Train RMSE 0.0484, Test RMSE 0.0707
Epoch 243: Train RMSE 0.0482, Test RMSE 0.0719
Epoch 244: Train RMSE 0.0486, Test RMSE 0.0714
Epoch 245: Train RMSE 0.0485, Test RMSE 0.0720
Epoch 246: Train RMSE 0.0485, Test RMSE 0.0721
Epoch 247: Train RMSE 0.0484, Test RMSE 0.0710
Epoch 248: Train RMSE 0.0485, Test RMSE 0.0717
Epoch 249: Train RMSE 0.0482, Test RMSE 0.0715
Epoch 250: Train RMSE 0.0484, Test RMSE 0.0722
Epoch 251: Train RMSE 0.0487, Test RMSE 0.0717
Epoch 252: Train RMSE 0.0484, Test RMSE 0.0717
Epoch 253: Train RMSE 0.0485, Test RMSE 0.0719
Epoch 254: Train RMSE 0.0483, Test RMSE 0.0729
Epoch 255: Train RMSE 0.0487, Test RMSE 0.0726
Epoch 256: Train RMSE 0.0482, Test RMSE 0.0724
Epoch 257: Train RMSE 0.0483, Test RMSE 0.0723
Epoch 258: Train RMSE 0.0485, Test RMSE 0.0710
Epoch 259: Train RMSE 0.0482, Test RMSE 0.0708
Epoch 260: Train RMSE 0.0495, Test RMSE 0.0736
Epoch 261: Train RMSE 0.0483, Test RMSE 0.0716
Epoch 262: Train RMSE 0.0486, Test RMSE 0.0722
Epoch 263: Train RMSE 0.0483, Test RMSE 0.0717
Epoch 264: Train RMSE 0.0484, Test RMSE 0.0728
Epoch 265: Train RMSE 0.0487, Test RMSE 0.0717
Epoch 266: Train RMSE 0.0485, Test RMSE 0.0720
Epoch 267: Train RMSE 0.0484, Test RMSE 0.0717
Epoch 268: Train RMSE 0.0483, Test RMSE 0.0727
Epoch 269: Train RMSE 0.0482, Test RMSE 0.0713
Epoch 270: Train RMSE 0.0482, Test RMSE 0.0722
Epoch 271: Train RMSE 0.0483, Test RMSE 0.0722
Epoch 272: Train RMSE 0.0483, Test RMSE 0.0723
Epoch 273: Train RMSE 0.0483, Test RMSE 0.0720
Epoch 274: Train RMSE 0.0485, Test RMSE 0.0718
Epoch 275: Train RMSE 0.0483, Test RMSE 0.0716
Epoch 276: Train RMSE 0.0483, Test RMSE 0.0723
Epoch 277: Train RMSE 0.0488, Test RMSE 0.0718
Epoch 278: Train RMSE 0.0484, Test RMSE 0.0716
Epoch 279: Train RMSE 0.0487, Test RMSE 0.0724
Epoch 280: Train RMSE 0.0483, Test RMSE 0.0718
Epoch 281: Train RMSE 0.0482, Test RMSE 0.0711
Epoch 282: Train RMSE 0.0483, Test RMSE 0.0719
Epoch 283: Train RMSE 0.0487, Test RMSE 0.0704
Epoch 284: Train RMSE 0.0485, Test RMSE 0.0723
Epoch 285: Train RMSE 0.0483, Test RMSE 0.0722
Epoch 286: Train RMSE 0.0541, Test RMSE 0.0741
Epoch 287: Train RMSE 0.0512, Test RMSE 0.0722
Epoch 288: Train RMSE 0.0505, Test RMSE 0.0722
Epoch 289: Train RMSE 0.0507, Test RMSE 0.0720
Epoch 290: Train RMSE 0.0500, Test RMSE 0.0713
Epoch 291: Train RMSE 0.0495, Test RMSE 0.0716
Epoch 292: Train RMSE 0.0496, Test RMSE 0.0718
Epoch 293: Train RMSE 0.0491, Test RMSE 0.0726
Epoch 294: Train RMSE 0.0491, Test RMSE 0.0716
Epoch 295: Train RMSE 0.0492, Test RMSE 0.0712
Epoch 296: Train RMSE 0.0493, Test RMSE 0.0704
Epoch 297: Train RMSE 0.0489, Test RMSE 0.0717
Epoch 298: Train RMSE 0.0490, Test RMSE 0.0720
Epoch 299: Train RMSE 0.0489, Test RMSE 0.0716
Epoch 300: Train RMSE 0.0490, Test RMSE 0.0714
Epoch 301: Train RMSE 0.0488, Test RMSE 0.0721
Epoch 302: Train RMSE 0.0488, Test RMSE 0.0706
Epoch 303: Train RMSE 0.0488, Test RMSE 0.0726
Epoch 304: Train RMSE 0.0487, Test RMSE 0.0728
Epoch 305: Train RMSE 0.0488, Test RMSE 0.0719
Epoch 306: Train RMSE 0.0486, Test RMSE 0.0720
Epoch 307: Train RMSE 0.0487, Test RMSE 0.0728
Epoch 308: Train RMSE 0.0490, Test RMSE 0.0719
Epoch 309: Train RMSE 0.0487, Test RMSE 0.0708
Epoch 310: Train RMSE 0.0487, Test RMSE 0.0718
Epoch 311: Train RMSE 0.0488, Test RMSE 0.0723
Epoch 312: Train RMSE 0.0489, Test RMSE 0.0735
Epoch 313: Train RMSE 0.0486, Test RMSE 0.0716
Epoch 314: Train RMSE 0.0487, Test RMSE 0.0714
Epoch 315: Train RMSE 0.0487, Test RMSE 0.0712
Epoch 316: Train RMSE 0.0488, Test RMSE 0.0722
Epoch 317: Train RMSE 0.0485, Test RMSE 0.0721
Epoch 318: Train RMSE 0.0485, Test RMSE 0.0711
Epoch 319: Train RMSE 0.0491, Test RMSE 0.0724
Epoch 320: Train RMSE 0.0487, Test RMSE 0.0716
Epoch 321: Train RMSE 0.0485, Test RMSE 0.0715
Epoch 322: Train RMSE 0.0486, Test RMSE 0.0710
Epoch 323: Train RMSE 0.0485, Test RMSE 0.0711
Epoch 324: Train RMSE 0.0484, Test RMSE 0.0721
Epoch 325: Train RMSE 0.0485, Test RMSE 0.0721
Epoch 326: Train RMSE 0.0486, Test RMSE 0.0712
Epoch 327: Train RMSE 0.0484, Test RMSE 0.0725
Epoch 328: Train RMSE 0.0486, Test RMSE 0.0720
Epoch 329: Train RMSE 0.0486, Test RMSE 0.0715
Epoch 330: Train RMSE 0.0484, Test RMSE 0.0722
Epoch 331: Train RMSE 0.0485, Test RMSE 0.0709
Epoch 332: Train RMSE 0.0488, Test RMSE 0.0721
Epoch 333: Train RMSE 0.0486, Test RMSE 0.0724
Epoch 334: Train RMSE 0.0489, Test RMSE 0.0712
Epoch 335: Train RMSE 0.0483, Test RMSE 0.0716
Epoch 336: Train RMSE 0.0496, Test RMSE 0.0722
Epoch 337: Train RMSE 0.0487, Test RMSE 0.0718
Epoch 338: Train RMSE 0.0485, Test RMSE 0.0712
Epoch 339: Train RMSE 0.0485, Test RMSE 0.0721
Epoch 340: Train RMSE 0.0485, Test RMSE 0.0721
Epoch 341: Train RMSE 0.0486, Test RMSE 0.0711
Epoch 342: Train RMSE 0.0485, Test RMSE 0.0727
Epoch 343: Train RMSE 0.0487, Test RMSE 0.0724
Epoch 344: Train RMSE 0.0483, Test RMSE 0.0719
Epoch 345: Train RMSE 0.0485, Test RMSE 0.0713
Epoch 346: Train RMSE 0.0484, Test RMSE 0.0716
Epoch 347: Train RMSE 0.0482, Test RMSE 0.0709
Epoch 348: Train RMSE 0.0485, Test RMSE 0.0717
Epoch 349: Train RMSE 0.0484, Test RMSE 0.0722
Epoch 350: Train RMSE 0.0483, Test RMSE 0.0718
Epoch 351: Train RMSE 0.0483, Test RMSE 0.0718
Epoch 352: Train RMSE 0.0483, Test RMSE 0.0712
Epoch 353: Train RMSE 0.0482, Test RMSE 0.0723
Epoch 354: Train RMSE 0.0487, Test RMSE 0.0720
Epoch 355: Train RMSE 0.0485, Test RMSE 0.0713
Epoch 356: Train RMSE 0.0480, Test RMSE 0.0718
Epoch 357: Train RMSE 0.0482, Test RMSE 0.0720
Epoch 358: Train RMSE 0.0481, Test RMSE 0.0715
Epoch 359: Train RMSE 0.0482, Test RMSE 0.0719
Epoch 360: Train RMSE 0.0483, Test RMSE 0.0720
Epoch 361: Train RMSE 0.0483, Test RMSE 0.0719
Epoch 362: Train RMSE 0.0483, Test RMSE 0.0717
Epoch 363: Train RMSE 0.0491, Test RMSE 0.0725
Epoch 364: Train RMSE 0.0484, Test RMSE 0.0717
Epoch 365: Train RMSE 0.0481, Test RMSE 0.0712
Epoch 366: Train RMSE 0.0485, Test RMSE 0.0711
Epoch 367: Train RMSE 0.0486, Test RMSE 0.0706
Epoch 368: Train RMSE 0.0483, Test RMSE 0.0728
Epoch 369: Train RMSE 0.0481, Test RMSE 0.0719
Epoch 370: Train RMSE 0.0485, Test RMSE 0.0708
Epoch 371: Train RMSE 0.0484, Test RMSE 0.0720
Epoch 372: Train RMSE 0.0485, Test RMSE 0.0734
Epoch 373: Train RMSE 0.0482, Test RMSE 0.0714
Epoch 374: Train RMSE 0.0481, Test RMSE 0.0713
Epoch 375: Train RMSE 0.0872, Test RMSE 0.0977
Epoch 376: Train RMSE 0.0860, Test RMSE 0.0987
Epoch 377: Train RMSE 0.0894, Test RMSE 0.0984
Epoch 378: Train RMSE 0.0842, Test RMSE 0.0978
Epoch 379: Train RMSE 0.0892, Test RMSE 0.1012
Epoch 380: Train RMSE 0.0934, Test RMSE 0.1044
Epoch 381: Train RMSE 0.0965, Test RMSE 0.1059
Epoch 382: Train RMSE 0.1060, Test RMSE 0.1123
Epoch 383: Train RMSE 0.1132, Test RMSE 0.1197
Epoch 384: Train RMSE 0.1020, Test RMSE 0.1098
Epoch 385: Train RMSE 0.1125, Test RMSE 0.1217
Epoch 386: Train RMSE 0.1039, Test RMSE 0.1134
Epoch 387: Train RMSE 0.1077, Test RMSE 0.1187
Epoch 388: Train RMSE 0.1059, Test RMSE 0.1146
Epoch 389: Train RMSE 0.1126, Test RMSE 0.1209
Epoch 390: Train RMSE 0.1141, Test RMSE 0.1238
Epoch 391: Train RMSE 0.1290, Test RMSE 0.1409
Epoch 392: Train RMSE 0.1182, Test RMSE 0.1268
Epoch 393: Train RMSE 0.1145, Test RMSE 0.1241
Epoch 394: Train RMSE 0.1135, Test RMSE 0.1236
Epoch 395: Train RMSE 0.1050, Test RMSE 0.1164
Epoch 396: Train RMSE 0.1117, Test RMSE 0.1237
Epoch 397: Train RMSE 0.0953, Test RMSE 0.1098
Epoch 398: Train RMSE 0.1074, Test RMSE 0.1202
Epoch 399: Train RMSE 0.1082, Test RMSE 0.1218
Epoch 400: Train RMSE 0.1044, Test RMSE 0.1145
Epoch 401: Train RMSE 0.0995, Test RMSE 0.1101
Epoch 402: Train RMSE 0.1017, Test RMSE 0.1131
Epoch 403: Train RMSE 0.1064, Test RMSE 0.1202
Epoch 404: Train RMSE 0.1122, Test RMSE 0.1248
Epoch 405: Train RMSE 0.1110, Test RMSE 0.1239
Epoch 406: Train RMSE 0.1113, Test RMSE 0.1239
Epoch 407: Train RMSE 0.1099, Test RMSE 0.1186
Epoch 408: Train RMSE 0.0996, Test RMSE 0.1112
Epoch 409: Train RMSE 0.0995, Test RMSE 0.1126
Epoch 410: Train RMSE 0.1035, Test RMSE 0.1149
Epoch 411: Train RMSE 0.0966, Test RMSE 0.1118
Epoch 412: Train RMSE 0.0993, Test RMSE 0.1088
Epoch 413: Train RMSE 0.0939, Test RMSE 0.1032
Epoch 414: Train RMSE 0.1011, Test RMSE 0.1091
Epoch 415: Train RMSE 0.1023, Test RMSE 0.1140
Epoch 416: Train RMSE 0.1074, Test RMSE 0.1202
Epoch 417: Train RMSE 0.0999, Test RMSE 0.1140
Epoch 418: Train RMSE 0.0941, Test RMSE 0.1003
Epoch 419: Train RMSE 0.0922, Test RMSE 0.0977
Epoch 420: Train RMSE 0.0910, Test RMSE 0.0984
Epoch 421: Train RMSE 0.0919, Test RMSE 0.1008
Epoch 422: Train RMSE 0.0827, Test RMSE 0.0957
Epoch 423: Train RMSE 0.0800, Test RMSE 0.0918
Epoch 424: Train RMSE 0.0886, Test RMSE 0.0969
Epoch 425: Train RMSE 0.0856, Test RMSE 0.0963
Epoch 426: Train RMSE 0.0784, Test RMSE 0.0907
Epoch 427: Train RMSE 0.0794, Test RMSE 0.0888
Epoch 428: Train RMSE 0.0736, Test RMSE 0.0844
Epoch 429: Train RMSE 0.0756, Test RMSE 0.0928
Epoch 430: Train RMSE 0.0681, Test RMSE 0.0845
Epoch 431: Train RMSE 0.0622, Test RMSE 0.0816
Epoch 432: Train RMSE 0.0619, Test RMSE 0.0802
Epoch 433: Train RMSE 0.0589, Test RMSE 0.0788
Epoch 434: Train RMSE 0.0590, Test RMSE 0.0784
Epoch 435: Train RMSE 0.0553, Test RMSE 0.0758
Epoch 436: Train RMSE 0.0545, Test RMSE 0.0767
Epoch 437: Train RMSE 0.0550, Test RMSE 0.0747
Epoch 438: Train RMSE 0.0552, Test RMSE 0.0751
Epoch 439: Train RMSE 0.0537, Test RMSE 0.0755
Epoch 440: Train RMSE 0.0548, Test RMSE 0.0766
Epoch 441: Train RMSE 0.0540, Test RMSE 0.0744
Epoch 442: Train RMSE 0.0535, Test RMSE 0.0744
Epoch 443: Train RMSE 0.0527, Test RMSE 0.0733
Epoch 444: Train RMSE 0.0528, Test RMSE 0.0720
Epoch 445: Train RMSE 0.0525, Test RMSE 0.0724
Epoch 446: Train RMSE 0.0527, Test RMSE 0.0735
Epoch 447: Train RMSE 0.0521, Test RMSE 0.0732
Epoch 448: Train RMSE 0.0529, Test RMSE 0.0733
Epoch 449: Train RMSE 0.0533, Test RMSE 0.0705
Epoch 450: Train RMSE 0.0528, Test RMSE 0.0743
Epoch 451: Train RMSE 0.0523, Test RMSE 0.0718
Epoch 452: Train RMSE 0.0522, Test RMSE 0.0730
Epoch 453: Train RMSE 0.0522, Test RMSE 0.0723
Epoch 454: Train RMSE 0.0519, Test RMSE 0.0730
Epoch 455: Train RMSE 0.0520, Test RMSE 0.0721
Epoch 456: Train RMSE 0.0514, Test RMSE 0.0722
Epoch 457: Train RMSE 0.0516, Test RMSE 0.0728
Epoch 458: Train RMSE 0.0514, Test RMSE 0.0724
Epoch 459: Train RMSE 0.0518, Test RMSE 0.0734
Epoch 460: Train RMSE 0.0513, Test RMSE 0.0718
Epoch 461: Train RMSE 0.0511, Test RMSE 0.0713
Epoch 462: Train RMSE 0.0513, Test RMSE 0.0727
Epoch 463: Train RMSE 0.0521, Test RMSE 0.0708
Epoch 464: Train RMSE 0.0512, Test RMSE 0.0720
Epoch 465: Train RMSE 0.0516, Test RMSE 0.0741
Epoch 466: Train RMSE 0.0510, Test RMSE 0.0720
Epoch 467: Train RMSE 0.0509, Test RMSE 0.0707
Epoch 468: Train RMSE 0.0510, Test RMSE 0.0721
Epoch 469: Train RMSE 0.0511, Test RMSE 0.0715
Epoch 470: Train RMSE 0.0509, Test RMSE 0.0721
Epoch 471: Train RMSE 0.0508, Test RMSE 0.0718
Epoch 472: Train RMSE 0.0506, Test RMSE 0.0712
Epoch 473: Train RMSE 0.0509, Test RMSE 0.0708
Epoch 474: Train RMSE 0.0510, Test RMSE 0.0717
Epoch 475: Train RMSE 0.0508, Test RMSE 0.0713
Epoch 476: Train RMSE 0.0506, Test RMSE 0.0718
Epoch 477: Train RMSE 0.0506, Test RMSE 0.0713
Epoch 478: Train RMSE 0.0515, Test RMSE 0.0736
Epoch 479: Train RMSE 0.0507, Test RMSE 0.0714
Epoch 480: Train RMSE 0.0507, Test RMSE 0.0725
Epoch 481: Train RMSE 0.0507, Test RMSE 0.0714
Epoch 482: Train RMSE 0.0508, Test RMSE 0.0724
Epoch 483: Train RMSE 0.0504, Test RMSE 0.0716
Epoch 484: Train RMSE 0.0515, Test RMSE 0.0723
Epoch 485: Train RMSE 0.0507, Test RMSE 0.0714
Epoch 486: Train RMSE 0.0508, Test RMSE 0.0720
Epoch 487: Train RMSE 0.0506, Test RMSE 0.0713
Epoch 488: Train RMSE 0.0503, Test RMSE 0.0717
Epoch 489: Train RMSE 0.0505, Test RMSE 0.0720
Epoch 490: Train RMSE 0.0506, Test RMSE 0.0717
Epoch 491: Train RMSE 0.0504, Test RMSE 0.0718
Epoch 492: Train RMSE 0.0505, Test RMSE 0.0720
Epoch 493: Train RMSE 0.0503, Test RMSE 0.0710
Epoch 494: Train RMSE 0.0504, Test RMSE 0.0712
Epoch 495: Train RMSE 0.0504, Test RMSE 0.0702
Epoch 496: Train RMSE 0.0500, Test RMSE 0.0710
Epoch 497: Train RMSE 0.0505, Test RMSE 0.0707
Epoch 498: Train RMSE 0.0501, Test RMSE 0.0714
Epoch 499: Train RMSE 0.0504, Test RMSE 0.0717
