/home/gsm0197/sralab_working/lstm_FullData/trial10/jt1_pos/lstm.py:48: UserWarning: Creating a tensor from a list of numpy.ndarrays is extremely slow. Please consider converting the list to a single numpy.ndarray with numpy.array() before converting to a tensor. (Triggered internally at /pytorch/torch/csrc/utils/tensor_new.cpp:254.)
  return torch.tensor(X, dtype=torch.float32), torch.tensor(y, dtype=torch.float32)
Using device: cuda
Training data shape: (3440201, 19)
Validation data shape: (982916, 19)
torch.Size([344013, 50, 8]) torch.Size([344013, 50, 1])
torch.Size([98285, 50, 8]) torch.Size([98285, 50, 1])
Epoch 0: Train MSE 0.1398, Validation MSE 0.1145
Epoch 0 training time: 91.07264137268066
Epoch 1: Train MSE 0.0900, Validation MSE 0.0627
Epoch 1 training time: 77.8668601512909
Epoch 2: Train MSE 0.0455, Validation MSE 0.0296
Epoch 2 training time: 137.48418259620667
Epoch 3: Train MSE 0.0261, Validation MSE 0.0241
Epoch 3 training time: 73.48733949661255
Epoch 4: Train MSE 0.0216, Validation MSE 0.0218
Epoch 4 training time: 50.73978781700134
Epoch 5: Train MSE 0.0193, Validation MSE 0.0197
Epoch 5 training time: 120.85959839820862
Epoch 6: Train MSE 0.0173, Validation MSE 0.0175
Epoch 6 training time: 82.84092783927917
Epoch 7: Train MSE 0.0152, Validation MSE 0.0152
Epoch 7 training time: 143.43873381614685
Epoch 8: Train MSE 0.0131, Validation MSE 0.0129
Epoch 8 training time: 150.85861921310425
Epoch 9: Train MSE 0.0111, Validation MSE 0.0109
Epoch 9 training time: 130.4316704273224
Epoch 10: Train MSE 0.0096, Validation MSE 0.0097
Epoch 10 training time: 136.59085893630981
Epoch 11: Train MSE 0.0087, Validation MSE 0.0089
Epoch 11 training time: 148.00728726387024
Epoch 12: Train MSE 0.0081, Validation MSE 0.0083
Epoch 12 training time: 149.6084849834442
Epoch 13: Train MSE 0.0076, Validation MSE 0.0079
Epoch 13 training time: 52.56718921661377
Epoch 14: Train MSE 0.0072, Validation MSE 0.0076
Epoch 14 training time: 139.14026474952698
Epoch 15: Train MSE 0.0069, Validation MSE 0.0073
Epoch 15 training time: 83.75913596153259
Epoch 16: Train MSE 0.0066, Validation MSE 0.0071
Epoch 16 training time: 63.84397220611572
Epoch 17: Train MSE 0.0064, Validation MSE 0.0069
Epoch 17 training time: 27.855579137802124
Epoch 18: Train MSE 0.0062, Validation MSE 0.0067
Epoch 18 training time: 92.26823592185974
Epoch 19: Train MSE 0.0060, Validation MSE 0.0065
Epoch 19 training time: 65.65409541130066
Epoch 20: Train MSE 0.0059, Validation MSE 0.0064
Epoch 20 training time: 30.86923050880432
Epoch 21: Train MSE 0.0057, Validation MSE 0.0062
Epoch 21 training time: 128.54086303710938
Epoch 22: Train MSE 0.0056, Validation MSE 0.0061
Epoch 22 training time: 76.37354040145874
Epoch 23: Train MSE 0.0055, Validation MSE 0.0060
Epoch 23 training time: 32.30771470069885
Epoch 24: Train MSE 0.0054, Validation MSE 0.0059
Epoch 24 training time: 125.58920550346375
Epoch 25: Train MSE 0.0053, Validation MSE 0.0058
Epoch 25 training time: 33.76779770851135
Epoch 26: Train MSE 0.0052, Validation MSE 0.0057
Epoch 26 training time: 50.45738458633423
Epoch 27: Train MSE 0.0051, Validation MSE 0.0056
Epoch 27 training time: 136.5428991317749
Epoch 28: Train MSE 0.0051, Validation MSE 0.0056
Epoch 28 training time: 83.77413058280945
Epoch 29: Train MSE 0.0050, Validation MSE 0.0055
Epoch 29 training time: 133.07776141166687
Epoch 30: Train MSE 0.0049, Validation MSE 0.0054
Epoch 30 training time: 129.90843772888184
Epoch 31: Train MSE 0.0049, Validation MSE 0.0054
Epoch 31 training time: 130.52144241333008
Epoch 32: Train MSE 0.0048, Validation MSE 0.0054
Epoch 32 training time: 93.99344897270203
Epoch 33: Train MSE 0.0048, Validation MSE 0.0053
Epoch 33 training time: 92.31552314758301
Epoch 34: Train MSE 0.0047, Validation MSE 0.0053
Epoch 34 training time: 102.6395103931427
Epoch 35: Train MSE 0.0047, Validation MSE 0.0052
Epoch 35 training time: 110.90821528434753
Epoch 36: Train MSE 0.0046, Validation MSE 0.0051
Epoch 36 training time: 104.75051975250244
Epoch 37: Train MSE 0.0046, Validation MSE 0.0051
Epoch 37 training time: 115.34914803504944
Epoch 38: Train MSE 0.0046, Validation MSE 0.0051
Epoch 38 training time: 120.31208896636963
Epoch 39: Train MSE 0.0045, Validation MSE 0.0051
Epoch 39 training time: 86.80465817451477
Epoch 40: Train MSE 0.0045, Validation MSE 0.0050
Epoch 40 training time: 36.45697212219238
Epoch 41: Train MSE 0.0045, Validation MSE 0.0050
Epoch 41 training time: 27.455727100372314
Epoch 42: Train MSE 0.0044, Validation MSE 0.0050
Epoch 42 training time: 116.2637665271759
Epoch 43: Train MSE 0.0044, Validation MSE 0.0050
Epoch 43 training time: 26.43121099472046
Epoch 44: Train MSE 0.0044, Validation MSE 0.0049
Epoch 44 training time: 109.52492547035217
Epoch 45: Train MSE 0.0044, Validation MSE 0.0049
Epoch 45 training time: 94.80852842330933
Epoch 46: Train MSE 0.0043, Validation MSE 0.0049
Epoch 46 training time: 44.18038058280945
Epoch 47: Train MSE 0.0043, Validation MSE 0.0049
Epoch 47 training time: 110.72442293167114
Epoch 48: Train MSE 0.0043, Validation MSE 0.0049
Epoch 48 training time: 51.99993276596069
Epoch 49: Train MSE 0.0043, Validation MSE 0.0049
Epoch 49 training time: 24.701018810272217
Epoch 50: Train MSE 0.0043, Validation MSE 0.0048
Epoch 50 training time: 115.66513228416443
Epoch 51: Train MSE 0.0042, Validation MSE 0.0048
Epoch 51 training time: 117.2300329208374
Epoch 52: Train MSE 0.0042, Validation MSE 0.0048
Epoch 52 training time: 93.35176944732666
Epoch 53: Train MSE 0.0042, Validation MSE 0.0047
Epoch 53 training time: 135.91624331474304
Epoch 54: Train MSE 0.0042, Validation MSE 0.0047
Epoch 54 training time: 123.92852115631104
Epoch 55: Train MSE 0.0042, Validation MSE 0.0047
Epoch 55 training time: 111.61191701889038
Epoch 56: Train MSE 0.0041, Validation MSE 0.0047
Epoch 56 training time: 103.75112128257751
Epoch 57: Train MSE 0.0041, Validation MSE 0.0047
Epoch 57 training time: 139.59386277198792
Epoch 58: Train MSE 0.0041, Validation MSE 0.0047
Epoch 58 training time: 88.43274092674255
Epoch 59: Train MSE 0.0041, Validation MSE 0.0047
Epoch 59 training time: 113.62119770050049
Epoch 60: Train MSE 0.0041, Validation MSE 0.0047
Epoch 60 training time: 128.89923787117004
Epoch 61: Train MSE 0.0041, Validation MSE 0.0046
Epoch 61 training time: 98.8842625617981
Epoch 62: Train MSE 0.0040, Validation MSE 0.0046
Epoch 62 training time: 118.85806846618652
Epoch 63: Train MSE 0.0040, Validation MSE 0.0046
Epoch 63 training time: 40.64545965194702
Epoch 64: Train MSE 0.0040, Validation MSE 0.0046
Epoch 64 training time: 63.59666419029236
Epoch 65: Train MSE 0.0040, Validation MSE 0.0046
Epoch 65 training time: 72.36617970466614
Epoch 66: Train MSE 0.0040, Validation MSE 0.0046
Epoch 66 training time: 100.46413278579712
Epoch 67: Train MSE 0.0040, Validation MSE 0.0045
Epoch 67 training time: 106.31506586074829
Epoch 68: Train MSE 0.0040, Validation MSE 0.0045
Epoch 68 training time: 65.53248643875122
Epoch 69: Train MSE 0.0039, Validation MSE 0.0046
Epoch 69 training time: 29.0536367893219
Epoch 70: Train MSE 0.0039, Validation MSE 0.0045
Epoch 70 training time: 89.89063453674316
Epoch 71: Train MSE 0.0039, Validation MSE 0.0045
Epoch 71 training time: 34.50447392463684
Epoch 72: Train MSE 0.0039, Validation MSE 0.0045
Epoch 72 training time: 111.28001999855042
Epoch 73: Train MSE 0.0039, Validation MSE 0.0045
Epoch 73 training time: 147.91461753845215
Epoch 74: Train MSE 0.0039, Validation MSE 0.0045
Epoch 74 training time: 90.56934261322021
Epoch 75: Train MSE 0.0039, Validation MSE 0.0045
Epoch 75 training time: 152.74514245986938
Epoch 76: Train MSE 0.0039, Validation MSE 0.0044
Epoch 76 training time: 117.26074624061584
Epoch 77: Train MSE 0.0039, Validation MSE 0.0045
Epoch 77 training time: 108.96735501289368
Epoch 78: Train MSE 0.0038, Validation MSE 0.0045
Epoch 78 training time: 104.33295440673828
Epoch 79: Train MSE 0.0038, Validation MSE 0.0044
Epoch 79 training time: 33.64210295677185
Epoch 80: Train MSE 0.0038, Validation MSE 0.0044
Epoch 80 training time: 96.64813089370728
Epoch 81: Train MSE 0.0038, Validation MSE 0.0044
Epoch 81 training time: 67.42013263702393
Epoch 82: Train MSE 0.0038, Validation MSE 0.0044
Epoch 82 training time: 69.2206163406372
Epoch 83: Train MSE 0.0038, Validation MSE 0.0044
Epoch 83 training time: 71.55455374717712
Epoch 84: Train MSE 0.0038, Validation MSE 0.0044
Epoch 84 training time: 85.99506330490112
Epoch 85: Train MSE 0.0038, Validation MSE 0.0043
Epoch 85 training time: 48.74390482902527
Epoch 86: Train MSE 0.0038, Validation MSE 0.0044
Epoch 86 training time: 13.158568620681763
Epoch 87: Train MSE 0.0038, Validation MSE 0.0044
Epoch 87 training time: 32.93271470069885
Epoch 88: Train MSE 0.0037, Validation MSE 0.0044
Epoch 88 training time: 65.24387407302856
Epoch 89: Train MSE 0.0037, Validation MSE 0.0044
Epoch 89 training time: 78.27749919891357
Epoch 90: Train MSE 0.0037, Validation MSE 0.0044
Epoch 90 training time: 67.55816388130188
Epoch 91: Train MSE 0.0037, Validation MSE 0.0043
Epoch 91 training time: 22.143102407455444
Epoch 92: Train MSE 0.0037, Validation MSE 0.0043
Epoch 92 training time: 21.10983943939209
Epoch 93: Train MSE 0.0037, Validation MSE 0.0043
Epoch 93 training time: 31.654855012893677
Epoch 94: Train MSE 0.0037, Validation MSE 0.0043
Epoch 94 training time: 31.67081117630005
Epoch 95: Train MSE 0.0037, Validation MSE 0.0043
Epoch 95 training time: 24.97399353981018
Epoch 96: Train MSE 0.0037, Validation MSE 0.0043
Epoch 96 training time: 93.60648727416992
Epoch 97: Train MSE 0.0037, Validation MSE 0.0043
Epoch 97 training time: 123.25803208351135
Epoch 98: Train MSE 0.0037, Validation MSE 0.0043
Epoch 98 training time: 52.54429221153259
Epoch 99: Train MSE 0.0037, Validation MSE 0.0042
Epoch 99 training time: 34.23032283782959
Epoch 100: Train MSE 0.0037, Validation MSE 0.0043
Epoch 100 training time: 21.2581787109375
Epoch 101: Train MSE 0.0037, Validation MSE 0.0043
Epoch 101 training time: 69.52073860168457
Epoch 102: Train MSE 0.0036, Validation MSE 0.0043
Epoch 102 training time: 30.03700280189514
Epoch 103: Train MSE 0.0036, Validation MSE 0.0042
Epoch 103 training time: 76.61104130744934
Epoch 104: Train MSE 0.0036, Validation MSE 0.0043
Epoch 104 training time: 65.51043581962585
Epoch 105: Train MSE 0.0036, Validation MSE 0.0042
Epoch 105 training time: 83.5849871635437
Epoch 106: Train MSE 0.0036, Validation MSE 0.0043
Epoch 106 training time: 86.34681034088135
Epoch 107: Train MSE 0.0036, Validation MSE 0.0042
Epoch 107 training time: 45.892741680145264
Epoch 108: Train MSE 0.0036, Validation MSE 0.0042
Epoch 108 training time: 37.21300506591797
Epoch 109: Train MSE 0.0036, Validation MSE 0.0042
Epoch 109 training time: 49.873244285583496
Epoch 110: Train MSE 0.0036, Validation MSE 0.0042
Epoch 110 training time: 66.09063196182251
Epoch 111: Train MSE 0.0036, Validation MSE 0.0042
Epoch 111 training time: 25.909968852996826
Epoch 112: Train MSE 0.0036, Validation MSE 0.0042
Epoch 112 training time: 25.951207399368286
Epoch 113: Train MSE 0.0036, Validation MSE 0.0042
Epoch 113 training time: 130.32345819473267
Epoch 114: Train MSE 0.0036, Validation MSE 0.0042
Epoch 114 training time: 111.13178420066833
Epoch 115: Train MSE 0.0036, Validation MSE 0.0042
Epoch 115 training time: 44.38937973976135
Epoch 116: Train MSE 0.0036, Validation MSE 0.0042
Epoch 116 training time: 58.80009841918945
Epoch 117: Train MSE 0.0036, Validation MSE 0.0042
Epoch 117 training time: 53.88874650001526
Epoch 118: Train MSE 0.0036, Validation MSE 0.0042
Epoch 118 training time: 52.00968790054321
Epoch 119: Train MSE 0.0035, Validation MSE 0.0041
Epoch 119 training time: 100.5979208946228
Epoch 120: Train MSE 0.0035, Validation MSE 0.0041
Epoch 120 training time: 55.25323414802551
Epoch 121: Train MSE 0.0035, Validation MSE 0.0041
Epoch 121 training time: 65.94154024124146
Epoch 122: Train MSE 0.0035, Validation MSE 0.0042
Epoch 122 training time: 57.01007294654846
Epoch 123: Train MSE 0.0035, Validation MSE 0.0041
Epoch 123 training time: 47.301880836486816
Epoch 124: Train MSE 0.0035, Validation MSE 0.0041
Epoch 124 training time: 77.86855220794678
Epoch 125: Train MSE 0.0035, Validation MSE 0.0041
Epoch 125 training time: 41.35395526885986
Epoch 126: Train MSE 0.0035, Validation MSE 0.0041
Epoch 126 training time: 74.9511022567749
Epoch 127: Train MSE 0.0035, Validation MSE 0.0041
Epoch 127 training time: 33.29480051994324
Epoch 128: Train MSE 0.0035, Validation MSE 0.0041
Epoch 128 training time: 20.47962784767151
Epoch 129: Train MSE 0.0035, Validation MSE 0.0041
Epoch 129 training time: 8.961179733276367
Epoch 130: Train MSE 0.0035, Validation MSE 0.0041
Epoch 130 training time: 9.20631742477417
Epoch 131: Train MSE 0.0035, Validation MSE 0.0041
Epoch 131 training time: 9.572806596755981
Epoch 132: Train MSE 0.0035, Validation MSE 0.0041
Epoch 132 training time: 60.60631799697876
Epoch 133: Train MSE 0.0035, Validation MSE 0.0041
Epoch 133 training time: 21.256275177001953
Epoch 134: Train MSE 0.0035, Validation MSE 0.0041
Epoch 134 training time: 67.23505663871765
Epoch 135: Train MSE 0.0035, Validation MSE 0.0041
Epoch 135 training time: 85.26647806167603
Epoch 136: Train MSE 0.0035, Validation MSE 0.0041
Epoch 136 training time: 74.50272536277771
Epoch 137: Train MSE 0.0035, Validation MSE 0.0041
Epoch 137 training time: 80.57150053977966
Epoch 138: Train MSE 0.0035, Validation MSE 0.0040
Epoch 138 training time: 25.665445804595947
Epoch 139: Train MSE 0.0034, Validation MSE 0.0040
Epoch 139 training time: 15.847100496292114
Epoch 140: Train MSE 0.0034, Validation MSE 0.0040
Epoch 140 training time: 10.429845571517944
Epoch 141: Train MSE 0.0034, Validation MSE 0.0041
Epoch 141 training time: 68.89897966384888
Epoch 142: Train MSE 0.0034, Validation MSE 0.0040
Epoch 142 training time: 97.58821249008179
Epoch 143: Train MSE 0.0034, Validation MSE 0.0041
Epoch 143 training time: 50.1011118888855
Epoch 144: Train MSE 0.0034, Validation MSE 0.0040
Epoch 144 training time: 58.08149170875549
Epoch 145: Train MSE 0.0034, Validation MSE 0.0040
Epoch 145 training time: 28.255761861801147
Epoch 146: Train MSE 0.0034, Validation MSE 0.0040
Epoch 146 training time: 49.46794629096985
Epoch 147: Train MSE 0.0034, Validation MSE 0.0040
Epoch 147 training time: 65.95022916793823
Epoch 148: Train MSE 0.0034, Validation MSE 0.0040
Epoch 148 training time: 94.9648027420044
Epoch 149: Train MSE 0.0034, Validation MSE 0.0040
Epoch 149 training time: 31.150614500045776
