/home/gsm0197/sralab_working/lstm_BigData/trial9/jt1_vel/lstm.py:46: UserWarning: Creating a tensor from a list of numpy.ndarrays is extremely slow. Please consider converting the list to a single numpy.ndarray with numpy.array() before converting to a tensor. (Triggered internally at /pytorch/torch/csrc/utils/tensor_new.cpp:254.)
  return torch.tensor(X, dtype=torch.float32), torch.tensor(y, dtype=torch.float32)
Using device: cuda
Training data shape: (3440201, 19)
Validation data shape: (982916, 19)
torch.Size([3440151, 50, 8]) torch.Size([3440151, 50, 1])
torch.Size([982866, 50, 8]) torch.Size([982866, 50, 1])
Epoch 0: Train MSE 0.2761, Validation MSE 0.1347
Epoch 0 training time: 46.14784073829651
Epoch 1: Train MSE 0.0966, Validation MSE 0.1138
Epoch 1 training time: 46.47709512710571
Epoch 2: Train MSE 0.0840, Validation MSE 0.1043
Epoch 2 training time: 38.942622423172
Epoch 3: Train MSE 0.0784, Validation MSE 0.0998
Epoch 3 training time: 36.799922704696655
Epoch 4: Train MSE 0.0751, Validation MSE 0.0970
Epoch 4 training time: 37.06211733818054
Epoch 5: Train MSE 0.0726, Validation MSE 0.0949
Epoch 5 training time: 37.0916953086853
Epoch 6: Train MSE 0.0706, Validation MSE 0.0937
Epoch 6 training time: 36.879995822906494
Epoch 7: Train MSE 0.0691, Validation MSE 0.0918
Epoch 7 training time: 37.08874225616455
Epoch 8: Train MSE 0.0679, Validation MSE 0.0911
Epoch 8 training time: 36.93710398674011
Epoch 9: Train MSE 0.0670, Validation MSE 0.0904
Epoch 9 training time: 37.02417588233948
Epoch 10: Train MSE 0.0663, Validation MSE 0.0898
Epoch 10 training time: 37.13109540939331
Epoch 11: Train MSE 0.0656, Validation MSE 0.0897
Epoch 11 training time: 36.88553309440613
Epoch 12: Train MSE 0.0650, Validation MSE 0.0888
Epoch 12 training time: 37.13212275505066
Epoch 13: Train MSE 0.0645, Validation MSE 0.0878
Epoch 13 training time: 36.97227334976196
Epoch 14: Train MSE 0.0640, Validation MSE 0.0877
Epoch 14 training time: 37.050474882125854
Epoch 15: Train MSE 0.0635, Validation MSE 0.0873
Epoch 15 training time: 37.0667839050293
Epoch 16: Train MSE 0.0631, Validation MSE 0.0873
Epoch 16 training time: 36.88880705833435
Epoch 17: Train MSE 0.0627, Validation MSE 0.0866
Epoch 17 training time: 37.12086033821106
Epoch 18: Train MSE 0.0623, Validation MSE 0.0865
Epoch 18 training time: 36.899091720581055
Epoch 19: Train MSE 0.0619, Validation MSE 0.0854
Epoch 19 training time: 36.71242427825928
Epoch 20: Train MSE 0.0616, Validation MSE 0.0862
Epoch 20 training time: 45.56529116630554
Epoch 21: Train MSE 0.0613, Validation MSE 0.0851
Epoch 21 training time: 45.936469316482544
Epoch 22: Train MSE 0.0610, Validation MSE 0.0852
Epoch 22 training time: 46.54152703285217
Epoch 23: Train MSE 0.0607, Validation MSE 0.0849
Epoch 23 training time: 46.127538204193115
Epoch 24: Train MSE 0.0605, Validation MSE 0.0849
Epoch 24 training time: 45.68226623535156
Epoch 25: Train MSE 0.0602, Validation MSE 0.0848
Epoch 25 training time: 45.74281573295593
Epoch 26: Train MSE 0.0600, Validation MSE 0.0851
Epoch 26 training time: 45.58237099647522
Epoch 27: Train MSE 0.0598, Validation MSE 0.0844
Epoch 27 training time: 46.62012219429016
Epoch 28: Train MSE 0.0596, Validation MSE 0.0841
Epoch 28 training time: 45.53708553314209
Epoch 29: Train MSE 0.0594, Validation MSE 0.0840
Epoch 29 training time: 45.73621678352356
Epoch 30: Train MSE 0.0592, Validation MSE 0.0835
Epoch 30 training time: 45.77900314331055
Epoch 31: Train MSE 0.0590, Validation MSE 0.0831
Epoch 31 training time: 46.715657234191895
Epoch 32: Train MSE 0.0588, Validation MSE 0.0835
Epoch 32 training time: 42.384658098220825
Epoch 33: Train MSE 0.0587, Validation MSE 0.0835
Epoch 33 training time: 37.03888773918152
Epoch 34: Train MSE 0.0585, Validation MSE 0.0835
Epoch 34 training time: 36.86171054840088
Epoch 35: Train MSE 0.0583, Validation MSE 0.0829
Epoch 35 training time: 37.021342277526855
Epoch 36: Train MSE 0.0582, Validation MSE 0.0833
Epoch 36 training time: 37.045703649520874
Epoch 37: Train MSE 0.0580, Validation MSE 0.0831
Epoch 37 training time: 36.89424228668213
Epoch 38: Train MSE 0.0579, Validation MSE 0.0827
Epoch 38 training time: 37.074448585510254
Epoch 39: Train MSE 0.0577, Validation MSE 0.0829
Epoch 39 training time: 37.09998273849487
Epoch 40: Train MSE 0.0576, Validation MSE 0.0829
Epoch 40 training time: 36.84392690658569
Epoch 41: Train MSE 0.0575, Validation MSE 0.0828
Epoch 41 training time: 37.08312511444092
Epoch 42: Train MSE 0.0573, Validation MSE 0.0824
Epoch 42 training time: 36.90203309059143
Epoch 43: Train MSE 0.0572, Validation MSE 0.0824
Epoch 43 training time: 46.87184000015259
Epoch 44: Train MSE 0.0571, Validation MSE 0.0820
Epoch 44 training time: 46.001508474349976
Epoch 45: Train MSE 0.0569, Validation MSE 0.0819
Epoch 45 training time: 46.033689975738525
Epoch 46: Train MSE 0.0568, Validation MSE 0.0814
Epoch 46 training time: 38.41599464416504
Epoch 47: Train MSE 0.0567, Validation MSE 0.0823
Epoch 47 training time: 37.130417823791504
Epoch 48: Train MSE 0.0566, Validation MSE 0.0820
Epoch 48 training time: 36.88218283653259
Epoch 49: Train MSE 0.0565, Validation MSE 0.0812
Epoch 49 training time: 37.17468023300171
Epoch 50: Train MSE 0.0564, Validation MSE 0.0818
Epoch 50 training time: 37.00093626976013
Epoch 51: Train MSE 0.0563, Validation MSE 0.0814
Epoch 51 training time: 38.53735375404358
Epoch 52: Train MSE 0.0562, Validation MSE 0.0813
Epoch 52 training time: 36.95119380950928
Epoch 53: Train MSE 0.0561, Validation MSE 0.0811
Epoch 53 training time: 36.89052748680115
Epoch 54: Train MSE 0.0560, Validation MSE 0.0813
Epoch 54 training time: 37.087952613830566
Epoch 55: Train MSE 0.0559, Validation MSE 0.0813
Epoch 55 training time: 37.02828621864319
Epoch 56: Train MSE 0.0558, Validation MSE 0.0814
Epoch 56 training time: 36.88075137138367
Epoch 57: Train MSE 0.0557, Validation MSE 0.0810
Epoch 57 training time: 37.03560972213745
Epoch 58: Train MSE 0.0556, Validation MSE 0.0803
Epoch 58 training time: 36.8947548866272
Epoch 59: Train MSE 0.0556, Validation MSE 0.0812
Epoch 59 training time: 37.1019287109375
Epoch 60: Train MSE 0.0555, Validation MSE 0.0810
Epoch 60 training time: 37.06175184249878
Epoch 61: Train MSE 0.0554, Validation MSE 0.0805
Epoch 61 training time: 36.815370321273804
Epoch 62: Train MSE 0.0553, Validation MSE 0.0807
Epoch 62 training time: 36.9944121837616
Epoch 63: Train MSE 0.0552, Validation MSE 0.0805
Epoch 63 training time: 36.95765423774719
Epoch 64: Train MSE 0.0552, Validation MSE 0.0805
Epoch 64 training time: 37.108757972717285
Epoch 65: Train MSE 0.0551, Validation MSE 0.0813
Epoch 65 training time: 37.111656188964844
Epoch 66: Train MSE 0.0550, Validation MSE 0.0808
Epoch 66 training time: 36.929624795913696
Epoch 67: Train MSE 0.0549, Validation MSE 0.0804
Epoch 67 training time: 37.09744429588318
Epoch 68: Train MSE 0.0549, Validation MSE 0.0800
Epoch 68 training time: 37.063891649246216
Epoch 69: Train MSE 0.0548, Validation MSE 0.0802
Epoch 69 training time: 36.86459922790527
Epoch 70: Train MSE 0.0547, Validation MSE 0.0802
Epoch 70 training time: 37.10430455207825
Epoch 71: Train MSE 0.0547, Validation MSE 0.0806
Epoch 71 training time: 36.95365905761719
Epoch 72: Train MSE 0.0546, Validation MSE 0.0804
Epoch 72 training time: 36.99076771736145
Epoch 73: Train MSE 0.0546, Validation MSE 0.0796
Epoch 73 training time: 37.138689041137695
Epoch 74: Train MSE 0.0545, Validation MSE 0.0796
Epoch 74 training time: 36.85283946990967
Epoch 75: Train MSE 0.0544, Validation MSE 0.0800
Epoch 75 training time: 37.08150315284729
Epoch 76: Train MSE 0.0544, Validation MSE 0.0800
Epoch 76 training time: 37.15719795227051
Epoch 77: Train MSE 0.0543, Validation MSE 0.0792
Epoch 77 training time: 40.70799922943115
Epoch 78: Train MSE 0.0543, Validation MSE 0.0796
Epoch 78 training time: 37.06560444831848
Epoch 79: Train MSE 0.0542, Validation MSE 0.0803
Epoch 79 training time: 36.908634662628174
Epoch 80: Train MSE 0.0541, Validation MSE 0.0802
Epoch 80 training time: 37.06908130645752
Epoch 81: Train MSE 0.0541, Validation MSE 0.0797
Epoch 81 training time: 37.09760880470276
Epoch 82: Train MSE 0.0540, Validation MSE 0.0798
Epoch 82 training time: 36.84697651863098
Epoch 83: Train MSE 0.0540, Validation MSE 0.0798
Epoch 83 training time: 37.088122844696045
Epoch 84: Train MSE 0.0539, Validation MSE 0.0800
Epoch 84 training time: 36.90289330482483
Epoch 85: Train MSE 0.0539, Validation MSE 0.0792
Epoch 85 training time: 36.922690868377686
Epoch 86: Train MSE 0.0538, Validation MSE 0.0791
Epoch 86 training time: 36.995736837387085
Epoch 87: Train MSE 0.0538, Validation MSE 0.0804
Epoch 87 training time: 36.86731958389282
Epoch 88: Train MSE 0.0537, Validation MSE 0.0793
Epoch 88 training time: 37.08109092712402
Epoch 89: Train MSE 0.0537, Validation MSE 0.0797
Epoch 89 training time: 37.077736139297485
Epoch 90: Train MSE 0.0536, Validation MSE 0.0798
Epoch 90 training time: 36.760061502456665
Epoch 91: Train MSE 0.0536, Validation MSE 0.0797
Epoch 91 training time: 36.986560344696045
Epoch 92: Train MSE 0.0535, Validation MSE 0.0797
Epoch 92 training time: 36.90791893005371
Epoch 93: Train MSE 0.0535, Validation MSE 0.0792
Epoch 93 training time: 36.97805690765381
Epoch 94: Train MSE 0.0534, Validation MSE 0.0791
Epoch 94 training time: 36.94609808921814
Epoch 95: Train MSE 0.0534, Validation MSE 0.0790
Epoch 95 training time: 46.54356813430786
Epoch 96: Train MSE 0.0533, Validation MSE 0.0795
Epoch 96 training time: 45.96637201309204
Epoch 97: Train MSE 0.0533, Validation MSE 0.0795
Epoch 97 training time: 46.57116770744324
Epoch 98: Train MSE 0.0533, Validation MSE 0.0792
Epoch 98 training time: 46.81474256515503
Epoch 99: Train MSE 0.0532, Validation MSE 0.0791
Epoch 99 training time: 38.33622741699219
Epoch 100: Train MSE 0.0532, Validation MSE 0.0793
Epoch 100 training time: 36.89252543449402
Epoch 101: Train MSE 0.0531, Validation MSE 0.0787
Epoch 101 training time: 37.08080792427063
Epoch 102: Train MSE 0.0531, Validation MSE 0.0796
Epoch 102 training time: 37.05772805213928
Epoch 103: Train MSE 0.0530, Validation MSE 0.0793
Epoch 103 training time: 36.888484477996826
Epoch 104: Train MSE 0.0530, Validation MSE 0.0788
Epoch 104 training time: 37.078009366989136
Epoch 105: Train MSE 0.0530, Validation MSE 0.0792
Epoch 105 training time: 37.0009491443634
Epoch 106: Train MSE 0.0529, Validation MSE 0.0786
Epoch 106 training time: 36.86066746711731
Epoch 107: Train MSE 0.0529, Validation MSE 0.0791
Epoch 107 training time: 37.064878940582275
Epoch 108: Train MSE 0.0528, Validation MSE 0.0786
Epoch 108 training time: 36.83733105659485
Epoch 109: Train MSE 0.0528, Validation MSE 0.0793
Epoch 109 training time: 37.04537081718445
Epoch 110: Train MSE 0.0528, Validation MSE 0.0790
Epoch 110 training time: 36.99816608428955
Epoch 111: Train MSE 0.0527, Validation MSE 0.0789
Epoch 111 training time: 36.82294845581055
Epoch 112: Train MSE 0.0527, Validation MSE 0.0788
Epoch 112 training time: 37.015523195266724
Epoch 113: Train MSE 0.0526, Validation MSE 0.0783
Epoch 113 training time: 36.90855431556702
Epoch 114: Train MSE 0.0526, Validation MSE 0.0787
Epoch 114 training time: 37.0299711227417
Epoch 115: Train MSE 0.0526, Validation MSE 0.0794
Epoch 115 training time: 36.96573448181152
Epoch 116: Train MSE 0.0525, Validation MSE 0.0787
Epoch 116 training time: 36.875396490097046
Epoch 117: Train MSE 0.0525, Validation MSE 0.0784
Epoch 117 training time: 37.773991107940674
Epoch 118: Train MSE 0.0524, Validation MSE 0.0782
Epoch 118 training time: 36.992228984832764
Epoch 119: Train MSE 0.0524, Validation MSE 0.0791
Epoch 119 training time: 36.836544036865234
Epoch 120: Train MSE 0.0524, Validation MSE 0.0784
Epoch 120 training time: 36.987361431121826
Epoch 121: Train MSE 0.0523, Validation MSE 0.0786
Epoch 121 training time: 44.15874695777893
Epoch 122: Train MSE 0.0523, Validation MSE 0.0792
Epoch 122 training time: 36.975492000579834
Epoch 123: Train MSE 0.0523, Validation MSE 0.0781
Epoch 123 training time: 37.01819467544556
Epoch 124: Train MSE 0.0522, Validation MSE 0.0787
Epoch 124 training time: 36.87851572036743
Epoch 125: Train MSE 0.0522, Validation MSE 0.0786
Epoch 125 training time: 36.96919560432434
Epoch 126: Train MSE 0.0522, Validation MSE 0.0787
Epoch 126 training time: 37.078685998916626
Epoch 127: Train MSE 0.0521, Validation MSE 0.0787
Epoch 127 training time: 36.87667393684387
Epoch 128: Train MSE 0.0521, Validation MSE 0.0780
Epoch 128 training time: 37.039912939071655
Epoch 129: Train MSE 0.0521, Validation MSE 0.0783
Epoch 129 training time: 36.88129425048828
Epoch 130: Train MSE 0.0520, Validation MSE 0.0782
Epoch 130 training time: 37.030574560165405
Epoch 131: Train MSE 0.0520, Validation MSE 0.0782
Epoch 131 training time: 37.06878662109375
Epoch 132: Train MSE 0.0520, Validation MSE 0.0780
Epoch 132 training time: 36.82357573509216
Epoch 133: Train MSE 0.0519, Validation MSE 0.0787
Epoch 133 training time: 37.039148807525635
Epoch 134: Train MSE 0.0519, Validation MSE 0.0779
Epoch 134 training time: 37.06453776359558
Epoch 135: Train MSE 0.0519, Validation MSE 0.0777
Epoch 135 training time: 36.8539035320282
Epoch 136: Train MSE 0.0518, Validation MSE 0.0786
Epoch 136 training time: 37.06459307670593
Epoch 137: Train MSE 0.0518, Validation MSE 0.0784
Epoch 137 training time: 36.924946784973145
Epoch 138: Train MSE 0.0518, Validation MSE 0.0788
Epoch 138 training time: 37.05001473426819
Epoch 139: Train MSE 0.0517, Validation MSE 0.0787
Epoch 139 training time: 37.08298325538635
Epoch 140: Train MSE 0.0517, Validation MSE 0.0783
Epoch 140 training time: 36.82501006126404
Epoch 141: Train MSE 0.0517, Validation MSE 0.0786
Epoch 141 training time: 37.05827283859253
Epoch 142: Train MSE 0.0516, Validation MSE 0.0785
Epoch 142 training time: 36.87049746513367
Epoch 143: Train MSE 0.0516, Validation MSE 0.0784
Epoch 143 training time: 37.04823660850525
Epoch 144: Train MSE 0.0516, Validation MSE 0.0789
Epoch 144 training time: 37.03582406044006
Epoch 145: Train MSE 0.0515, Validation MSE 0.0787
Epoch 145 training time: 36.90098237991333
Epoch 146: Train MSE 0.0515, Validation MSE 0.0786
Epoch 146 training time: 37.028350830078125
Epoch 147: Train MSE 0.0515, Validation MSE 0.0779
Epoch 147 training time: 37.034037828445435
Epoch 148: Train MSE 0.0515, Validation MSE 0.0783
Epoch 148 training time: 36.75506258010864
Epoch 149: Train MSE 0.0514, Validation MSE 0.0780
Epoch 149 training time: 37.05622911453247
