nohup: ignoring input
/home/gsm0197/sralab_working/lstm_4to4_BigData/trial1/lstm.py:150: DeprecationWarning: __array_wrap__ must accept context and return_scalar arguments (positionally) in the future. (Deprecated NumPy 2.0)
  train_rmse = np.sqrt(loss_fn(y_pred, y_train))
/home/gsm0197/sralab_working/lstm_4to4_BigData/trial1/lstm.py:152: DeprecationWarning: __array_wrap__ must accept context and return_scalar arguments (positionally) in the future. (Deprecated NumPy 2.0)
  valid_rmse = np.sqrt(loss_fn(y_pred, y_valid))
torch.Size([1141007, 50, 4]) torch.Size([1141007, 50, 4])
torch.Size([156023, 50, 4]) torch.Size([156023, 50, 4])
Epoch 0: Train RMSE 0.0637, valid RMSE 0.1658
Epoch 1: Train RMSE 0.0567, valid RMSE 0.1678
Epoch 2: Train RMSE 0.0550, valid RMSE 0.1671
Epoch 3: Train RMSE 0.0542, valid RMSE 0.1650
Epoch 4: Train RMSE 0.0516, valid RMSE 0.1681
Epoch 5: Train RMSE 0.0507, valid RMSE 0.1659
Epoch 6: Train RMSE 0.0505, valid RMSE 0.1635
Epoch 7: Train RMSE 0.0491, valid RMSE 0.1650
Epoch 8: Train RMSE 0.0489, valid RMSE 0.1592
Epoch 9: Train RMSE 0.0482, valid RMSE 0.1631
Epoch 10: Train RMSE 0.0477, valid RMSE 0.1595
Epoch 11: Train RMSE 0.0473, valid RMSE 0.1608
Epoch 12: Train RMSE 0.0477, valid RMSE 0.1583
Epoch 13: Train RMSE 0.0472, valid RMSE 0.1607
Epoch 14: Train RMSE 0.0468, valid RMSE 0.1599
Epoch 15: Train RMSE 0.0465, valid RMSE 0.1577
Epoch 16: Train RMSE 0.0467, valid RMSE 0.1619
Epoch 17: Train RMSE 0.0464, valid RMSE 0.1616
Epoch 18: Train RMSE 0.0458, valid RMSE 0.1616
Epoch 19: Train RMSE 0.0460, valid RMSE 0.1614
Epoch 20: Train RMSE 0.0465, valid RMSE 0.1603
Epoch 21: Train RMSE 0.0464, valid RMSE 0.1635
Epoch 22: Train RMSE 0.0457, valid RMSE 0.1613
Epoch 23: Train RMSE 0.0458, valid RMSE 0.1604
Epoch 24: Train RMSE 0.0451, valid RMSE 0.1603
Epoch 25: Train RMSE 0.0452, valid RMSE 0.1605
Epoch 26: Train RMSE 0.0548, valid RMSE 0.1563
Epoch 27: Train RMSE 0.0453, valid RMSE 0.1621
Epoch 28: Train RMSE 0.0450, valid RMSE 0.1598
Epoch 29: Train RMSE 0.0449, valid RMSE 0.1617
Epoch 30: Train RMSE 0.0449, valid RMSE 0.1616
Epoch 31: Train RMSE 0.0454, valid RMSE 0.1627
Epoch 32: Train RMSE 0.0449, valid RMSE 0.1622
Epoch 33: Train RMSE 0.0445, valid RMSE 0.1609
Epoch 34: Train RMSE 0.0445, valid RMSE 0.1627
Epoch 35: Train RMSE 0.0443, valid RMSE 0.1599
Epoch 36: Train RMSE 0.0452, valid RMSE 0.1603
Epoch 37: Train RMSE 0.0446, valid RMSE 0.1597
Epoch 38: Train RMSE 0.0443, valid RMSE 0.1629
Epoch 39: Train RMSE 0.0446, valid RMSE 0.1645
Epoch 40: Train RMSE 0.0441, valid RMSE 0.1615
Epoch 41: Train RMSE 0.0440, valid RMSE 0.1646
Epoch 42: Train RMSE 0.0439, valid RMSE 0.1627
Epoch 43: Train RMSE 0.0443, valid RMSE 0.1603
Epoch 44: Train RMSE 0.0442, valid RMSE 0.1600
Epoch 45: Train RMSE 0.0441, valid RMSE 0.1637
Epoch 46: Train RMSE 0.0435, valid RMSE 0.1614
Epoch 47: Train RMSE 0.0437, valid RMSE 0.1607
Epoch 48: Train RMSE 0.0469, valid RMSE 0.1601
Epoch 49: Train RMSE 0.0437, valid RMSE 0.1627
Epoch 50: Train RMSE 0.0435, valid RMSE 0.1622
Epoch 51: Train RMSE 0.0446, valid RMSE 0.1626
Epoch 52: Train RMSE 0.0438, valid RMSE 0.1613
Epoch 53: Train RMSE 0.0437, valid RMSE 0.1623
Epoch 54: Train RMSE 0.0436, valid RMSE 0.1629
Epoch 55: Train RMSE 0.0435, valid RMSE 0.1612
Epoch 56: Train RMSE 0.0439, valid RMSE 0.1610
Epoch 57: Train RMSE 0.0435, valid RMSE 0.1631
Epoch 58: Train RMSE 0.0435, valid RMSE 0.1639
Epoch 59: Train RMSE 0.0435, valid RMSE 0.1589
Epoch 60: Train RMSE 0.0433, valid RMSE 0.1637
Epoch 61: Train RMSE 0.0433, valid RMSE 0.1612
Epoch 62: Train RMSE 0.0433, valid RMSE 0.1644
Epoch 63: Train RMSE 0.0432, valid RMSE 0.1646
Epoch 64: Train RMSE 0.0435, valid RMSE 0.1630
Epoch 65: Train RMSE 0.0439, valid RMSE 0.1646
Epoch 66: Train RMSE 0.0431, valid RMSE 0.1645
Epoch 67: Train RMSE 0.0432, valid RMSE 0.1639
Epoch 68: Train RMSE 0.0432, valid RMSE 0.1644
Epoch 69: Train RMSE 0.0444, valid RMSE 0.1619
Epoch 70: Train RMSE 0.0432, valid RMSE 0.1647
Epoch 71: Train RMSE 0.0440, valid RMSE 0.1631
Epoch 72: Train RMSE 0.0429, valid RMSE 0.1645
Epoch 73: Train RMSE 0.0432, valid RMSE 0.1661
Epoch 74: Train RMSE 0.0432, valid RMSE 0.1633
Epoch 75: Train RMSE 0.0434, valid RMSE 0.1666
Epoch 76: Train RMSE 0.0430, valid RMSE 0.1643
Epoch 77: Train RMSE 0.0433, valid RMSE 0.1631
Epoch 78: Train RMSE 0.0438, valid RMSE 0.1691
Epoch 79: Train RMSE 0.0431, valid RMSE 0.1645
Epoch 80: Train RMSE 0.0431, valid RMSE 0.1672
Epoch 81: Train RMSE 0.0433, valid RMSE 0.1657
Epoch 82: Train RMSE 0.0430, valid RMSE 0.1665
Epoch 83: Train RMSE 0.0435, valid RMSE 0.1646
Epoch 84: Train RMSE 0.0429, valid RMSE 0.1634
Epoch 85: Train RMSE 0.0432, valid RMSE 0.1667
Epoch 86: Train RMSE 0.0426, valid RMSE 0.1657
Epoch 87: Train RMSE 0.0431, valid RMSE 0.1666
Epoch 88: Train RMSE 0.0430, valid RMSE 0.1645
Epoch 89: Train RMSE 0.0429, valid RMSE 0.1675
Epoch 90: Train RMSE 0.0426, valid RMSE 0.1656
Epoch 91: Train RMSE 0.0427, valid RMSE 0.1648
Epoch 92: Train RMSE 0.0428, valid RMSE 0.1666
Epoch 93: Train RMSE 0.0427, valid RMSE 0.1631
Epoch 94: Train RMSE 0.0428, valid RMSE 0.1638
Epoch 95: Train RMSE 0.0429, valid RMSE 0.1645
Epoch 96: Train RMSE 0.0431, valid RMSE 0.1645
Epoch 97: Train RMSE 0.0427, valid RMSE 0.1625
Epoch 98: Train RMSE 0.0426, valid RMSE 0.1652
Epoch 99: Train RMSE 0.0431, valid RMSE 0.1652
Epoch 100: Train RMSE 0.0425, valid RMSE 0.1648
Epoch 101: Train RMSE 0.0425, valid RMSE 0.1657
Epoch 102: Train RMSE 0.0426, valid RMSE 0.1657
Epoch 103: Train RMSE 0.0430, valid RMSE 0.1637
Epoch 104: Train RMSE 0.0427, valid RMSE 0.1625
Epoch 105: Train RMSE 0.0426, valid RMSE 0.1643
Epoch 106: Train RMSE 0.0429, valid RMSE 0.1679
Epoch 107: Train RMSE 0.0439, valid RMSE 0.1626
Epoch 108: Train RMSE 0.0425, valid RMSE 0.1636
Epoch 109: Train RMSE 0.0426, valid RMSE 0.1646
Epoch 110: Train RMSE 0.0427, valid RMSE 0.1646
Epoch 111: Train RMSE 0.0426, valid RMSE 0.1634
Epoch 112: Train RMSE 0.0427, valid RMSE 0.1642
Epoch 113: Train RMSE 0.0425, valid RMSE 0.1641
Epoch 114: Train RMSE 0.0427, valid RMSE 0.1639
Epoch 115: Train RMSE 0.0428, valid RMSE 0.1646
Epoch 116: Train RMSE 0.0426, valid RMSE 0.1662
Epoch 117: Train RMSE 0.0422, valid RMSE 0.1641
Epoch 118: Train RMSE 0.0427, valid RMSE 0.1654
Epoch 119: Train RMSE 0.0428, valid RMSE 0.1636
Epoch 120: Train RMSE 0.0424, valid RMSE 0.1640
Epoch 121: Train RMSE 0.0426, valid RMSE 0.1630
Epoch 122: Train RMSE 0.0429, valid RMSE 0.1657
Epoch 123: Train RMSE 0.0426, valid RMSE 0.1619
Epoch 124: Train RMSE 0.0424, valid RMSE 0.1638
Epoch 125: Train RMSE 0.0423, valid RMSE 0.1636
Epoch 126: Train RMSE 0.0472, valid RMSE 0.1637
Epoch 127: Train RMSE 0.0432, valid RMSE 0.1627
Epoch 128: Train RMSE 0.0425, valid RMSE 0.1628
Epoch 129: Train RMSE 0.0424, valid RMSE 0.1633
Epoch 130: Train RMSE 0.0429, valid RMSE 0.1642
Epoch 131: Train RMSE 0.0423, valid RMSE 0.1649
Epoch 132: Train RMSE 0.0424, valid RMSE 0.1623
Epoch 133: Train RMSE 0.0423, valid RMSE 0.1641
Epoch 134: Train RMSE 0.0423, valid RMSE 0.1631
Epoch 135: Train RMSE 0.0424, valid RMSE 0.1642
Epoch 136: Train RMSE 0.0423, valid RMSE 0.1648
Epoch 137: Train RMSE 0.0425, valid RMSE 0.1660
Epoch 138: Train RMSE 0.0499, valid RMSE 0.1628
Epoch 139: Train RMSE 0.0445, valid RMSE 0.1652
Epoch 140: Train RMSE 0.0423, valid RMSE 0.1631
Epoch 141: Train RMSE 0.0426, valid RMSE 0.1646
Epoch 142: Train RMSE 0.0422, valid RMSE 0.1643
Epoch 143: Train RMSE 0.0423, valid RMSE 0.1632
Epoch 144: Train RMSE 0.0420, valid RMSE 0.1636
Epoch 145: Train RMSE 0.0425, valid RMSE 0.1633
Epoch 146: Train RMSE 0.0422, valid RMSE 0.1626
Epoch 147: Train RMSE 0.0421, valid RMSE 0.1646
Epoch 148: Train RMSE 0.1150, valid RMSE 0.2114
Epoch 149: Train RMSE 0.1278, valid RMSE 0.2072
Epoch 150: Train RMSE 0.1598, valid RMSE 0.2206
Epoch 151: Train RMSE 0.1382, valid RMSE 0.2173
Epoch 152: Train RMSE 0.0879, valid RMSE 0.1880
Epoch 153: Train RMSE 0.0700, valid RMSE 0.1651
Epoch 154: Train RMSE 0.0533, valid RMSE 0.1689
Epoch 155: Train RMSE 0.0496, valid RMSE 0.1598
Epoch 156: Train RMSE 0.0471, valid RMSE 0.1629
Epoch 157: Train RMSE 0.0459, valid RMSE 0.1587
Epoch 158: Train RMSE 0.0454, valid RMSE 0.1581
Epoch 159: Train RMSE 0.0450, valid RMSE 0.1587
Epoch 160: Train RMSE 0.0446, valid RMSE 0.1587
Epoch 161: Train RMSE 0.0444, valid RMSE 0.1603
Epoch 162: Train RMSE 0.0442, valid RMSE 0.1582
Epoch 163: Train RMSE 0.0439, valid RMSE 0.1594
Epoch 164: Train RMSE 0.0437, valid RMSE 0.1606
Epoch 165: Train RMSE 0.0436, valid RMSE 0.1584
Epoch 166: Train RMSE 0.0434, valid RMSE 0.1599
Epoch 167: Train RMSE 0.0435, valid RMSE 0.1584
Epoch 168: Train RMSE 0.0433, valid RMSE 0.1600
Epoch 169: Train RMSE 0.0432, valid RMSE 0.1591
Epoch 170: Train RMSE 0.0448, valid RMSE 0.1568
Epoch 171: Train RMSE 0.0431, valid RMSE 0.1590
Epoch 172: Train RMSE 0.0428, valid RMSE 0.1609
Epoch 173: Train RMSE 0.0429, valid RMSE 0.1593
Epoch 174: Train RMSE 0.0431, valid RMSE 0.1589
Epoch 175: Train RMSE 0.0429, valid RMSE 0.1598
Epoch 176: Train RMSE 0.0428, valid RMSE 0.1622
Epoch 177: Train RMSE 0.0427, valid RMSE 0.1594
Epoch 178: Train RMSE 0.0428, valid RMSE 0.1601
Epoch 179: Train RMSE 0.0427, valid RMSE 0.1613
Epoch 180: Train RMSE 0.0426, valid RMSE 0.1615
Epoch 181: Train RMSE 0.0429, valid RMSE 0.1608
Epoch 182: Train RMSE 0.0426, valid RMSE 0.1600
Epoch 183: Train RMSE 0.0428, valid RMSE 0.1595
Epoch 184: Train RMSE 0.0426, valid RMSE 0.1632
Epoch 185: Train RMSE 0.0426, valid RMSE 0.1611
Epoch 186: Train RMSE 0.0423, valid RMSE 0.1618
Epoch 187: Train RMSE 0.0426, valid RMSE 0.1604
Epoch 188: Train RMSE 0.0424, valid RMSE 0.1639
Epoch 189: Train RMSE 0.0431, valid RMSE 0.1624
Epoch 190: Train RMSE 0.0423, valid RMSE 0.1635
Epoch 191: Train RMSE 0.0424, valid RMSE 0.1624
Epoch 192: Train RMSE 0.0421, valid RMSE 0.1631
Epoch 193: Train RMSE 0.0421, valid RMSE 0.1619
Epoch 194: Train RMSE 0.0421, valid RMSE 0.1638
Epoch 195: Train RMSE 0.0429, valid RMSE 0.1622
Epoch 196: Train RMSE 0.0424, valid RMSE 0.1628
Epoch 197: Train RMSE 0.0427, valid RMSE 0.1637
Epoch 198: Train RMSE 0.0422, valid RMSE 0.1619
Epoch 199: Train RMSE 0.0424, valid RMSE 0.1640
Traceback (most recent call last):
  File "/home/gsm0197/sralab_working/lstm_4to4_BigData/trial1/lstm.py", line 195, in <module>
    valid_pred[lookback:valid_size] = valid_predictions
    ~~~~~~~~~~^^^^^^^^^^^^^^^^^^^^^
ValueError: could not broadcast input array from shape (624092,) into shape (156023,)
